#
# There is insufficient memory for the Java Runtime Environment to continue.
# Native memory allocation (malloc) failed to allocate 32744 bytes for ChunkPool::allocate
# Possible reasons:
#   The system is out of physical RAM or swap space
#   The process is running with CompressedOops enabled, and the Java Heap may be blocking the growth of the native heap
# Possible solutions:
#   Reduce memory load on the system
#   Increase physical memory or swap space
#   Check if swap backing store is full
#   Decrease Java heap size (-Xmx/-Xms)
#   Decrease number of Java threads
#   Decrease Java thread stack sizes (-Xss)
#   Set larger code cache with -XX:ReservedCodeCacheSize=
#   JVM is running with Unscaled Compressed Oops mode in which the Java heap is
#     placed in the first 4GB address space. The Java Heap base address is the
#     maximum limit for the native heap growth. Please use -XX:HeapBaseMinAddress
#     to set the Java Heap base and to place the Java Heap above 4GB virtual address.
# This output file may be truncated or incomplete.
#
#  Out of Memory Error (./src/hotspot/share/memory/arena.cpp:81), pid=7204, tid=2548
#
# JRE version: OpenJDK Runtime Environment (11.0.8+10) (build 11.0.8+10-b944.6842174)
# Java VM: OpenJDK 64-Bit Server VM (11.0.8+10-b944.6842174, mixed mode, tiered, compressed oops, g1 gc, windows-amd64)
# No core dump will be written. Minidumps are not enabled by default on client versions of Windows
#

---------------  S U M M A R Y ------------

Command Line: -XX:MaxMetaspaceSize=256m -XX:+HeapDumpOnOutOfMemoryError --add-opens=java.base/java.util=ALL-UNNAMED --add-opens=java.base/java.lang=ALL-UNNAMED --add-opens=java.base/java.lang.invoke=ALL-UNNAMED --add-opens=java.prefs/java.util.prefs=ALL-UNNAMED -Xms256m -Xmx512m -Dfile.encoding=windows-1252 -Duser.country=US -Duser.language=en -Duser.variant org.gradle.launcher.daemon.bootstrap.GradleDaemon 6.9

Host: Intel(R) Core(TM) i5-4300M CPU @ 2.60GHz, 4 cores, 7G,  Windows 10 , 64 bit Build 19041 (10.0.19041.1151)
Time: Sat Sep 11 02:33:17 2021 Pakistan Standard Time elapsed time: 141 seconds (0d 0h 2m 21s)

---------------  T H R E A D  ---------------

Current thread (0x0000010f6af13000):  JavaThread "C2 CompilerThread0" daemon [_thread_in_native, id=2548, stack(0x00000007d4f00000,0x00000007d5000000)]


Current CompileTask:
C2: 141117 5597       4       org.gradle.internal.snapshot.PathUtil::compareCharsIgnoringCase (46 bytes)

Stack: [0x00000007d4f00000,0x00000007d5000000]
Native frames: (J=compiled Java code, j=interpreted, Vv=VM code, C=native code)
V  [jvm.dll+0x5de50a]
V  [jvm.dll+0x7122f5]
V  [jvm.dll+0x71384d]
V  [jvm.dll+0x713f03]
V  [jvm.dll+0x23e728]
V  [jvm.dll+0xb8beb]
V  [jvm.dll+0xb8e9c]
V  [jvm.dll+0x23f260]
V  [jvm.dll+0x1f7cda]
V  [jvm.dll+0x1f630b]
V  [jvm.dll+0x17f32c]
V  [jvm.dll+0x205047]
V  [jvm.dll+0x203891]
V  [jvm.dll+0x6dad3f]
V  [jvm.dll+0x6d3895]
V  [jvm.dll+0x5dd4a6]
C  [ucrtbase.dll+0x21bb2]
C  [KERNEL32.DLL+0x17034]
C  [ntdll.dll+0x52651]


---------------  P R O C E S S  ---------------

Threads class SMR info:
_java_thread_list=0x0000010f6dce0310, length=91, elements={
0x0000010f54649800, 0x0000010f6aef1000, 0x0000010f6aef4800, 0x0000010f6af0f000,
0x0000010f6af0f800, 0x0000010f6af13000, 0x0000010f6af1b000, 0x0000010f6af25000,
0x0000010f6b9d2000, 0x0000010f6b9e1800, 0x0000010f6d43a800, 0x0000010f6d23d800,
0x0000010f6d4f7800, 0x0000010f6ce6b800, 0x0000010f6ce6c800, 0x0000010f6d0d5000,
0x0000010f6d165000, 0x0000010f6d232800, 0x0000010f6c82a000, 0x0000010f6bbe1800,
0x0000010f6bbe2800, 0x0000010f6bbde000, 0x0000010f6bbdf000, 0x0000010f6f6a5000,
0x0000010f6f69f000, 0x0000010f6f6a3800, 0x0000010f6ed75800, 0x0000010f6ed79800,
0x0000010f6ed78000, 0x0000010f6ed7a800, 0x0000010f6ed7b800, 0x0000010f6ed7c000,
0x0000010f6ed76800, 0x0000010f6ed7d000, 0x0000010f6ed79000, 0x0000010f6ed7f800,
0x0000010f6ed82000, 0x0000010f6ed7e800, 0x0000010f6ed83800, 0x0000010f6ed80000,
0x0000010f6ed7e000, 0x0000010f6ed82800, 0x0000010f6ed81000, 0x0000010f6ed84800,
0x0000010f6f697000, 0x0000010f6f69c000, 0x0000010f6f698800, 0x0000010f6f69a800,
0x0000010f6f698000, 0x0000010f6f696000, 0x0000010f6f69c800, 0x0000010f6f699800,
0x0000010f6f69d800, 0x0000010f6f6a0000, 0x0000010f6f69e800, 0x0000010f6f69b000,
0x0000010f6f6a2800, 0x0000010f6f6a1800, 0x0000010f6f6a4000, 0x0000010f6f6a1000,
0x0000010f6bbe0000, 0x0000010f6bbdd800, 0x0000010f6bbe0800, 0x0000010f6bbdc800,
0x0000010f6bbe3000, 0x0000010f6f6ac000, 0x0000010f6f6a6000, 0x0000010f6f6a9800,
0x0000010f6f6a8800, 0x0000010f6f6aa800, 0x0000010f6f6ab000, 0x0000010f6f6a7000,
0x0000010f6f6ac800, 0x0000010f6f6ad800, 0x0000010f6f6a8000, 0x0000010f6f6ae800,
0x0000010f6f6b2800, 0x0000010f6f6b1800, 0x0000010f6f6b1000, 0x0000010f6f6b3800,
0x0000010f6f6b4000, 0x0000010f6f6b5000, 0x0000010f6f6af000, 0x0000010f6f6b0000,
0x0000010f6be62800, 0x0000010f6be5f800, 0x0000010f6be5e800, 0x0000010f6be60800,
0x0000010f6be62000, 0x0000010f6be61000, 0x0000010f6be63800
}

Java Threads: ( => current thread )
  0x0000010f54649800 JavaThread "main" [_thread_blocked, id=5624, stack(0x00000007d4400000,0x00000007d4500000)]
  0x0000010f6aef1000 JavaThread "Reference Handler" daemon [_thread_blocked, id=11148, stack(0x00000007d4b00000,0x00000007d4c00000)]
  0x0000010f6aef4800 JavaThread "Finalizer" daemon [_thread_blocked, id=6776, stack(0x00000007d4c00000,0x00000007d4d00000)]
  0x0000010f6af0f000 JavaThread "Signal Dispatcher" daemon [_thread_blocked, id=2760, stack(0x00000007d4d00000,0x00000007d4e00000)]
  0x0000010f6af0f800 JavaThread "Attach Listener" daemon [_thread_blocked, id=940, stack(0x00000007d4e00000,0x00000007d4f00000)]
=>0x0000010f6af13000 JavaThread "C2 CompilerThread0" daemon [_thread_in_native, id=2548, stack(0x00000007d4f00000,0x00000007d5000000)]
  0x0000010f6af1b000 JavaThread "C1 CompilerThread0" daemon [_thread_blocked, id=2160, stack(0x00000007d5000000,0x00000007d5100000)]
  0x0000010f6af25000 JavaThread "Sweeper thread" daemon [_thread_blocked, id=12008, stack(0x00000007d5100000,0x00000007d5200000)]
  0x0000010f6b9d2000 JavaThread "Common-Cleaner" daemon [_thread_blocked, id=8488, stack(0x00000007d5200000,0x00000007d5300000)]
  0x0000010f6b9e1800 JavaThread "Service Thread" daemon [_thread_blocked, id=9748, stack(0x00000007d5300000,0x00000007d5400000)]
  0x0000010f6d43a800 JavaThread "Daemon health stats" [_thread_blocked, id=12356, stack(0x00000007d5900000,0x00000007d5a00000)]
  0x0000010f6d23d800 JavaThread "Incoming local TCP Connector on port 13941" [_thread_in_native, id=8160, stack(0x00000007d5800000,0x00000007d5900000)]
  0x0000010f6d4f7800 JavaThread "Daemon periodic checks" [_thread_blocked, id=1804, stack(0x00000007d5a00000,0x00000007d5b00000)]
  0x0000010f6ce6b800 JavaThread "Daemon" [_thread_blocked, id=13036, stack(0x00000007d5b00000,0x00000007d5c00000)]
  0x0000010f6ce6c800 JavaThread "Handler for socket connection from /127.0.0.1:13941 to /127.0.0.1:13942" [_thread_in_native, id=11540, stack(0x00000007d5c00000,0x00000007d5d00000)]
  0x0000010f6d0d5000 JavaThread "Cancel handler" [_thread_blocked, id=9232, stack(0x00000007d5d00000,0x00000007d5e00000)]
  0x0000010f6d165000 JavaThread "Daemon worker" [_thread_blocked, id=13152, stack(0x00000007d5e00000,0x00000007d5f00000)]
  0x0000010f6d232800 JavaThread "Asynchronous log dispatcher for DefaultDaemonConnection: socket connection from /127.0.0.1:13941 to /127.0.0.1:13942" [_thread_blocked, id=1872, stack(0x00000007d5f00000,0x00000007d6000000)]
  0x0000010f6c82a000 JavaThread "Daemon client event forwarder" [_thread_blocked, id=1100, stack(0x00000007d6100000,0x00000007d6200000)]
  0x0000010f6bbe1800 JavaThread "Cache worker for file hash cache (C:\Users\Malikzain\.gradle\caches\6.9\fileHashes)" [_thread_blocked, id=7192, stack(0x00000007d6200000,0x00000007d6300000)]
  0x0000010f6bbe2800 JavaThread "File lock request listener" [_thread_in_native, id=8600, stack(0x00000007d6300000,0x00000007d6400000)]
  0x0000010f6bbde000 JavaThread "Cache worker for journal cache (C:\Users\Malikzain\.gradle\caches\journal-1)" [_thread_blocked, id=8728, stack(0x00000007d6400000,0x00000007d6500000)]
  0x0000010f6bbdf000 JavaThread "Cache worker for file hash cache (F:\My all University Documents\6th Semester\Mobile Application Development\Lecture code\LoginApp\android\.gradle\6.9\fileHashes)" [_thread_blocked, id=4532, stack(0x00000007d6600000,0x00000007d6700000)]
  0x0000010f6f6a5000 JavaThread "Cache worker for checksums cache (F:\My all University Documents\6th Semester\Mobile Application Development\Lecture code\LoginApp\android\.gradle\checksums)" [_thread_blocked, id=11736, stack(0x00000007d6500000,0x00000007d6600000)]
  0x0000010f6f69f000 JavaThread "Cache worker for cache directory md-supplier (C:\Users\Malikzain\.gradle\caches\6.9\md-supplier)" [_thread_blocked, id=9380, stack(0x00000007d7c00000,0x00000007d7d00000)]
  0x0000010f6f6a3800 JavaThread "Cache worker for cache directory md-rule (C:\Users\Malikzain\.gradle\caches\6.9\md-rule)" [_thread_blocked, id=8424, stack(0x00000007d7d00000,0x00000007d7e00000)]
  0x0000010f6ed75800 JavaThread "Cache worker for execution history cache (C:\Users\Malikzain\.gradle\caches\6.9\executionHistory)" [_thread_blocked, id=7828, stack(0x00000007d7e00000,0x00000007d7f00000)]
  0x0000010f6ed79800 JavaThread "Cache worker for file content cache (C:\Users\Malikzain\.gradle\caches\6.9\fileContent)" [_thread_blocked, id=12480, stack(0x00000007d7f00000,0x00000007d8000000)]
  0x0000010f6ed78000 JavaThread "Cache worker for Build Output Cleanup Cache (F:\My all University Documents\6th Semester\Mobile Application Development\Lecture code\LoginApp\android\.gradle\buildOutputCleanup)" [_thread_blocked, id=3520, stack(0x00000007d4100000,0x00000007d4200000)]
  0x0000010f6ed7a800 JavaThread "jar transforms Thread 22" [_thread_blocked, id=7584, stack(0x00000007d4200000,0x00000007d4300000)]
  0x0000010f6ed7b800 JavaThread "Build operations" [_thread_blocked, id=7108, stack(0x00000007d4300000,0x00000007d4400000)]
  0x0000010f6ed7c000 JavaThread "Build operations Thread 2" [_thread_blocked, id=6280, stack(0x00000007d6000000,0x00000007d6100000)]
  0x0000010f6ed76800 JavaThread "Build operations Thread 3" [_thread_blocked, id=8556, stack(0x00000007d6700000,0x00000007d6800000)]
  0x0000010f6ed7d000 JavaThread "Build operations Thread 4" [_thread_blocked, id=5076, stack(0x00000007d6800000,0x00000007d6900000)]
  0x0000010f6ed79000 JavaThread "jar transforms Thread 23" [_thread_blocked, id=9540, stack(0x00000007d6900000,0x00000007d6a00000)]
  0x0000010f6ed7f800 JavaThread "jar transforms Thread 24" [_thread_blocked, id=5840, stack(0x00000007d6a00000,0x00000007d6b00000)]
  0x0000010f6ed82000 JavaThread "jar transforms Thread 25" [_thread_blocked, id=2180, stack(0x00000007d6b00000,0x00000007d6c00000)]
  0x0000010f6ed7e800 JavaThread "jar transforms Thread 26" [_thread_blocked, id=5728, stack(0x00000007d6c00000,0x00000007d6d00000)]
  0x0000010f6ed83800 JavaThread "jar transforms Thread 27" [_thread_blocked, id=9516, stack(0x00000007d6d00000,0x00000007d6e00000)]
  0x0000010f6ed80000 JavaThread "jar transforms Thread 28" [_thread_blocked, id=5424, stack(0x00000007d6e00000,0x00000007d6f00000)]
  0x0000010f6ed7e000 JavaThread "jar transforms Thread 29" [_thread_blocked, id=10060, stack(0x00000007d6f00000,0x00000007d7000000)]
  0x0000010f6ed82800 JavaThread "jar transforms Thread 30" [_thread_blocked, id=1688, stack(0x00000007d7000000,0x00000007d7100000)]
  0x0000010f6ed81000 JavaThread "jar transforms Thread 31" [_thread_blocked, id=8068, stack(0x00000007d7100000,0x00000007d7200000)]
  0x0000010f6ed84800 JavaThread "jar transforms Thread 32" [_thread_blocked, id=4476, stack(0x00000007d7200000,0x00000007d7300000)]
  0x0000010f6f697000 JavaThread "jar transforms Thread 33" [_thread_blocked, id=1680, stack(0x00000007d7300000,0x00000007d7400000)]
  0x0000010f6f69c000 JavaThread "jar transforms Thread 34" [_thread_blocked, id=3444, stack(0x00000007d7400000,0x00000007d7500000)]
  0x0000010f6f698800 JavaThread "jar transforms Thread 35" [_thread_blocked, id=2280, stack(0x00000007d7500000,0x00000007d7600000)]
  0x0000010f6f69a800 JavaThread "jar transforms Thread 36" [_thread_blocked, id=1692, stack(0x00000007d7600000,0x00000007d7700000)]
  0x0000010f6f698000 JavaThread "jar transforms Thread 37" [_thread_blocked, id=8308, stack(0x00000007d7700000,0x00000007d7800000)]
  0x0000010f6f696000 JavaThread "jar transforms Thread 38" [_thread_blocked, id=6288, stack(0x00000007d7800000,0x00000007d7900000)]
  0x0000010f6f69c800 JavaThread "jar transforms Thread 39" [_thread_blocked, id=2340, stack(0x00000007d7900000,0x00000007d7a00000)]
  0x0000010f6f699800 JavaThread "jar transforms Thread 40" [_thread_blocked, id=5952, stack(0x00000007d7a00000,0x00000007d7b00000)]
  0x0000010f6f69d800 JavaThread "jar transforms Thread 41" [_thread_blocked, id=3532, stack(0x00000007d7b00000,0x00000007d7c00000)]
  0x0000010f6f6a0000 JavaThread "jar transforms Thread 42" [_thread_blocked, id=1384, stack(0x00000007d8000000,0x00000007d8100000)]
  0x0000010f6f69e800 JavaThread "jar transforms Thread 43" [_thread_blocked, id=7960, stack(0x00000007d8100000,0x00000007d8200000)]
  0x0000010f6f69b000 JavaThread "jar transforms Thread 44" [_thread_blocked, id=316, stack(0x00000007d8200000,0x00000007d8300000)]
  0x0000010f6f6a2800 JavaThread "jar transforms Thread 45" [_thread_blocked, id=3264, stack(0x00000007d8300000,0x00000007d8400000)]
  0x0000010f6f6a1800 JavaThread "jar transforms Thread 46" [_thread_blocked, id=6516, stack(0x00000007d8400000,0x00000007d8500000)]
  0x0000010f6f6a4000 JavaThread "jar transforms Thread 47" [_thread_blocked, id=4372, stack(0x00000007d8500000,0x00000007d8600000)]
  0x0000010f6f6a1000 JavaThread "jar transforms Thread 48" [_thread_blocked, id=7276, stack(0x00000007d8600000,0x00000007d8700000)]
  0x0000010f6bbe0000 JavaThread "jar transforms Thread 49" [_thread_blocked, id=496, stack(0x00000007d8700000,0x00000007d8800000)]
  0x0000010f6bbdd800 JavaThread "jar transforms Thread 50" [_thread_blocked, id=5656, stack(0x00000007d8800000,0x00000007d8900000)]
  0x0000010f6bbe0800 JavaThread "jar transforms Thread 51" [_thread_blocked, id=2208, stack(0x00000007d8900000,0x00000007d8a00000)]
  0x0000010f6bbdc800 JavaThread "jar transforms Thread 52" [_thread_blocked, id=4896, stack(0x00000007d8a00000,0x00000007d8b00000)]
  0x0000010f6bbe3000 JavaThread "jar transforms Thread 53" [_thread_blocked, id=4704, stack(0x00000007d8b00000,0x00000007d8c00000)]
  0x0000010f6f6ac000 JavaThread "jar transforms Thread 54" [_thread_blocked, id=4544, stack(0x00000007d8c00000,0x00000007d8d00000)]
  0x0000010f6f6a6000 JavaThread "jar transforms Thread 55" [_thread_blocked, id=9548, stack(0x00000007d8d00000,0x00000007d8e00000)]
  0x0000010f6f6a9800 JavaThread "jar transforms Thread 56" [_thread_blocked, id=5240, stack(0x00000007d8e00000,0x00000007d8f00000)]
  0x0000010f6f6a8800 JavaThread "jar transforms Thread 57" [_thread_blocked, id=12244, stack(0x00000007d8f00000,0x00000007d9000000)]
  0x0000010f6f6aa800 JavaThread "jar transforms Thread 58" [_thread_blocked, id=592, stack(0x00000007d9000000,0x00000007d9100000)]
  0x0000010f6f6ab000 JavaThread "jar transforms Thread 59" [_thread_blocked, id=11344, stack(0x00000007d9100000,0x00000007d9200000)]
  0x0000010f6f6a7000 JavaThread "jar transforms Thread 60" [_thread_blocked, id=3800, stack(0x00000007d9200000,0x00000007d9300000)]
  0x0000010f6f6ac800 JavaThread "jar transforms Thread 61" [_thread_blocked, id=8212, stack(0x00000007d9300000,0x00000007d9400000)]
  0x0000010f6f6ad800 JavaThread "jar transforms Thread 62" [_thread_blocked, id=988, stack(0x00000007d9400000,0x00000007d9500000)]
  0x0000010f6f6a8000 JavaThread "jar transforms Thread 63" [_thread_blocked, id=11976, stack(0x00000007d9500000,0x00000007d9600000)]
  0x0000010f6f6ae800 JavaThread "jar transforms Thread 64" [_thread_blocked, id=13080, stack(0x00000007d9600000,0x00000007d9700000)]
  0x0000010f6f6b2800 JavaThread "jar transforms Thread 65" [_thread_in_vm, id=6232, stack(0x00000007d9700000,0x00000007d9800000)]
  0x0000010f6f6b1800 JavaThread "jar transforms Thread 66" [_thread_blocked, id=12204, stack(0x00000007d9800000,0x00000007d9900000)]
  0x0000010f6f6b1000 JavaThread "jar transforms Thread 67" [_thread_blocked, id=8824, stack(0x00000007d9900000,0x00000007d9a00000)]
  0x0000010f6f6b3800 JavaThread "jar transforms Thread 68" [_thread_blocked, id=5940, stack(0x00000007d9a00000,0x00000007d9b00000)]
  0x0000010f6f6b4000 JavaThread "jar transforms Thread 69" [_thread_blocked, id=7984, stack(0x00000007d9b00000,0x00000007d9c00000)]
  0x0000010f6f6b5000 JavaThread "jar transforms Thread 70" [_thread_blocked, id=2152, stack(0x00000007d9c00000,0x00000007d9d00000)]
  0x0000010f6f6af000 JavaThread "jar transforms Thread 71" [_thread_blocked, id=10120, stack(0x00000007d9d00000,0x00000007d9e00000)]
  0x0000010f6f6b0000 JavaThread "jar transforms Thread 72" [_thread_blocked, id=7588, stack(0x00000007d9e00000,0x00000007d9f00000)]
  0x0000010f6be62800 JavaThread "jar transforms Thread 73" [_thread_blocked, id=11860, stack(0x00000007d9f00000,0x00000007da000000)]
  0x0000010f6be5f800 JavaThread "jar transforms Thread 74" [_thread_blocked, id=7496, stack(0x00000007da000000,0x00000007da100000)]
  0x0000010f6be5e800 JavaThread "jar transforms Thread 75" [_thread_blocked, id=11036, stack(0x00000007da100000,0x00000007da200000)]
  0x0000010f6be60800 JavaThread "jar transforms Thread 76" [_thread_blocked, id=10752, stack(0x00000007da200000,0x00000007da300000)]
  0x0000010f6be62000 JavaThread "jar transforms Thread 77" [_thread_blocked, id=13264, stack(0x00000007da300000,0x00000007da400000)]
  0x0000010f6be61000 JavaThread "jar transforms Thread 78" [_thread_blocked, id=1740, stack(0x00000007da400000,0x00000007da500000)]
  0x0000010f6be63800 JavaThread "jar transforms Thread 79" [_thread_blocked, id=4744, stack(0x00000007da500000,0x00000007da600000)]

Other Threads:
  0x0000010f6aec8000 VMThread "VM Thread" [stack: 0x00000007d4a00000,0x00000007d4b00000] [id=4728]
  0x0000010f6b9e2800 WatcherThread [stack: 0x00000007d5400000,0x00000007d5500000] [id=1808]
  0x0000010f54662000 GCTaskThread "GC Thread#0" [stack: 0x00000007d4500000,0x00000007d4600000] [id=6960]
  0x0000010f6bed4800 GCTaskThread "GC Thread#1" [stack: 0x00000007d5500000,0x00000007d5600000] [id=7780]
  0x0000010f6bece000 GCTaskThread "GC Thread#2" [stack: 0x00000007d5600000,0x00000007d5700000] [id=9924]
  0x0000010f6bece800 GCTaskThread "GC Thread#3" [stack: 0x00000007d5700000,0x00000007d5800000] [id=4468]
  0x0000010f54671800 ConcurrentGCThread "G1 Main Marker" [stack: 0x00000007d4600000,0x00000007d4700000] [id=9008]
  0x0000010f54675800 ConcurrentGCThread "G1 Conc#0" [stack: 0x00000007d4700000,0x00000007d4800000] [id=12384]
  0x0000010f5472c000 ConcurrentGCThread "G1 Refine#0" [stack: 0x00000007d4800000,0x00000007d4900000] [id=3716]
  0x0000010f5472d000 ConcurrentGCThread "G1 Young RemSet Sampling" [stack: 0x00000007d4900000,0x00000007d4a00000] [id=13248]

Threads with active compile tasks:
C2 CompilerThread0 141475 5597       4       org.gradle.internal.snapshot.PathUtil::compareCharsIgnoringCase (46 bytes)

VM state:synchronizing (normal execution)

VM Mutex/Monitor currently owned by a thread:  ([mutex/lock_event])
[0x0000010f54646020] Threads_lock - owner thread: 0x0000010f6aec8000
[0x0000010f54646530] Compile_lock - owner thread: 0x0000010f6d165000

OutOfMemory and StackOverflow Exception counts:
OutOfMemoryError java_heap_errors=1
LinkageErrors=117

Heap address: 0x00000000e0000000, size: 512 MB, Compressed Oops mode: 32-bit
Narrow klass base: 0x0000000000000000, Narrow klass shift: 3
Compressed class space size: 260046848 Address: 0x0000000100000000

Heap:
 garbage-first heap   total 262144K, used 124592K [0x00000000e0000000, 0x0000000100000000)
  region size 1024K, 90 young (92160K), 17 survivors (17408K)
 Metaspace       used 51837K, capacity 53508K, committed 53760K, reserved 301056K
  class space    used 6534K, capacity 7142K, committed 7168K, reserved 253952K
Heap Regions: E=young(eden), S=young(survivor), O=old, HS=humongous(starts), HC=humongous(continues), CS=collection set, F=free, A=archive, TAMS=top-at-mark-start (previous, next)
|   0|0x00000000e0000000, 0x00000000e0100000, 0x00000000e0100000|100%| O|  |TAMS 0x00000000e0100000, 0x00000000e0000000| Untracked 
|   1|0x00000000e0100000, 0x00000000e0200000, 0x00000000e0200000|100%| O|  |TAMS 0x00000000e0200000, 0x00000000e0100000| Untracked 
|   2|0x00000000e0200000, 0x00000000e0300000, 0x00000000e0300000|100%| O|  |TAMS 0x00000000e0300000, 0x00000000e0200000| Untracked 
|   3|0x00000000e0300000, 0x00000000e0400000, 0x00000000e0400000|100%|HS|  |TAMS 0x00000000e0400000, 0x00000000e0300000| Complete 
|   4|0x00000000e0400000, 0x00000000e0500000, 0x00000000e0500000|100%|HC|  |TAMS 0x00000000e0500000, 0x00000000e0400000| Complete 
|   5|0x00000000e0500000, 0x00000000e0600000, 0x00000000e0600000|100%|HC|  |TAMS 0x00000000e0600000, 0x00000000e0500000| Complete 
|   6|0x00000000e0600000, 0x00000000e0700000, 0x00000000e0700000|100%| O|  |TAMS 0x00000000e0700000, 0x00000000e0600000| Untracked 
|   7|0x00000000e0700000, 0x00000000e0800000, 0x00000000e0800000|100%| O|  |TAMS 0x00000000e0800000, 0x00000000e0700000| Untracked 
|   8|0x00000000e0800000, 0x00000000e0900000, 0x00000000e0900000|100%| O|  |TAMS 0x00000000e0900000, 0x00000000e0800000| Untracked 
|   9|0x00000000e0900000, 0x00000000e0a00000, 0x00000000e0a00000|100%| O|  |TAMS 0x00000000e0a00000, 0x00000000e0900000| Untracked 
|  10|0x00000000e0a00000, 0x00000000e0b00000, 0x00000000e0b00000|100%| O|  |TAMS 0x00000000e0b00000, 0x00000000e0a00000| Untracked 
|  11|0x00000000e0b00000, 0x00000000e0c00000, 0x00000000e0c00000|100%| O|  |TAMS 0x00000000e0c00000, 0x00000000e0b00000| Untracked 
|  12|0x00000000e0c00000, 0x00000000e0d00000, 0x00000000e0d00000|100%| O|  |TAMS 0x00000000e0cb0a00, 0x00000000e0c00000| Untracked 
|  13|0x00000000e0d00000, 0x00000000e0e00000, 0x00000000e0e00000|100%|HS|  |TAMS 0x00000000e0e00000, 0x00000000e0d00000| Complete 
|  14|0x00000000e0e00000, 0x00000000e0f00000, 0x00000000e0f00000|100%|HC|  |TAMS 0x00000000e0f00000, 0x00000000e0e00000| Complete 
|  15|0x00000000e0f00000, 0x00000000e1000000, 0x00000000e1000000|100%|HS|  |TAMS 0x00000000e1000000, 0x00000000e0f00000| Complete 
|  16|0x00000000e1000000, 0x00000000e1100000, 0x00000000e1100000|100%|HC|  |TAMS 0x00000000e1100000, 0x00000000e1000000| Complete 
|  17|0x00000000e1100000, 0x00000000e1200000, 0x00000000e1200000|100%|HC|  |TAMS 0x00000000e1200000, 0x00000000e1100000| Complete 
|  18|0x00000000e1200000, 0x00000000e1300000, 0x00000000e1300000|100%|HS|  |TAMS 0x00000000e1300000, 0x00000000e1200000| Complete 
|  19|0x00000000e1300000, 0x00000000e1400000, 0x00000000e1400000|100%|HC|  |TAMS 0x00000000e1400000, 0x00000000e1300000| Complete 
|  20|0x00000000e1400000, 0x00000000e1500000, 0x00000000e1500000|100%|HC|  |TAMS 0x00000000e1500000, 0x00000000e1400000| Complete 
|  21|0x00000000e1500000, 0x00000000e1600000, 0x00000000e1600000|100%|HC|  |TAMS 0x00000000e1600000, 0x00000000e1500000| Complete 
|  22|0x00000000e1600000, 0x00000000e1600000, 0x00000000e1700000|  0%| F|  |TAMS 0x00000000e1600000, 0x00000000e1600000| Untracked 
|  23|0x00000000e1700000, 0x00000000e1700000, 0x00000000e1800000|  0%| F|  |TAMS 0x00000000e1700000, 0x00000000e1700000| Untracked 
|  24|0x00000000e1800000, 0x00000000e1800000, 0x00000000e1900000|  0%| F|  |TAMS 0x00000000e1800000, 0x00000000e1800000| Untracked 
|  25|0x00000000e1900000, 0x00000000e1a00000, 0x00000000e1a00000|100%|HS|  |TAMS 0x00000000e1900000, 0x00000000e1900000| Complete 
|  26|0x00000000e1a00000, 0x00000000e1b00000, 0x00000000e1b00000|100%|HC|  |TAMS 0x00000000e1a00000, 0x00000000e1a00000| Complete 
|  27|0x00000000e1b00000, 0x00000000e1c00000, 0x00000000e1c00000|100%|HC|  |TAMS 0x00000000e1b00000, 0x00000000e1b00000| Complete 
|  28|0x00000000e1c00000, 0x00000000e1d00000, 0x00000000e1d00000|100%|HC|  |TAMS 0x00000000e1c00000, 0x00000000e1c00000| Complete 
|  29|0x00000000e1d00000, 0x00000000e1e00000, 0x00000000e1e00000|100%|HS|  |TAMS 0x00000000e1d00000, 0x00000000e1d00000| Complete 
|  30|0x00000000e1e00000, 0x00000000e1f00000, 0x00000000e1f00000|100%|HC|  |TAMS 0x00000000e1e00000, 0x00000000e1e00000| Complete 
|  31|0x00000000e1f00000, 0x00000000e2000000, 0x00000000e2000000|100%|HC|  |TAMS 0x00000000e1f00000, 0x00000000e1f00000| Complete 
|  32|0x00000000e2000000, 0x00000000e2000000, 0x00000000e2100000|  0%| F|  |TAMS 0x00000000e2000000, 0x00000000e2000000| Untracked 
|  33|0x00000000e2100000, 0x00000000e2200000, 0x00000000e2200000|100%| O|  |TAMS 0x00000000e2100000, 0x00000000e2100000| Untracked 
|  34|0x00000000e2200000, 0x00000000e2300000, 0x00000000e2300000|100%| O|  |TAMS 0x00000000e2200000, 0x00000000e2200000| Untracked 
|  35|0x00000000e2300000, 0x00000000e2400000, 0x00000000e2400000|100%| O|  |TAMS 0x00000000e2300000, 0x00000000e2300000| Untracked 
|  36|0x00000000e2400000, 0x00000000e24ac000, 0x00000000e2500000| 67%| O|  |TAMS 0x00000000e2400000, 0x00000000e2400000| Untracked 
|  37|0x00000000e2500000, 0x00000000e2500000, 0x00000000e2600000|  0%| F|  |TAMS 0x00000000e2500000, 0x00000000e2500000| Untracked 
|  38|0x00000000e2600000, 0x00000000e2600000, 0x00000000e2700000|  0%| F|  |TAMS 0x00000000e2600000, 0x00000000e2600000| Untracked 
|  39|0x00000000e2700000, 0x00000000e2700000, 0x00000000e2800000|  0%| F|  |TAMS 0x00000000e2700000, 0x00000000e2700000| Untracked 
|  40|0x00000000e2800000, 0x00000000e2800000, 0x00000000e2900000|  0%| F|  |TAMS 0x00000000e2800000, 0x00000000e2800000| Untracked 
|  41|0x00000000e2900000, 0x00000000e2900000, 0x00000000e2a00000|  0%| F|  |TAMS 0x00000000e2900000, 0x00000000e2900000| Untracked 
|  42|0x00000000e2a00000, 0x00000000e2a00000, 0x00000000e2b00000|  0%| F|  |TAMS 0x00000000e2a00000, 0x00000000e2a00000| Untracked 
|  43|0x00000000e2b00000, 0x00000000e2b00000, 0x00000000e2c00000|  0%| F|  |TAMS 0x00000000e2b00000, 0x00000000e2b00000| Untracked 
|  44|0x00000000e2c00000, 0x00000000e2c00000, 0x00000000e2d00000|  0%| F|  |TAMS 0x00000000e2c00000, 0x00000000e2c00000| Untracked 
|  45|0x00000000e2d00000, 0x00000000e2d00000, 0x00000000e2e00000|  0%| F|  |TAMS 0x00000000e2d00000, 0x00000000e2d00000| Untracked 
|  46|0x00000000e2e00000, 0x00000000e2e00000, 0x00000000e2f00000|  0%| F|  |TAMS 0x00000000e2e00000, 0x00000000e2e00000| Untracked 
|  47|0x00000000e2f00000, 0x00000000e2f00000, 0x00000000e3000000|  0%| F|  |TAMS 0x00000000e2f00000, 0x00000000e2f00000| Untracked 
|  48|0x00000000e3000000, 0x00000000e3000000, 0x00000000e3100000|  0%| F|  |TAMS 0x00000000e3000000, 0x00000000e3000000| Untracked 
|  49|0x00000000e3100000, 0x00000000e3100000, 0x00000000e3200000|  0%| F|  |TAMS 0x00000000e3100000, 0x00000000e3100000| Untracked 
|  50|0x00000000e3200000, 0x00000000e3200000, 0x00000000e3300000|  0%| F|  |TAMS 0x00000000e3200000, 0x00000000e3200000| Untracked 
|  51|0x00000000e3300000, 0x00000000e3300000, 0x00000000e3400000|  0%| F|  |TAMS 0x00000000e3300000, 0x00000000e3300000| Untracked 
|  52|0x00000000e3400000, 0x00000000e3400000, 0x00000000e3500000|  0%| F|  |TAMS 0x00000000e3400000, 0x00000000e3400000| Untracked 
|  53|0x00000000e3500000, 0x00000000e3500000, 0x00000000e3600000|  0%| F|  |TAMS 0x00000000e3500000, 0x00000000e3500000| Untracked 
|  54|0x00000000e3600000, 0x00000000e3600000, 0x00000000e3700000|  0%| F|  |TAMS 0x00000000e3600000, 0x00000000e3600000| Untracked 
|  55|0x00000000e3700000, 0x00000000e3700000, 0x00000000e3800000|  0%| F|  |TAMS 0x00000000e3700000, 0x00000000e3700000| Untracked 
|  56|0x00000000e3800000, 0x00000000e3800000, 0x00000000e3900000|  0%| F|  |TAMS 0x00000000e3800000, 0x00000000e3800000| Untracked 
|  57|0x00000000e3900000, 0x00000000e3900000, 0x00000000e3a00000|  0%| F|  |TAMS 0x00000000e3900000, 0x00000000e3900000| Untracked 
|  58|0x00000000e3a00000, 0x00000000e3a00000, 0x00000000e3b00000|  0%| F|  |TAMS 0x00000000e3a00000, 0x00000000e3a00000| Untracked 
|  59|0x00000000e3b00000, 0x00000000e3b00000, 0x00000000e3c00000|  0%| F|  |TAMS 0x00000000e3b00000, 0x00000000e3b00000| Untracked 
|  60|0x00000000e3c00000, 0x00000000e3c00000, 0x00000000e3d00000|  0%| F|  |TAMS 0x00000000e3c00000, 0x00000000e3c00000| Untracked 
|  61|0x00000000e3d00000, 0x00000000e3d00000, 0x00000000e3e00000|  0%| F|  |TAMS 0x00000000e3d00000, 0x00000000e3d00000| Untracked 
|  62|0x00000000e3e00000, 0x00000000e3e00000, 0x00000000e3f00000|  0%| F|  |TAMS 0x00000000e3e00000, 0x00000000e3e00000| Untracked 
|  63|0x00000000e3f00000, 0x00000000e3f00000, 0x00000000e4000000|  0%| F|  |TAMS 0x00000000e3f00000, 0x00000000e3f00000| Untracked 
|  64|0x00000000e4000000, 0x00000000e4000000, 0x00000000e4100000|  0%| F|  |TAMS 0x00000000e4000000, 0x00000000e4000000| Untracked 
|  65|0x00000000e4100000, 0x00000000e4100000, 0x00000000e4200000|  0%| F|  |TAMS 0x00000000e4100000, 0x00000000e4100000| Untracked 
|  66|0x00000000e4200000, 0x00000000e4200000, 0x00000000e4300000|  0%| F|  |TAMS 0x00000000e4200000, 0x00000000e4200000| Untracked 
|  67|0x00000000e4300000, 0x00000000e4300000, 0x00000000e4400000|  0%| F|  |TAMS 0x00000000e4300000, 0x00000000e4300000| Untracked 
|  68|0x00000000e4400000, 0x00000000e4400000, 0x00000000e4500000|  0%| F|  |TAMS 0x00000000e4400000, 0x00000000e4400000| Untracked 
|  69|0x00000000e4500000, 0x00000000e4500000, 0x00000000e4600000|  0%| F|  |TAMS 0x00000000e4500000, 0x00000000e4500000| Untracked 
|  70|0x00000000e4600000, 0x00000000e4600000, 0x00000000e4700000|  0%| F|  |TAMS 0x00000000e4600000, 0x00000000e4600000| Untracked 
|  71|0x00000000e4700000, 0x00000000e4700000, 0x00000000e4800000|  0%| F|  |TAMS 0x00000000e4700000, 0x00000000e4700000| Untracked 
|  72|0x00000000e4800000, 0x00000000e4800000, 0x00000000e4900000|  0%| F|  |TAMS 0x00000000e4800000, 0x00000000e4800000| Untracked 
|  73|0x00000000e4900000, 0x00000000e4900000, 0x00000000e4a00000|  0%| F|  |TAMS 0x00000000e4900000, 0x00000000e4900000| Untracked 
|  74|0x00000000e4a00000, 0x00000000e4a00000, 0x00000000e4b00000|  0%| F|  |TAMS 0x00000000e4a00000, 0x00000000e4a00000| Untracked 
|  75|0x00000000e4b00000, 0x00000000e4b00000, 0x00000000e4c00000|  0%| F|  |TAMS 0x00000000e4b00000, 0x00000000e4b00000| Untracked 
|  76|0x00000000e4c00000, 0x00000000e4c00000, 0x00000000e4d00000|  0%| F|  |TAMS 0x00000000e4c00000, 0x00000000e4c00000| Untracked 
|  77|0x00000000e4d00000, 0x00000000e4d00000, 0x00000000e4e00000|  0%| F|  |TAMS 0x00000000e4d00000, 0x00000000e4d00000| Untracked 
|  78|0x00000000e4e00000, 0x00000000e4e00000, 0x00000000e4f00000|  0%| F|  |TAMS 0x00000000e4e00000, 0x00000000e4e00000| Untracked 
|  79|0x00000000e4f00000, 0x00000000e4f00000, 0x00000000e5000000|  0%| F|  |TAMS 0x00000000e4f00000, 0x00000000e4f00000| Untracked 
|  80|0x00000000e5000000, 0x00000000e5000000, 0x00000000e5100000|  0%| F|  |TAMS 0x00000000e5000000, 0x00000000e5000000| Untracked 
|  81|0x00000000e5100000, 0x00000000e5100000, 0x00000000e5200000|  0%| F|  |TAMS 0x00000000e5100000, 0x00000000e5100000| Untracked 
|  82|0x00000000e5200000, 0x00000000e5200000, 0x00000000e5300000|  0%| F|  |TAMS 0x00000000e5200000, 0x00000000e5200000| Untracked 
|  83|0x00000000e5300000, 0x00000000e5300000, 0x00000000e5400000|  0%| F|  |TAMS 0x00000000e5300000, 0x00000000e5300000| Untracked 
|  84|0x00000000e5400000, 0x00000000e5400000, 0x00000000e5500000|  0%| F|  |TAMS 0x00000000e5400000, 0x00000000e5400000| Untracked 
|  85|0x00000000e5500000, 0x00000000e5500000, 0x00000000e5600000|  0%| F|  |TAMS 0x00000000e5500000, 0x00000000e5500000| Untracked 
|  86|0x00000000e5600000, 0x00000000e5600000, 0x00000000e5700000|  0%| F|  |TAMS 0x00000000e5600000, 0x00000000e5600000| Untracked 
|  87|0x00000000e5700000, 0x00000000e5700000, 0x00000000e5800000|  0%| F|  |TAMS 0x00000000e5700000, 0x00000000e5700000| Untracked 
|  88|0x00000000e5800000, 0x00000000e5800000, 0x00000000e5900000|  0%| F|  |TAMS 0x00000000e5800000, 0x00000000e5800000| Untracked 
|  89|0x00000000e5900000, 0x00000000e5900000, 0x00000000e5a00000|  0%| F|  |TAMS 0x00000000e5900000, 0x00000000e5900000| Untracked 
|  90|0x00000000e5a00000, 0x00000000e5a00000, 0x00000000e5b00000|  0%| F|  |TAMS 0x00000000e5a00000, 0x00000000e5a00000| Untracked 
|  91|0x00000000e5b00000, 0x00000000e5b00000, 0x00000000e5c00000|  0%| F|  |TAMS 0x00000000e5b00000, 0x00000000e5b00000| Untracked 
|  92|0x00000000e5c00000, 0x00000000e5c00000, 0x00000000e5d00000|  0%| F|  |TAMS 0x00000000e5c00000, 0x00000000e5c00000| Untracked 
|  93|0x00000000e5d00000, 0x00000000e5d00000, 0x00000000e5e00000|  0%| F|  |TAMS 0x00000000e5d00000, 0x00000000e5d00000| Untracked 
|  94|0x00000000e5e00000, 0x00000000e5e00000, 0x00000000e5f00000|  0%| F|  |TAMS 0x00000000e5e00000, 0x00000000e5e00000| Untracked 
|  95|0x00000000e5f00000, 0x00000000e5f00000, 0x00000000e6000000|  0%| F|  |TAMS 0x00000000e5f00000, 0x00000000e5f00000| Untracked 
|  96|0x00000000e6000000, 0x00000000e6000000, 0x00000000e6100000|  0%| F|  |TAMS 0x00000000e6000000, 0x00000000e6000000| Untracked 
|  97|0x00000000e6100000, 0x00000000e6100000, 0x00000000e6200000|  0%| F|  |TAMS 0x00000000e6100000, 0x00000000e6100000| Untracked 
|  98|0x00000000e6200000, 0x00000000e6200000, 0x00000000e6300000|  0%| F|  |TAMS 0x00000000e6200000, 0x00000000e6200000| Untracked 
|  99|0x00000000e6300000, 0x00000000e6300000, 0x00000000e6400000|  0%| F|  |TAMS 0x00000000e6300000, 0x00000000e6300000| Untracked 
| 100|0x00000000e6400000, 0x00000000e6400000, 0x00000000e6500000|  0%| F|  |TAMS 0x00000000e6400000, 0x00000000e6400000| Untracked 
| 101|0x00000000e6500000, 0x00000000e6500000, 0x00000000e6600000|  0%| F|  |TAMS 0x00000000e6500000, 0x00000000e6500000| Untracked 
| 102|0x00000000e6600000, 0x00000000e6600000, 0x00000000e6700000|  0%| F|  |TAMS 0x00000000e6600000, 0x00000000e6600000| Untracked 
| 103|0x00000000e6700000, 0x00000000e6700000, 0x00000000e6800000|  0%| F|  |TAMS 0x00000000e6700000, 0x00000000e6700000| Untracked 
| 104|0x00000000e6800000, 0x00000000e6900000, 0x00000000e6900000|100%| S|CS|TAMS 0x00000000e6800000, 0x00000000e6800000| Complete 
| 105|0x00000000e6900000, 0x00000000e6a00000, 0x00000000e6a00000|100%| S|CS|TAMS 0x00000000e6900000, 0x00000000e6900000| Complete 
| 106|0x00000000e6a00000, 0x00000000e6b00000, 0x00000000e6b00000|100%| S|CS|TAMS 0x00000000e6a00000, 0x00000000e6a00000| Complete 
| 107|0x00000000e6b00000, 0x00000000e6c00000, 0x00000000e6c00000|100%| S|CS|TAMS 0x00000000e6b00000, 0x00000000e6b00000| Complete 
| 108|0x00000000e6c00000, 0x00000000e6d00000, 0x00000000e6d00000|100%| S|CS|TAMS 0x00000000e6c00000, 0x00000000e6c00000| Complete 
| 109|0x00000000e6d00000, 0x00000000e6e00000, 0x00000000e6e00000|100%| S|CS|TAMS 0x00000000e6d00000, 0x00000000e6d00000| Complete 
| 110|0x00000000e6e00000, 0x00000000e6f00000, 0x00000000e6f00000|100%| S|CS|TAMS 0x00000000e6e00000, 0x00000000e6e00000| Complete 
| 111|0x00000000e6f00000, 0x00000000e7000000, 0x00000000e7000000|100%| S|CS|TAMS 0x00000000e6f00000, 0x00000000e6f00000| Complete 
| 112|0x00000000e7000000, 0x00000000e7100000, 0x00000000e7100000|100%| S|CS|TAMS 0x00000000e7000000, 0x00000000e7000000| Complete 
| 113|0x00000000e7100000, 0x00000000e7200000, 0x00000000e7200000|100%| S|CS|TAMS 0x00000000e7100000, 0x00000000e7100000| Complete 
| 114|0x00000000e7200000, 0x00000000e7300000, 0x00000000e7300000|100%| S|CS|TAMS 0x00000000e7200000, 0x00000000e7200000| Complete 
| 115|0x00000000e7300000, 0x00000000e7400000, 0x00000000e7400000|100%| S|CS|TAMS 0x00000000e7300000, 0x00000000e7300000| Complete 
| 116|0x00000000e7400000, 0x00000000e7500000, 0x00000000e7500000|100%| S|CS|TAMS 0x00000000e7400000, 0x00000000e7400000| Complete 
| 117|0x00000000e7500000, 0x00000000e7600000, 0x00000000e7600000|100%| S|CS|TAMS 0x00000000e7500000, 0x00000000e7500000| Complete 
| 118|0x00000000e7600000, 0x00000000e7700000, 0x00000000e7700000|100%| S|CS|TAMS 0x00000000e7600000, 0x00000000e7600000| Complete 
| 119|0x00000000e7700000, 0x00000000e7800000, 0x00000000e7800000|100%| S|CS|TAMS 0x00000000e7700000, 0x00000000e7700000| Complete 
| 120|0x00000000e7800000, 0x00000000e7900000, 0x00000000e7900000|100%| S|CS|TAMS 0x00000000e7800000, 0x00000000e7800000| Complete 
| 121|0x00000000e7900000, 0x00000000e7900000, 0x00000000e7a00000|  0%| F|  |TAMS 0x00000000e7900000, 0x00000000e7900000| Untracked 
| 122|0x00000000e7a00000, 0x00000000e7a00000, 0x00000000e7b00000|  0%| F|  |TAMS 0x00000000e7a00000, 0x00000000e7a00000| Untracked 
| 123|0x00000000e7b00000, 0x00000000e7b00000, 0x00000000e7c00000|  0%| F|  |TAMS 0x00000000e7b00000, 0x00000000e7b00000| Untracked 
| 124|0x00000000e7c00000, 0x00000000e7c00000, 0x00000000e7d00000|  0%| F|  |TAMS 0x00000000e7c00000, 0x00000000e7c00000| Untracked 
| 125|0x00000000e7d00000, 0x00000000e7d00000, 0x00000000e7e00000|  0%| F|  |TAMS 0x00000000e7d00000, 0x00000000e7d00000| Untracked 
| 126|0x00000000e7e00000, 0x00000000e7e00000, 0x00000000e7f00000|  0%| F|  |TAMS 0x00000000e7e00000, 0x00000000e7e00000| Untracked 
| 127|0x00000000e7f00000, 0x00000000e7f00000, 0x00000000e8000000|  0%| F|  |TAMS 0x00000000e7f00000, 0x00000000e7f00000| Untracked 
| 128|0x00000000e8000000, 0x00000000e8000000, 0x00000000e8100000|  0%| F|  |TAMS 0x00000000e8000000, 0x00000000e8000000| Untracked 
| 129|0x00000000e8100000, 0x00000000e8100000, 0x00000000e8200000|  0%| F|  |TAMS 0x00000000e8100000, 0x00000000e8100000| Untracked 
| 130|0x00000000e8200000, 0x00000000e8200000, 0x00000000e8300000|  0%| F|  |TAMS 0x00000000e8200000, 0x00000000e8200000| Untracked 
| 131|0x00000000e8300000, 0x00000000e8300000, 0x00000000e8400000|  0%| F|  |TAMS 0x00000000e8300000, 0x00000000e8300000| Untracked 
| 132|0x00000000e8400000, 0x00000000e8400000, 0x00000000e8500000|  0%| F|  |TAMS 0x00000000e8400000, 0x00000000e8400000| Untracked 
| 133|0x00000000e8500000, 0x00000000e8500000, 0x00000000e8600000|  0%| F|  |TAMS 0x00000000e8500000, 0x00000000e8500000| Untracked 
| 134|0x00000000e8600000, 0x00000000e8600000, 0x00000000e8700000|  0%| F|  |TAMS 0x00000000e8600000, 0x00000000e8600000| Untracked 
| 135|0x00000000e8700000, 0x00000000e8700000, 0x00000000e8800000|  0%| F|  |TAMS 0x00000000e8700000, 0x00000000e8700000| Untracked 
| 136|0x00000000e8800000, 0x00000000e8800000, 0x00000000e8900000|  0%| F|  |TAMS 0x00000000e8800000, 0x00000000e8800000| Untracked 
| 137|0x00000000e8900000, 0x00000000e8900000, 0x00000000e8a00000|  0%| F|  |TAMS 0x00000000e8900000, 0x00000000e8900000| Untracked 
| 138|0x00000000e8a00000, 0x00000000e8a00000, 0x00000000e8b00000|  0%| F|  |TAMS 0x00000000e8a00000, 0x00000000e8a00000| Untracked 
| 139|0x00000000e8b00000, 0x00000000e8b00000, 0x00000000e8c00000|  0%| F|  |TAMS 0x00000000e8b00000, 0x00000000e8b00000| Untracked 
| 140|0x00000000e8c00000, 0x00000000e8c00000, 0x00000000e8d00000|  0%| F|  |TAMS 0x00000000e8c00000, 0x00000000e8c00000| Untracked 
| 141|0x00000000e8d00000, 0x00000000e8d00000, 0x00000000e8e00000|  0%| F|  |TAMS 0x00000000e8d00000, 0x00000000e8d00000| Untracked 
| 142|0x00000000e8e00000, 0x00000000e8e00000, 0x00000000e8f00000|  0%| F|  |TAMS 0x00000000e8e00000, 0x00000000e8e00000| Untracked 
| 143|0x00000000e8f00000, 0x00000000e8f00000, 0x00000000e9000000|  0%| F|  |TAMS 0x00000000e8f00000, 0x00000000e8f00000| Untracked 
| 144|0x00000000e9000000, 0x00000000e9000000, 0x00000000e9100000|  0%| F|  |TAMS 0x00000000e9000000, 0x00000000e9000000| Untracked 
| 145|0x00000000e9100000, 0x00000000e9100000, 0x00000000e9200000|  0%| F|  |TAMS 0x00000000e9100000, 0x00000000e9100000| Untracked 
| 146|0x00000000e9200000, 0x00000000e9200000, 0x00000000e9300000|  0%| F|  |TAMS 0x00000000e9200000, 0x00000000e9200000| Untracked 
| 147|0x00000000e9300000, 0x00000000e9300000, 0x00000000e9400000|  0%| F|  |TAMS 0x00000000e9300000, 0x00000000e9300000| Untracked 
| 148|0x00000000e9400000, 0x00000000e9400000, 0x00000000e9500000|  0%| F|  |TAMS 0x00000000e9400000, 0x00000000e9400000| Untracked 
| 149|0x00000000e9500000, 0x00000000e9500000, 0x00000000e9600000|  0%| F|  |TAMS 0x00000000e9500000, 0x00000000e9500000| Untracked 
| 150|0x00000000e9600000, 0x00000000e9600000, 0x00000000e9700000|  0%| F|  |TAMS 0x00000000e9600000, 0x00000000e9600000| Untracked 
| 151|0x00000000e9700000, 0x00000000e9700000, 0x00000000e9800000|  0%| F|  |TAMS 0x00000000e9700000, 0x00000000e9700000| Untracked 
| 152|0x00000000e9800000, 0x00000000e9800000, 0x00000000e9900000|  0%| F|  |TAMS 0x00000000e9800000, 0x00000000e9800000| Untracked 
| 153|0x00000000e9900000, 0x00000000e9900000, 0x00000000e9a00000|  0%| F|  |TAMS 0x00000000e9900000, 0x00000000e9900000| Untracked 
| 154|0x00000000e9a00000, 0x00000000e9a00000, 0x00000000e9b00000|  0%| F|  |TAMS 0x00000000e9a00000, 0x00000000e9a00000| Untracked 
| 155|0x00000000e9b00000, 0x00000000e9b00000, 0x00000000e9c00000|  0%| F|  |TAMS 0x00000000e9b00000, 0x00000000e9b00000| Untracked 
| 156|0x00000000e9c00000, 0x00000000e9c00000, 0x00000000e9d00000|  0%| F|  |TAMS 0x00000000e9c00000, 0x00000000e9c00000| Untracked 
| 157|0x00000000e9d00000, 0x00000000e9d00000, 0x00000000e9e00000|  0%| F|  |TAMS 0x00000000e9d00000, 0x00000000e9d00000| Untracked 
| 158|0x00000000e9e00000, 0x00000000e9e00000, 0x00000000e9f00000|  0%| F|  |TAMS 0x00000000e9e00000, 0x00000000e9e00000| Untracked 
| 159|0x00000000e9f00000, 0x00000000e9f00000, 0x00000000ea000000|  0%| F|  |TAMS 0x00000000e9f00000, 0x00000000e9f00000| Untracked 
| 160|0x00000000ea000000, 0x00000000ea000000, 0x00000000ea100000|  0%| F|  |TAMS 0x00000000ea000000, 0x00000000ea000000| Untracked 
| 161|0x00000000ea100000, 0x00000000ea100000, 0x00000000ea200000|  0%| F|  |TAMS 0x00000000ea100000, 0x00000000ea100000| Untracked 
| 162|0x00000000ea200000, 0x00000000ea200000, 0x00000000ea300000|  0%| F|  |TAMS 0x00000000ea200000, 0x00000000ea200000| Untracked 
| 163|0x00000000ea300000, 0x00000000ea300000, 0x00000000ea400000|  0%| F|  |TAMS 0x00000000ea300000, 0x00000000ea300000| Untracked 
| 164|0x00000000ea400000, 0x00000000ea400000, 0x00000000ea500000|  0%| F|  |TAMS 0x00000000ea400000, 0x00000000ea400000| Untracked 
| 165|0x00000000ea500000, 0x00000000ea500000, 0x00000000ea600000|  0%| F|  |TAMS 0x00000000ea500000, 0x00000000ea500000| Untracked 
| 166|0x00000000ea600000, 0x00000000ea600000, 0x00000000ea700000|  0%| F|  |TAMS 0x00000000ea600000, 0x00000000ea600000| Untracked 
| 167|0x00000000ea700000, 0x00000000ea700000, 0x00000000ea800000|  0%| F|  |TAMS 0x00000000ea700000, 0x00000000ea700000| Untracked 
| 168|0x00000000ea800000, 0x00000000ea800000, 0x00000000ea900000|  0%| F|  |TAMS 0x00000000ea800000, 0x00000000ea800000| Untracked 
| 169|0x00000000ea900000, 0x00000000ea900000, 0x00000000eaa00000|  0%| F|  |TAMS 0x00000000ea900000, 0x00000000ea900000| Untracked 
| 170|0x00000000eaa00000, 0x00000000eaa00000, 0x00000000eab00000|  0%| F|  |TAMS 0x00000000eaa00000, 0x00000000eaa00000| Untracked 
| 171|0x00000000eab00000, 0x00000000eab00000, 0x00000000eac00000|  0%| F|  |TAMS 0x00000000eab00000, 0x00000000eab00000| Untracked 
| 172|0x00000000eac00000, 0x00000000eac00000, 0x00000000ead00000|  0%| F|  |TAMS 0x00000000eac00000, 0x00000000eac00000| Untracked 
| 173|0x00000000ead00000, 0x00000000ead00000, 0x00000000eae00000|  0%| F|  |TAMS 0x00000000ead00000, 0x00000000ead00000| Untracked 
| 174|0x00000000eae00000, 0x00000000eae00000, 0x00000000eaf00000|  0%| F|  |TAMS 0x00000000eae00000, 0x00000000eae00000| Untracked 
| 175|0x00000000eaf00000, 0x00000000eaf00000, 0x00000000eb000000|  0%| F|  |TAMS 0x00000000eaf00000, 0x00000000eaf00000| Untracked 
| 176|0x00000000eb000000, 0x00000000eb000000, 0x00000000eb100000|  0%| F|  |TAMS 0x00000000eb000000, 0x00000000eb000000| Untracked 
| 177|0x00000000eb100000, 0x00000000eb100000, 0x00000000eb200000|  0%| F|  |TAMS 0x00000000eb100000, 0x00000000eb100000| Untracked 
| 178|0x00000000eb200000, 0x00000000eb200000, 0x00000000eb300000|  0%| F|  |TAMS 0x00000000eb200000, 0x00000000eb200000| Untracked 
| 179|0x00000000eb300000, 0x00000000eb300000, 0x00000000eb400000|  0%| F|  |TAMS 0x00000000eb300000, 0x00000000eb300000| Untracked 
| 180|0x00000000eb400000, 0x00000000eb400000, 0x00000000eb500000|  0%| F|  |TAMS 0x00000000eb400000, 0x00000000eb400000| Untracked 
| 181|0x00000000eb500000, 0x00000000eb500000, 0x00000000eb600000|  0%| F|  |TAMS 0x00000000eb500000, 0x00000000eb500000| Untracked 
| 182|0x00000000eb600000, 0x00000000eb600000, 0x00000000eb700000|  0%| F|  |TAMS 0x00000000eb600000, 0x00000000eb600000| Untracked 
| 183|0x00000000eb700000, 0x00000000eb780800, 0x00000000eb800000| 50%| E|  |TAMS 0x00000000eb700000, 0x00000000eb700000| Complete 
| 184|0x00000000eb800000, 0x00000000eb900000, 0x00000000eb900000|100%| E|CS|TAMS 0x00000000eb800000, 0x00000000eb800000| Complete 
| 185|0x00000000eb900000, 0x00000000eba00000, 0x00000000eba00000|100%| E|CS|TAMS 0x00000000eb900000, 0x00000000eb900000| Complete 
| 186|0x00000000eba00000, 0x00000000ebb00000, 0x00000000ebb00000|100%| E|CS|TAMS 0x00000000eba00000, 0x00000000eba00000| Complete 
| 187|0x00000000ebb00000, 0x00000000ebc00000, 0x00000000ebc00000|100%| E|CS|TAMS 0x00000000ebb00000, 0x00000000ebb00000| Complete 
| 188|0x00000000ebc00000, 0x00000000ebd00000, 0x00000000ebd00000|100%| E|CS|TAMS 0x00000000ebc00000, 0x00000000ebc00000| Complete 
| 189|0x00000000ebd00000, 0x00000000ebe00000, 0x00000000ebe00000|100%| E|CS|TAMS 0x00000000ebd00000, 0x00000000ebd00000| Complete 
| 190|0x00000000ebe00000, 0x00000000ebf00000, 0x00000000ebf00000|100%| E|CS|TAMS 0x00000000ebe00000, 0x00000000ebe00000| Complete 
| 191|0x00000000ebf00000, 0x00000000ec000000, 0x00000000ec000000|100%| E|CS|TAMS 0x00000000ebf00000, 0x00000000ebf00000| Complete 
| 192|0x00000000ec000000, 0x00000000ec100000, 0x00000000ec100000|100%| E|CS|TAMS 0x00000000ec000000, 0x00000000ec000000| Complete 
| 193|0x00000000ec100000, 0x00000000ec200000, 0x00000000ec200000|100%| E|CS|TAMS 0x00000000ec100000, 0x00000000ec100000| Complete 
| 194|0x00000000ec200000, 0x00000000ec300000, 0x00000000ec300000|100%| E|CS|TAMS 0x00000000ec200000, 0x00000000ec200000| Complete 
| 195|0x00000000ec300000, 0x00000000ec400000, 0x00000000ec400000|100%| E|CS|TAMS 0x00000000ec300000, 0x00000000ec300000| Complete 
| 196|0x00000000ec400000, 0x00000000ec500000, 0x00000000ec500000|100%| E|CS|TAMS 0x00000000ec400000, 0x00000000ec400000| Complete 
| 197|0x00000000ec500000, 0x00000000ec600000, 0x00000000ec600000|100%| E|CS|TAMS 0x00000000ec500000, 0x00000000ec500000| Complete 
| 198|0x00000000ec600000, 0x00000000ec700000, 0x00000000ec700000|100%| E|CS|TAMS 0x00000000ec600000, 0x00000000ec600000| Complete 
| 199|0x00000000ec700000, 0x00000000ec800000, 0x00000000ec800000|100%| E|CS|TAMS 0x00000000ec700000, 0x00000000ec700000| Complete 
| 200|0x00000000ec800000, 0x00000000ec900000, 0x00000000ec900000|100%| E|CS|TAMS 0x00000000ec800000, 0x00000000ec800000| Complete 
| 201|0x00000000ec900000, 0x00000000eca00000, 0x00000000eca00000|100%| E|CS|TAMS 0x00000000ec900000, 0x00000000ec900000| Complete 
| 202|0x00000000eca00000, 0x00000000ecb00000, 0x00000000ecb00000|100%| E|CS|TAMS 0x00000000eca00000, 0x00000000eca00000| Complete 
| 203|0x00000000ecb00000, 0x00000000ecc00000, 0x00000000ecc00000|100%| E|CS|TAMS 0x00000000ecb00000, 0x00000000ecb00000| Complete 
| 204|0x00000000ecc00000, 0x00000000ecd00000, 0x00000000ecd00000|100%| E|CS|TAMS 0x00000000ecc00000, 0x00000000ecc00000| Complete 
| 205|0x00000000ecd00000, 0x00000000ece00000, 0x00000000ece00000|100%| E|CS|TAMS 0x00000000ecd00000, 0x00000000ecd00000| Complete 
| 206|0x00000000ece00000, 0x00000000ecf00000, 0x00000000ecf00000|100%| E|CS|TAMS 0x00000000ece00000, 0x00000000ece00000| Complete 
| 207|0x00000000ecf00000, 0x00000000ed000000, 0x00000000ed000000|100%| E|CS|TAMS 0x00000000ecf00000, 0x00000000ecf00000| Complete 
| 208|0x00000000ed000000, 0x00000000ed100000, 0x00000000ed100000|100%| E|CS|TAMS 0x00000000ed000000, 0x00000000ed000000| Complete 
| 209|0x00000000ed100000, 0x00000000ed200000, 0x00000000ed200000|100%| E|CS|TAMS 0x00000000ed100000, 0x00000000ed100000| Complete 
| 210|0x00000000ed200000, 0x00000000ed300000, 0x00000000ed300000|100%| E|CS|TAMS 0x00000000ed200000, 0x00000000ed200000| Complete 
| 211|0x00000000ed300000, 0x00000000ed400000, 0x00000000ed400000|100%| E|CS|TAMS 0x00000000ed300000, 0x00000000ed300000| Complete 
| 212|0x00000000ed400000, 0x00000000ed500000, 0x00000000ed500000|100%| E|CS|TAMS 0x00000000ed400000, 0x00000000ed400000| Complete 
| 213|0x00000000ed500000, 0x00000000ed600000, 0x00000000ed600000|100%| E|CS|TAMS 0x00000000ed500000, 0x00000000ed500000| Complete 
| 214|0x00000000ed600000, 0x00000000ed700000, 0x00000000ed700000|100%| E|CS|TAMS 0x00000000ed600000, 0x00000000ed600000| Complete 
| 215|0x00000000ed700000, 0x00000000ed800000, 0x00000000ed800000|100%| E|CS|TAMS 0x00000000ed700000, 0x00000000ed700000| Complete 
| 216|0x00000000ed800000, 0x00000000ed900000, 0x00000000ed900000|100%| E|CS|TAMS 0x00000000ed800000, 0x00000000ed800000| Complete 
| 217|0x00000000ed900000, 0x00000000eda00000, 0x00000000eda00000|100%| E|CS|TAMS 0x00000000ed900000, 0x00000000ed900000| Complete 
| 218|0x00000000eda00000, 0x00000000edb00000, 0x00000000edb00000|100%| E|CS|TAMS 0x00000000eda00000, 0x00000000eda00000| Complete 
| 219|0x00000000edb00000, 0x00000000edc00000, 0x00000000edc00000|100%| E|CS|TAMS 0x00000000edb00000, 0x00000000edb00000| Complete 
| 220|0x00000000edc00000, 0x00000000edd00000, 0x00000000edd00000|100%| E|CS|TAMS 0x00000000edc00000, 0x00000000edc00000| Complete 
| 221|0x00000000edd00000, 0x00000000ede00000, 0x00000000ede00000|100%| E|CS|TAMS 0x00000000edd00000, 0x00000000edd00000| Complete 
| 222|0x00000000ede00000, 0x00000000edf00000, 0x00000000edf00000|100%| E|CS|TAMS 0x00000000ede00000, 0x00000000ede00000| Complete 
| 223|0x00000000edf00000, 0x00000000ee000000, 0x00000000ee000000|100%| E|CS|TAMS 0x00000000edf00000, 0x00000000edf00000| Complete 
| 224|0x00000000ee000000, 0x00000000ee100000, 0x00000000ee100000|100%| E|CS|TAMS 0x00000000ee000000, 0x00000000ee000000| Complete 
| 225|0x00000000ee100000, 0x00000000ee200000, 0x00000000ee200000|100%| E|CS|TAMS 0x00000000ee100000, 0x00000000ee100000| Complete 
| 226|0x00000000ee200000, 0x00000000ee300000, 0x00000000ee300000|100%| E|CS|TAMS 0x00000000ee200000, 0x00000000ee200000| Complete 
| 227|0x00000000ee300000, 0x00000000ee400000, 0x00000000ee400000|100%| E|CS|TAMS 0x00000000ee300000, 0x00000000ee300000| Complete 
| 228|0x00000000ee400000, 0x00000000ee500000, 0x00000000ee500000|100%| E|CS|TAMS 0x00000000ee400000, 0x00000000ee400000| Complete 
| 229|0x00000000ee500000, 0x00000000ee600000, 0x00000000ee600000|100%| E|CS|TAMS 0x00000000ee500000, 0x00000000ee500000| Complete 
| 230|0x00000000ee600000, 0x00000000ee700000, 0x00000000ee700000|100%| E|CS|TAMS 0x00000000ee600000, 0x00000000ee600000| Complete 
| 231|0x00000000ee700000, 0x00000000ee800000, 0x00000000ee800000|100%| E|CS|TAMS 0x00000000ee700000, 0x00000000ee700000| Complete 
| 232|0x00000000ee800000, 0x00000000ee900000, 0x00000000ee900000|100%| E|CS|TAMS 0x00000000ee800000, 0x00000000ee800000| Complete 
| 233|0x00000000ee900000, 0x00000000eea00000, 0x00000000eea00000|100%| E|CS|TAMS 0x00000000ee900000, 0x00000000ee900000| Complete 
| 234|0x00000000eea00000, 0x00000000eeb00000, 0x00000000eeb00000|100%| E|CS|TAMS 0x00000000eea00000, 0x00000000eea00000| Complete 
| 235|0x00000000eeb00000, 0x00000000eec00000, 0x00000000eec00000|100%| E|CS|TAMS 0x00000000eeb00000, 0x00000000eeb00000| Complete 
| 236|0x00000000eec00000, 0x00000000eed00000, 0x00000000eed00000|100%| E|CS|TAMS 0x00000000eec00000, 0x00000000eec00000| Complete 
| 237|0x00000000eed00000, 0x00000000eee00000, 0x00000000eee00000|100%| E|CS|TAMS 0x00000000eed00000, 0x00000000eed00000| Complete 
| 238|0x00000000eee00000, 0x00000000eef00000, 0x00000000eef00000|100%| E|CS|TAMS 0x00000000eee00000, 0x00000000eee00000| Complete 
| 239|0x00000000eef00000, 0x00000000ef000000, 0x00000000ef000000|100%| E|CS|TAMS 0x00000000eef00000, 0x00000000eef00000| Complete 
| 240|0x00000000ef000000, 0x00000000ef100000, 0x00000000ef100000|100%| E|CS|TAMS 0x00000000ef000000, 0x00000000ef000000| Complete 
| 241|0x00000000ef100000, 0x00000000ef200000, 0x00000000ef200000|100%| E|CS|TAMS 0x00000000ef100000, 0x00000000ef100000| Complete 
| 242|0x00000000ef200000, 0x00000000ef300000, 0x00000000ef300000|100%| E|CS|TAMS 0x00000000ef200000, 0x00000000ef200000| Complete 
| 243|0x00000000ef300000, 0x00000000ef400000, 0x00000000ef400000|100%| E|CS|TAMS 0x00000000ef300000, 0x00000000ef300000| Complete 
| 244|0x00000000ef400000, 0x00000000ef500000, 0x00000000ef500000|100%| E|CS|TAMS 0x00000000ef400000, 0x00000000ef400000| Complete 
| 245|0x00000000ef500000, 0x00000000ef600000, 0x00000000ef600000|100%| E|CS|TAMS 0x00000000ef500000, 0x00000000ef500000| Complete 
| 246|0x00000000ef600000, 0x00000000ef700000, 0x00000000ef700000|100%| E|CS|TAMS 0x00000000ef600000, 0x00000000ef600000| Complete 
| 247|0x00000000ef700000, 0x00000000ef800000, 0x00000000ef800000|100%| E|CS|TAMS 0x00000000ef700000, 0x00000000ef700000| Complete 
| 248|0x00000000ef800000, 0x00000000ef900000, 0x00000000ef900000|100%| E|CS|TAMS 0x00000000ef800000, 0x00000000ef800000| Complete 
| 249|0x00000000ef900000, 0x00000000efa00000, 0x00000000efa00000|100%| E|CS|TAMS 0x00000000ef900000, 0x00000000ef900000| Complete 
| 250|0x00000000efa00000, 0x00000000efb00000, 0x00000000efb00000|100%| E|CS|TAMS 0x00000000efa00000, 0x00000000efa00000| Complete 
| 251|0x00000000efb00000, 0x00000000efc00000, 0x00000000efc00000|100%| E|CS|TAMS 0x00000000efb00000, 0x00000000efb00000| Complete 
| 252|0x00000000efc00000, 0x00000000efd00000, 0x00000000efd00000|100%| E|CS|TAMS 0x00000000efc00000, 0x00000000efc00000| Complete 
| 253|0x00000000efd00000, 0x00000000efe00000, 0x00000000efe00000|100%| E|CS|TAMS 0x00000000efd00000, 0x00000000efd00000| Complete 
| 254|0x00000000efe00000, 0x00000000eff00000, 0x00000000eff00000|100%| E|CS|TAMS 0x00000000efe00000, 0x00000000efe00000| Complete 
| 255|0x00000000eff00000, 0x00000000f0000000, 0x00000000f0000000|100%| E|CS|TAMS 0x00000000eff00000, 0x00000000eff00000| Complete 

Card table byte_map: [0x0000010f676f0000,0x0000010f677f0000] _byte_map_base: 0x0000010f66ff0000

Marking Bits (Prev, Next): (CMBitMap*) 0x0000010f5466e7d8, (CMBitMap*) 0x0000010f5466e810
 Prev Bits: [0x0000010f678f0000, 0x0000010f680f0000)
 Next Bits: [0x0000010f680f0000, 0x0000010f688f0000)

Polling page: 0x0000010f52cf0000

Metaspace:

Usage:
  Non-class:     45.28 MB capacity,    44.24 MB ( 98%) used,   939.33 KB (  2%) free+waste,   123.63 KB ( <1%) overhead. 
      Class:      6.97 MB capacity,     6.38 MB ( 91%) used,   547.61 KB (  8%) free+waste,    60.31 KB ( <1%) overhead. 
       Both:     52.25 MB capacity,    50.62 MB ( 97%) used,     1.45 MB (  3%) free+waste,   183.94 KB ( <1%) overhead. 

Virtual space:
  Non-class space:       46.00 MB reserved,      45.50 MB ( 99%) committed 
      Class space:      248.00 MB reserved,       7.00 MB (  3%) committed 
             Both:      294.00 MB reserved,      52.50 MB ( 18%) committed 

Chunk freelists:
   Non-Class:  34.00 KB
       Class:  26.00 KB
        Both:  60.00 KB

MaxMetaspaceSize: 256.00 MB
CompressedClassSpaceSize: 248.00 MB

CodeHeap 'non-profiled nmethods': size=120064Kb used=3244Kb max_used=3244Kb free=116819Kb
 bounds [0x0000010f5fa90000, 0x0000010f5fdc0000, 0x0000010f66fd0000]
CodeHeap 'profiled nmethods': size=120000Kb used=11575Kb max_used=11575Kb free=108425Kb
 bounds [0x0000010f58560000, 0x0000010f590c0000, 0x0000010f5fa90000]
CodeHeap 'non-nmethods': size=5696Kb used=2223Kb max_used=2263Kb free=3472Kb
 bounds [0x0000010f57fd0000, 0x0000010f58240000, 0x0000010f58560000]
 total_blobs=6164 nmethods=5361 adapters=714
 compilation: enabled
              stopped_count=0, restarted_count=0
 full_count=0

Compilation events (20 events):
Event: 141.079 Thread 0x0000010f6af1b000 5610       3       com.google.common.base.Platform::systemNanoTime (4 bytes)
Event: 141.079 Thread 0x0000010f6af1b000 nmethod 5610 0x0000010f590adf90 code [0x0000010f590ae140, 0x0000010f590ae238]
Event: 141.079 Thread 0x0000010f6af1b000 5611       3       com.google.common.cache.LocalCache$LoadingValueReference::set (9 bytes)
Event: 141.079 Thread 0x0000010f6af1b000 nmethod 5611 0x0000010f590ae310 code [0x0000010f590ae4e0, 0x0000010f590ae688]
Event: 141.079 Thread 0x0000010f6af1b000 5612       3       com.google.common.util.concurrent.SettableFuture::set (6 bytes)
Event: 141.080 Thread 0x0000010f6af1b000 nmethod 5612 0x0000010f590ae790 code [0x0000010f590ae980, 0x0000010f590aed08]
Event: 141.080 Thread 0x0000010f6af1b000 5615       3       java.util.ArrayList::grow (11 bytes)
Event: 141.080 Thread 0x0000010f6af1b000 nmethod 5615 0x0000010f590aee90 code [0x0000010f590af060, 0x0000010f590af338]
Event: 141.080 Thread 0x0000010f6af1b000 5613       3       java.security.MessageDigest$Delegate::<init> (11 bytes)
Event: 141.080 Thread 0x0000010f6af1b000 nmethod 5613 0x0000010f590af490 code [0x0000010f590af660, 0x0000010f590af938]
Event: 141.086 Thread 0x0000010f6af1b000 5617       1       java.lang.StackTraceElement::getLineNumber (5 bytes)
Event: 141.086 Thread 0x0000010f6af1b000 nmethod 5617 0x0000010f5fdba890 code [0x0000010f5fdbaa40, 0x0000010f5fdbaaf8]
Event: 141.086 Thread 0x0000010f6af1b000 5618       1       java.lang.StackTraceElement::getFileName (5 bytes)
Event: 141.086 Thread 0x0000010f6af1b000 nmethod 5618 0x0000010f5fdbab90 code [0x0000010f5fdbad40, 0x0000010f5fdbadf8]
Event: 141.087 Thread 0x0000010f6af1b000 5619       3       java.util.regex.Matcher::end (22 bytes)
Event: 141.087 Thread 0x0000010f6af1b000 nmethod 5619 0x0000010f590afa90 code [0x0000010f590afc60, 0x0000010f590afe68]
Event: 141.087 Thread 0x0000010f6af1b000 5620       1       java.lang.StackTraceElement::getClassName (5 bytes)
Event: 141.087 Thread 0x0000010f6af1b000 nmethod 5620 0x0000010f5fdbae90 code [0x0000010f5fdbb040, 0x0000010f5fdbb0f8]
Event: 141.101 Thread 0x0000010f6af1b000 5621       3       java.lang.ModuleLayer::boot (4 bytes)
Event: 141.101 Thread 0x0000010f6af1b000 nmethod 5621 0x0000010f590aff90 code [0x0000010f590b0140, 0x0000010f590b0238]

GC Heap History (14 events):
Event: 1.208 GC heap before
{Heap before GC invocations=0 (full 0):
 garbage-first heap   total 262144K, used 19456K [0x00000000e0000000, 0x0000000100000000)
  region size 1024K, 14 young (14336K), 0 survivors (0K)
 Metaspace       used 7402K, capacity 7631K, committed 7936K, reserved 262144K
  class space    used 667K, capacity 716K, committed 768K, reserved 253952K
}
Event: 1.212 GC heap after
{Heap after GC invocations=1 (full 0):
 garbage-first heap   total 262144K, used 8262K [0x00000000e0000000, 0x0000000100000000)
  region size 1024K, 2 young (2048K), 2 survivors (2048K)
 Metaspace       used 7402K, capacity 7631K, committed 7936K, reserved 262144K
  class space    used 667K, capacity 716K, committed 768K, reserved 253952K
}
Event: 3.292 GC heap before
{Heap before GC invocations=1 (full 0):
 garbage-first heap   total 262144K, used 48198K [0x00000000e0000000, 0x0000000100000000)
  region size 1024K, 42 young (43008K), 2 survivors (2048K)
 Metaspace       used 10705K, capacity 10885K, committed 11008K, reserved 264192K
  class space    used 1104K, capacity 1164K, committed 1280K, reserved 253952K
}
Event: 3.300 GC heap after
{Heap after GC invocations=2 (full 0):
 garbage-first heap   total 262144K, used 13254K [0x00000000e0000000, 0x0000000100000000)
  region size 1024K, 6 young (6144K), 6 survivors (6144K)
 Metaspace       used 10705K, capacity 10885K, committed 11008K, reserved 264192K
  class space    used 1104K, capacity 1164K, committed 1280K, reserved 253952K
}
Event: 6.560 GC heap before
{Heap before GC invocations=2 (full 0):
 garbage-first heap   total 262144K, used 54214K [0x00000000e0000000, 0x0000000100000000)
  region size 1024K, 46 young (47104K), 6 survivors (6144K)
 Metaspace       used 18746K, capacity 19172K, committed 19328K, reserved 272384K
  class space    used 2242K, capacity 2374K, committed 2432K, reserved 253952K
}
Event: 6.575 GC heap after
{Heap after GC invocations=3 (full 0):
 garbage-first heap   total 262144K, used 15986K [0x00000000e0000000, 0x0000000100000000)
  region size 1024K, 3 young (3072K), 3 survivors (3072K)
 Metaspace       used 18746K, capacity 19172K, committed 19328K, reserved 272384K
  class space    used 2242K, capacity 2374K, committed 2432K, reserved 253952K
}
Event: 8.217 GC heap before
{Heap before GC invocations=3 (full 0):
 garbage-first heap   total 262144K, used 30322K [0x00000000e0000000, 0x0000000100000000)
  region size 1024K, 18 young (18432K), 3 survivors (3072K)
 Metaspace       used 20591K, capacity 21065K, committed 21248K, reserved 272384K
  class space    used 2504K, capacity 2691K, committed 2816K, reserved 253952K
}
Event: 8.224 GC heap after
{Heap after GC invocations=4 (full 0):
 garbage-first heap   total 262144K, used 16319K [0x00000000e0000000, 0x0000000100000000)
  region size 1024K, 4 young (4096K), 4 survivors (4096K)
 Metaspace       used 20591K, capacity 21065K, committed 21248K, reserved 272384K
  class space    used 2504K, capacity 2691K, committed 2816K, reserved 253952K
}
Event: 10.611 GC heap before
{Heap before GC invocations=5 (full 0):
 garbage-first heap   total 262144K, used 64447K [0x00000000e0000000, 0x0000000100000000)
  region size 1024K, 51 young (52224K), 4 survivors (4096K)
 Metaspace       used 25784K, capacity 26444K, committed 26752K, reserved 278528K
  class space    used 3358K, capacity 3617K, committed 3712K, reserved 253952K
}
Event: 10.622 GC heap after
{Heap after GC invocations=6 (full 0):
 garbage-first heap   total 262144K, used 18569K [0x00000000e0000000, 0x0000000100000000)
  region size 1024K, 6 young (6144K), 6 survivors (6144K)
 Metaspace       used 25784K, capacity 26444K, committed 26752K, reserved 278528K
  class space    used 3358K, capacity 3617K, committed 3712K, reserved 253952K
}
Event: 25.473 GC heap before
{Heap before GC invocations=6 (full 0):
 garbage-first heap   total 262144K, used 92297K [0x00000000e0000000, 0x0000000100000000)
  region size 1024K, 71 young (72704K), 6 survivors (6144K)
 Metaspace       used 34905K, capacity 35751K, committed 35840K, reserved 286720K
  class space    used 4581K, capacity 4907K, committed 4992K, reserved 253952K
}
Event: 25.494 GC heap after
{Heap after GC invocations=7 (full 0):
 garbage-first heap   total 262144K, used 33474K [0x00000000e0000000, 0x0000000100000000)
  region size 1024K, 11 young (11264K), 11 survivors (11264K)
 Metaspace       used 34905K, capacity 35751K, committed 35840K, reserved 286720K
  class space    used 4581K, capacity 4907K, committed 4992K, reserved 253952K
}
Event: 128.213 GC heap before
{Heap before GC invocations=8 (full 0):
 garbage-first heap   total 262144K, used 170690K [0x00000000e0000000, 0x0000000100000000)
  region size 1024K, 135 young (138240K), 11 survivors (11264K)
 Metaspace       used 47687K, capacity 49047K, committed 49280K, reserved 296960K
  class space    used 5944K, capacity 6432K, committed 6528K, reserved 253952K
}
Event: 128.258 GC heap after
{Heap after GC invocations=9 (full 0):
 garbage-first heap   total 262144K, used 50864K [0x00000000e0000000, 0x0000000100000000)
  region size 1024K, 17 young (17408K), 17 survivors (17408K)
 Metaspace       used 47687K, capacity 49047K, committed 49280K, reserved 296960K
  class space    used 5944K, capacity 6432K, committed 6528K, reserved 253952K
}

Deoptimization events (20 events):
Event: 140.063 Thread 0x0000010f6d165000 Uncommon trap: trap_request=0xffffff4d fr.pc=0x0000010f5fda2af0 relative=0x0000000000000290
Event: 140.063 Thread 0x0000010f6d165000 Uncommon trap: reason=unstable_if action=reinterpret pc=0x0000010f5fda2af0 method=com.esotericsoftware.kryo.io.Output.writeString(Ljava/lang/CharSequence;)V @ 1 c2
Event: 140.063 Thread 0x0000010f6d165000 DEOPT PACKING pc=0x0000010f5fda2af0 sp=0x00000007d5ef7a50
Event: 140.063 Thread 0x0000010f6d165000 DEOPT UNPACKING pc=0x0000010f57ff74af sp=0x00000007d5ef79e8 mode 2
Event: 140.064 Thread 0x0000010f6d165000 Uncommon trap: trap_request=0xffffff4d fr.pc=0x0000010f5fd936c8 relative=0x0000000000000c28
Event: 140.064 Thread 0x0000010f6d165000 Uncommon trap: reason=unstable_if action=reinterpret pc=0x0000010f5fd936c8 method=com.esotericsoftware.kryo.io.Input.readUtf8Length(I)I @ 9 c2
Event: 140.064 Thread 0x0000010f6d165000 DEOPT PACKING pc=0x0000010f5fd936c8 sp=0x00000007d5ef7c70
Event: 140.064 Thread 0x0000010f6d165000 DEOPT UNPACKING pc=0x0000010f57ff74af sp=0x00000007d5ef7bc8 mode 2
Event: 140.177 Thread 0x0000010f6ed7b800 Uncommon trap: trap_request=0xffffff4d fr.pc=0x0000010f5fd94408 relative=0x0000000000000068
Event: 140.177 Thread 0x0000010f6ed7b800 Uncommon trap: reason=unstable_if action=reinterpret pc=0x0000010f5fd94408 method=com.esotericsoftware.kryo.io.Input.readUtf8Length(I)I @ 9 c2
Event: 140.177 Thread 0x0000010f6ed7b800 DEOPT PACKING pc=0x0000010f5fd94408 sp=0x00000007d43fce90
Event: 140.177 Thread 0x0000010f6ed7b800 DEOPT UNPACKING pc=0x0000010f57ff74af sp=0x00000007d43fce20 mode 2
Event: 140.179 Thread 0x0000010f6d165000 Uncommon trap: trap_request=0xffffff4d fr.pc=0x0000010f5fb2e5a8 relative=0x0000000000000148
Event: 140.179 Thread 0x0000010f6d165000 Uncommon trap: reason=unstable_if action=reinterpret pc=0x0000010f5fb2e5a8 method=java.util.concurrent.ConcurrentHashMap.addCount(JI)V @ 7 c2
Event: 140.179 Thread 0x0000010f6ed7b800 Uncommon trap: trap_request=0xffffff4d fr.pc=0x0000010f5fb2e5a8 relative=0x0000000000000148
Event: 140.179 Thread 0x0000010f6d165000 DEOPT PACKING pc=0x0000010f5fb2e5a8 sp=0x00000007d5ef8d30
Event: 140.179 Thread 0x0000010f6ed7b800 Uncommon trap: reason=unstable_if action=reinterpret pc=0x0000010f5fb2e5a8 method=java.util.concurrent.ConcurrentHashMap.addCount(JI)V @ 7 c2
Event: 140.179 Thread 0x0000010f6ed7b800 DEOPT PACKING pc=0x0000010f5fb2e5a8 sp=0x00000007d43fdf90
Event: 140.179 Thread 0x0000010f6d165000 DEOPT UNPACKING pc=0x0000010f57ff74af sp=0x00000007d5ef8c70 mode 2
Event: 140.179 Thread 0x0000010f6ed7b800 DEOPT UNPACKING pc=0x0000010f57ff74af sp=0x00000007d43fded0 mode 2

Classes redefined (0 events):
No events

Internal exceptions (20 events):
Event: 131.484 Thread 0x0000010f6d165000 Exception <a 'java/lang/ClassNotFoundException'{0x00000000ee389aa0}: build_7wj9q2nw2mdonwfvw0tkk3kbrBeanInfo> (0x00000000ee389aa0) thrown at [./src/hotspot/share/classfile/systemDictionary.cpp, line 231]
Event: 131.485 Thread 0x0000010f6d165000 Exception <a 'java/lang/ClassNotFoundException'{0x00000000ee39ba18}: org/gradle/api/internal/project/ProjectScriptBeanInfo> (0x00000000ee39ba18) thrown at [./src/hotspot/share/classfile/systemDictionary.cpp, line 231]
Event: 131.485 Thread 0x0000010f6d165000 Exception <a 'java/lang/ClassNotFoundException'{0x00000000ee3adb60}: org/gradle/api/internal/project/ProjectScriptCustomizer> (0x00000000ee3adb60) thrown at [./src/hotspot/share/classfile/systemDictionary.cpp, line 231]
Event: 131.486 Thread 0x0000010f6d165000 Exception <a 'java/lang/ClassNotFoundException'{0x00000000ee3c77d8}: build_7wj9q2nw2mdonwfvw0tkk3kbrCustomizer> (0x00000000ee3c77d8) thrown at [./src/hotspot/share/classfile/systemDictionary.cpp, line 231]
Event: 131.520 Thread 0x0000010f6d165000 Exception <a 'java/lang/ClassNotFoundException'{0x00000000ede01580}: org/gradle/api/internal/artifacts/dsl/DefaultRepositoryHandler_DecoratedBeanInfo> (0x00000000ede01580) thrown at [./src/hotspot/share/classfile/systemDictionary.cpp, line 231]
Event: 131.521 Thread 0x0000010f6d165000 Exception <a 'java/lang/ClassNotFoundException'{0x00000000ede332b8}: org/gradle/api/internal/artifacts/dsl/DefaultRepositoryHandlerBeanInfo> (0x00000000ede332b8) thrown at [./src/hotspot/share/classfile/systemDictionary.cpp, line 231]
Event: 131.524 Thread 0x0000010f6d165000 Exception <a 'java/lang/ClassNotFoundException'{0x00000000ede67448}: org/gradle/api/internal/artifacts/DefaultArtifactRepositoryContainerBeanInfo> (0x00000000ede67448) thrown at [./src/hotspot/share/classfile/systemDictionary.cpp, line 231]
Event: 131.525 Thread 0x0000010f6d165000 Exception <a 'java/lang/ClassNotFoundException'{0x00000000ede8b8a8}: org/gradle/api/internal/DefaultNamedDomainObjectListBeanInfo> (0x00000000ede8b8a8) thrown at [./src/hotspot/share/classfile/systemDictionary.cpp, line 231]
Event: 131.526 Thread 0x0000010f6d165000 Exception <a 'java/lang/ClassNotFoundException'{0x00000000edeb0b58}: org/gradle/api/internal/DefaultNamedDomainObjectCollectionBeanInfo> (0x00000000edeb0b58) thrown at [./src/hotspot/share/classfile/systemDictionary.cpp, line 231]
Event: 131.527 Thread 0x0000010f6d165000 Exception <a 'java/lang/ClassNotFoundException'{0x00000000eded4e28}: org/gradle/api/internal/DefaultDomainObjectCollectionBeanInfo> (0x00000000eded4e28) thrown at [./src/hotspot/share/classfile/systemDictionary.cpp, line 231]
Event: 131.527 Thread 0x0000010f6d165000 Exception <a 'java/lang/ClassNotFoundException'{0x00000000edef9440}: org/gradle/api/internal/DefaultDomainObjectCollectionCustomizer> (0x00000000edef9440) thrown at [./src/hotspot/share/classfile/systemDictionary.cpp, line 231]
Event: 131.531 Thread 0x0000010f6d165000 Exception <a 'java/lang/ClassNotFoundException'{0x00000000edd3c0c0}: org/gradle/api/internal/DefaultNamedDomainObjectCollectionCustomizer> (0x00000000edd3c0c0) thrown at [./src/hotspot/share/classfile/systemDictionary.cpp, line 231]
Event: 131.534 Thread 0x0000010f6d165000 Exception <a 'java/lang/ClassNotFoundException'{0x00000000edd8d1c0}: org/gradle/api/internal/DefaultNamedDomainObjectListCustomizer> (0x00000000edd8d1c0) thrown at [./src/hotspot/share/classfile/systemDictionary.cpp, line 231]
Event: 131.537 Thread 0x0000010f6d165000 Exception <a 'java/lang/ClassNotFoundException'{0x00000000eddda560}: org/gradle/api/internal/artifacts/DefaultArtifactRepositoryContainerCustomizer> (0x00000000eddda560) thrown at [./src/hotspot/share/classfile/systemDictionary.cpp, line 231]
Event: 131.540 Thread 0x0000010f6d165000 Exception <a 'java/lang/ClassNotFoundException'{0x00000000edc1dc90}: org/gradle/api/internal/artifacts/dsl/DefaultRepositoryHandlerCustomizer> (0x00000000edc1dc90) thrown at [./src/hotspot/share/classfile/systemDictionary.cpp, line 231]
Event: 131.545 Thread 0x0000010f6d165000 Exception <a 'java/lang/ClassNotFoundException'{0x00000000edc72cd8}: org/gradle/api/internal/artifacts/dsl/DefaultRepositoryHandler_DecoratedCustomizer> (0x00000000edc72cd8) thrown at [./src/hotspot/share/classfile/systemDictionary.cpp, line 231]
Event: 131.685 Thread 0x0000010f6d165000 Exception <a 'java/lang/NoSuchMethodError'{0x00000000ed8016a0}: 'int java.lang.invoke.DirectMethodHandle$Holder.invokeStaticInit(java.lang.Object, java.lang.Object, java.lang.Object, java.lang.Object)'> (0x00000000ed8016a0) thrown at [./src/hotspot/share/interpreter/linkResolver.cpp, line 773]
Event: 139.948 Thread 0x0000010f6d165000 Exception <a 'java/lang/NoSuchMethodError'{0x00000000ec55ba18}: 'void java.lang.invoke.DirectMethodHandle$Holder.invokeStatic(java.lang.Object, java.lang.Object, java.lang.Object, int, java.lang.Object)'> (0x00000000ec55ba18) thrown at [./src/hotspot/share/interpreter/linkResolver.cpp, line 773]
Event: 140.063 Thread 0x0000010f6d165000 Implicit null exception at 0x0000010f5fda288f to 0x0000010f5fda2ae0
Event: 141.081 Thread 0x0000010f6d165000 Exception <a 'java/lang/OutOfMemoryError'{0x00000000ec077bc8}: unable to create native thread: possibly out of memory or process/resource limits reached> (0x00000000ec077bc8) thrown at [./src/hotspot/share/prims/jvm.cpp, line 2915]

Events (20 events):
Event: 141.100 loading class java/util/logging/LogRecord done
Event: 141.100 loading class java/time/Clock
Event: 141.100 loading class java/time/Clock done
Event: 141.100 loading class java/time/Clock$SystemClock
Event: 141.101 loading class java/time/Clock$SystemClock done
Event: 141.101 loading class org/gradle/cache/internal/InMemoryCacheController
Event: 141.101 loading class org/gradle/cache/internal/InMemoryCacheController done
Event: 141.101 loading class org/gradle/cache/internal/InMemoryCacheController
Event: 141.101 loading class org/gradle/cache/internal/InMemoryCacheController done
Event: 141.102 loading class org/gradle/internal/buildevents/BuildExceptionReporter$FailureDetails
Event: 141.102 loading class org/gradle/internal/buildevents/BuildExceptionReporter$FailureDetails done
Event: 141.102 loading class org/gradle/internal/logging/text/BufferingStyledTextOutput
Event: 141.102 loading class org/gradle/internal/logging/text/BufferingStyledTextOutput done
Event: 141.102 loading class org/gradle/internal/buildevents/BuildExceptionReporter$ExceptionStyle
Event: 141.102 loading class org/gradle/internal/buildevents/BuildExceptionReporter$ExceptionStyle done
Event: 141.103 loading class org/gradle/internal/logging/text/BufferingStyledTextOutput$1
Event: 141.103 loading class org/gradle/internal/logging/text/BufferingStyledTextOutput$1 done
Event: 141.103 loading class org/gradle/internal/logging/text/AbstractStyledTextOutput$StyleOverrideTextOutput
Event: 141.103 loading class org/gradle/internal/logging/text/AbstractStyledTextOutput$StyleOverrideTextOutput done
Event: 141.103 Executing VM operation: Deoptimize


Dynamic libraries:
0x00007ff64f5c0000 - 0x00007ff64f5ca000 	C:\Program Files\Android\Android Studio\jre\bin\java.exe
0x00007ff9a8dd0000 - 0x00007ff9a8fc5000 	C:\Windows\SYSTEM32\ntdll.dll
0x00007ff9a86c0000 - 0x00007ff9a877d000 	C:\Windows\System32\KERNEL32.DLL
0x00007ff9a69a0000 - 0x00007ff9a6c69000 	C:\Windows\System32\KERNELBASE.dll
0x00007ff9a6800000 - 0x00007ff9a6900000 	C:\Windows\System32\ucrtbase.dll
0x00007ff98da40000 - 0x00007ff98da57000 	C:\Program Files\Android\Android Studio\jre\bin\VCRUNTIME140.dll
0x00007ff98dc80000 - 0x00007ff98dc99000 	C:\Program Files\Android\Android Studio\jre\bin\jli.dll
0x00007ff9a8780000 - 0x00007ff9a8920000 	C:\Windows\System32\USER32.dll
0x00007ff9a65b0000 - 0x00007ff9a65d2000 	C:\Windows\System32\win32u.dll
0x00007ff995ee0000 - 0x00007ff99617a000 	C:\Windows\WinSxS\amd64_microsoft.windows.common-controls_6595b64144ccf1df_6.0.19041.1110_none_60b5254171f9507e\COMCTL32.dll
0x00007ff9a6e30000 - 0x00007ff9a6e5a000 	C:\Windows\System32\GDI32.dll
0x00007ff9a7cf0000 - 0x00007ff9a7d8e000 	C:\Windows\System32\msvcrt.dll
0x00007ff9a6630000 - 0x00007ff9a673b000 	C:\Windows\System32\gdi32full.dll
0x00007ff9a6900000 - 0x00007ff9a699d000 	C:\Windows\System32\msvcp_win.dll
0x00007ff9a8690000 - 0x00007ff9a86c0000 	C:\Windows\System32\IMM32.DLL
0x00007ff97e960000 - 0x00007ff97e9fd000 	C:\Program Files\Android\Android Studio\jre\bin\msvcp140.dll
0x00007ff973de0000 - 0x00007ff97489c000 	C:\Program Files\Android\Android Studio\jre\bin\server\jvm.dll
0x00007ff9a7270000 - 0x00007ff9a731c000 	C:\Windows\System32\ADVAPI32.dll
0x00007ff9a71d0000 - 0x00007ff9a726b000 	C:\Windows\System32\sechost.dll
0x00007ff9a70a0000 - 0x00007ff9a71ca000 	C:\Windows\System32\RPCRT4.dll
0x00007ff9a76b0000 - 0x00007ff9a76b8000 	C:\Windows\System32\PSAPI.DLL
0x00007ff98da60000 - 0x00007ff98da87000 	C:\Windows\SYSTEM32\WINMM.dll
0x00007ff99afb0000 - 0x00007ff99afb9000 	C:\Windows\SYSTEM32\WSOCK32.dll
0x00007ff996950000 - 0x00007ff99695a000 	C:\Windows\SYSTEM32\VERSION.dll
0x00007ff9a7640000 - 0x00007ff9a76ab000 	C:\Windows\System32\WS2_32.dll
0x00007ff9a4410000 - 0x00007ff9a4422000 	C:\Windows\SYSTEM32\kernel.appcore.dll
0x00007ff996b10000 - 0x00007ff996b21000 	C:\Program Files\Android\Android Studio\jre\bin\verify.dll
0x00007ff9a3dc0000 - 0x00007ff9a3fa4000 	C:\Windows\SYSTEM32\DBGHELP.DLL
0x00007ff990e80000 - 0x00007ff990eac000 	C:\Windows\SYSTEM32\dbgcore.DLL
0x00007ff9a6770000 - 0x00007ff9a67f3000 	C:\Windows\System32\bcryptPrimitives.dll
0x00007ff996ae0000 - 0x00007ff996b09000 	C:\Program Files\Android\Android Studio\jre\bin\java.dll
0x00007ff997030000 - 0x00007ff99703b000 	C:\Program Files\Android\Android Studio\jre\bin\jimage.dll
0x00007ff996ac0000 - 0x00007ff996ad8000 	C:\Program Files\Android\Android Studio\jre\bin\zip.dll
0x00007ff9a7e20000 - 0x00007ff9a855f000 	C:\Windows\System32\SHELL32.dll
0x00007ff9a4610000 - 0x00007ff9a4da0000 	C:\Windows\SYSTEM32\windows.storage.dll
0x00007ff9a8920000 - 0x00007ff9a8c75000 	C:\Windows\System32\combase.dll
0x00007ff9a5f60000 - 0x00007ff9a5f8c000 	C:\Windows\SYSTEM32\Wldp.dll
0x00007ff9a8ce0000 - 0x00007ff9a8d8e000 	C:\Windows\System32\SHCORE.dll
0x00007ff9a6e60000 - 0x00007ff9a6eb5000 	C:\Windows\System32\shlwapi.dll
0x00007ff9a6440000 - 0x00007ff9a645f000 	C:\Windows\SYSTEM32\profapi.dll
0x00007ff996a30000 - 0x00007ff996a4a000 	C:\Program Files\Android\Android Studio\jre\bin\net.dll
0x00007ff99b570000 - 0x00007ff99b678000 	C:\Windows\SYSTEM32\WINHTTP.dll
0x00007ff9a5cc0000 - 0x00007ff9a5d2a000 	C:\Windows\system32\mswsock.dll
0x00007ff996a10000 - 0x00007ff996a24000 	C:\Program Files\Android\Android Studio\jre\bin\nio.dll
0x00007ff98dca0000 - 0x00007ff98dcc7000 	C:\Users\Malikzain\.gradle\native\49d0259a56938c7f99b2704e745ce422c4f750a7a20b539a32ccef96729676b1\windows-amd64\native-platform.dll
0x00007ff974e10000 - 0x00007ff974fa6000 	C:\Users\Malikzain\.gradle\native\12488b8bf47d2d4c9fbf2f6322a914ad602e24e48041cd04a747c6da556b65c4\windows-amd64\native-platform-file-events.dll
0x00007ff996b70000 - 0x00007ff996b7a000 	C:\Program Files\Android\Android Studio\jre\bin\management.dll
0x00007ff996ab0000 - 0x00007ff996abc000 	C:\Program Files\Android\Android Studio\jre\bin\management_ext.dll
0x00007ff9a5eb0000 - 0x00007ff9a5ec8000 	C:\Windows\SYSTEM32\CRYPTSP.dll
0x00007ff9a55d0000 - 0x00007ff9a5604000 	C:\Windows\system32\rsaenh.dll
0x00007ff9a6740000 - 0x00007ff9a6767000 	C:\Windows\System32\bcrypt.dll
0x00007ff9a63c0000 - 0x00007ff9a63ee000 	C:\Windows\SYSTEM32\USERENV.dll
0x00007ff9a5ed0000 - 0x00007ff9a5edc000 	C:\Windows\SYSTEM32\CRYPTBASE.dll
0x00007ff9a5960000 - 0x00007ff9a599b000 	C:\Windows\SYSTEM32\IPHLPAPI.DLL
0x00007ff9a6fe0000 - 0x00007ff9a6fe8000 	C:\Windows\System32\NSI.dll
0x00007ff99ceb0000 - 0x00007ff99cec7000 	C:\Windows\SYSTEM32\dhcpcsvc6.DLL
0x00007ff99cf80000 - 0x00007ff99cf9d000 	C:\Windows\SYSTEM32\dhcpcsvc.DLL
0x00007ff9a59b0000 - 0x00007ff9a5a7c000 	C:\Windows\SYSTEM32\DNSAPI.dll

dbghelp: loaded successfully - version: 4.0.5 - missing functions: none
symbol engine: initialized successfully - sym options: 0x614 - pdb path: .;C:\Program Files\Android\Android Studio\jre\bin;C:\Windows\SYSTEM32;C:\Windows\WinSxS\amd64_microsoft.windows.common-controls_6595b64144ccf1df_6.0.19041.1110_none_60b5254171f9507e;C:\Program Files\Android\Android Studio\jre\bin\server;C:\Users\Malikzain\.gradle\native\49d0259a56938c7f99b2704e745ce422c4f750a7a20b539a32ccef96729676b1\windows-amd64;C:\Users\Malikzain\.gradle\native\12488b8bf47d2d4c9fbf2f6322a914ad602e24e48041cd04a747c6da556b65c4\windows-amd64

VM Arguments:
jvm_args: -XX:MaxMetaspaceSize=256m -XX:+HeapDumpOnOutOfMemoryError --add-opens=java.base/java.util=ALL-UNNAMED --add-opens=java.base/java.lang=ALL-UNNAMED --add-opens=java.base/java.lang.invoke=ALL-UNNAMED --add-opens=java.prefs/java.util.prefs=ALL-UNNAMED -Xms256m -Xmx512m -Dfile.encoding=windows-1252 -Duser.country=US -Duser.language=en -Duser.variant 
java_command: org.gradle.launcher.daemon.bootstrap.GradleDaemon 6.9
java_class_path (initial): C:\Users\Malikzain\.gradle\wrapper\dists\gradle-6.9-all\dooywd8nv05k16orzxge2b1bs\gradle-6.9\lib\gradle-launcher-6.9.jar
Launcher Type: SUN_STANDARD

[Global flags]
     intx CICompilerCount                          = 3                                         {product} {ergonomic}
   size_t CompressedClassSpaceSize                 = 260046848                                 {product} {ergonomic}
     uint ConcGCThreads                            = 1                                         {product} {ergonomic}
     uint G1ConcRefinementThreads                  = 4                                         {product} {ergonomic}
   size_t G1HeapRegionSize                         = 1048576                                   {product} {ergonomic}
    uintx GCDrainStackTargetSize                   = 64                                        {product} {ergonomic}
     bool HeapDumpOnOutOfMemoryError               = true                                   {manageable} {command line}
   size_t InitialHeapSize                          = 268435456                                 {product} {command line}
   size_t MarkStackSize                            = 4194304                                   {product} {ergonomic}
   size_t MaxHeapSize                              = 536870912                                 {product} {command line}
   size_t MaxMetaspaceSize                         = 268435456                                 {product} {command line}
   size_t MaxNewSize                               = 321912832                                 {product} {ergonomic}
   size_t MinHeapDeltaBytes                        = 1048576                                   {product} {ergonomic}
    uintx NonNMethodCodeHeapSize                   = 5830732                                {pd product} {ergonomic}
    uintx NonProfiledCodeHeapSize                  = 122913754                              {pd product} {ergonomic}
    uintx ProfiledCodeHeapSize                     = 122913754                              {pd product} {ergonomic}
    uintx ReservedCodeCacheSize                    = 251658240                              {pd product} {ergonomic}
     bool SegmentedCodeCache                       = true                                      {product} {ergonomic}
     bool UseCompressedClassPointers               = true                                 {lp64_product} {ergonomic}
     bool UseCompressedOops                        = true                                 {lp64_product} {ergonomic}
     bool UseG1GC                                  = true                                      {product} {ergonomic}
     bool UseLargePagesIndividualAllocation        = false                                  {pd product} {ergonomic}

Logging:
Log output configuration:
 #0: stdout all=warning uptime,level,tags
 #1: stderr all=off uptime,level,tags

Environment Variables:
PATH=C:\Program Files (x86)\Common Files\Oracle\Java\javapath;C:\Windows\system32;C:\Windows;C:\Windows\System32\Wbem;C:\Windows\System32\WindowsPowerShell\v1.0\;C:\Windows\System32\OpenSSH\;C:\Program Files\Git\cmd;E:\Android\Sdk;E:\Android\Sdk\platform-tools;E:\Android\Sdk\emulator;C:\Program Files\nodejs\;C:\Users\Malikzain\AppData\Roaming\npm;C:\Program Files\Java\jdk-12.0.2\bin;C:\Program Files\dotnet\;C:\Users\Malikzain\AppData\Local\Programs\Python\Python38\Scripts\;C:\Users\Malikzain\AppData\Local\Programs\Python\Python38\;C:\Users\Malikzain\AppData\Local\Microsoft\WindowsApps;;C:\Users\Malikzain\AppData\Local\Programs\Microsoft VS Code\bin;C:\Users\Malikzain\AppData\Roaming\npm
USERNAME=Malikzain
OS=Windows_NT
PROCESSOR_IDENTIFIER=Intel64 Family 6 Model 60 Stepping 3, GenuineIntel



---------------  S Y S T E M  ---------------

OS: Windows 10 , 64 bit Build 19041 (10.0.19041.1151)
OS uptime: 0 days 2:26 hours

CPU:total 4 (initial active 4) (2 cores per cpu, 2 threads per core) family 6 model 60 stepping 3, cmov, cx8, fxsr, mmx, sse, sse2, sse3, ssse3, sse4.1, sse4.2, popcnt, avx, avx2, aes, clmul, erms, lzcnt, ht, tsc, tscinvbit, bmi1, bmi2, fma

Memory: 4k page, system-wide physical 8089M (484M free)
TotalPageFile size 10137M (AvailPageFile size 1M)
current process WorkingSet (physical memory assigned to process): 336M, peak: 350M
current process commit charge ("private bytes"): 440M, peak: 455M

vm_info: OpenJDK 64-Bit Server VM (11.0.8+10-b944.6842174) for windows-amd64 JRE (11.0.8+10-b944.6842174), built on Sep 19 2020 01:11:42 by "builder" with MS VC++ 14.0 (VS2015)

END.
