#
# There is insufficient memory for the Java Runtime Environment to continue.
# Native memory allocation (malloc) failed to allocate 966016 bytes for Chunk::new
# Possible reasons:
#   The system is out of physical RAM or swap space
#   The process is running with CompressedOops enabled, and the Java Heap may be blocking the growth of the native heap
# Possible solutions:
#   Reduce memory load on the system
#   Increase physical memory or swap space
#   Check if swap backing store is full
#   Decrease Java heap size (-Xmx/-Xms)
#   Decrease number of Java threads
#   Decrease Java thread stack sizes (-Xss)
#   Set larger code cache with -XX:ReservedCodeCacheSize=
#   JVM is running with Unscaled Compressed Oops mode in which the Java heap is
#     placed in the first 4GB address space. The Java Heap base address is the
#     maximum limit for the native heap growth. Please use -XX:HeapBaseMinAddress
#     to set the Java Heap base and to place the Java Heap above 4GB virtual address.
# This output file may be truncated or incomplete.
#
#  Out of Memory Error (./src/hotspot/share/memory/arena.cpp:197), pid=1180, tid=10316
#
# JRE version: OpenJDK Runtime Environment (11.0.8+10) (build 11.0.8+10-b944.6842174)
# Java VM: OpenJDK 64-Bit Server VM (11.0.8+10-b944.6842174, mixed mode, tiered, compressed oops, g1 gc, windows-amd64)
# No core dump will be written. Minidumps are not enabled by default on client versions of Windows
#

---------------  S U M M A R Y ------------

Command Line: --add-opens=java.base/java.util=ALL-UNNAMED --add-opens=java.base/java.lang=ALL-UNNAMED --add-opens=java.base/java.lang.invoke=ALL-UNNAMED --add-opens=java.prefs/java.util.prefs=ALL-UNNAMED -XX:MaxMetaspaceSize=256m -XX:+HeapDumpOnOutOfMemoryError -Xms256m -Xmx512m -Dfile.encoding=windows-1252 -Duser.country=US -Duser.language=en -Duser.variant org.gradle.launcher.daemon.bootstrap.GradleDaemon 6.9

Host: Intel(R) Core(TM) i5-4300M CPU @ 2.60GHz, 4 cores, 7G,  Windows 10 , 64 bit Build 19041 (10.0.19041.1151)
Time: Sat Sep 11 16:43:01 2021 Pakistan Standard Time elapsed time: 13 seconds (0d 0h 0m 13s)

---------------  T H R E A D  ---------------

Current thread (0x0000011fefc63800):  JavaThread "C2 CompilerThread0" daemon [_thread_in_native, id=10316, stack(0x0000001d71e00000,0x0000001d71f00000)]


Current CompileTask:
C2:  13855 2557       4       jdk.internal.loader.URLClassPath::getResource (74 bytes)

Stack: [0x0000001d71e00000,0x0000001d71f00000]
Native frames: (J=compiled Java code, j=interpreted, Vv=VM code, C=native code)
V  [jvm.dll+0x5de50a]
V  [jvm.dll+0x7122f5]
V  [jvm.dll+0x71384d]
V  [jvm.dll+0x713f03]
V  [jvm.dll+0x23e728]
V  [jvm.dll+0xb899c]
V  [jvm.dll+0xb8e9c]
V  [jvm.dll+0x2b20e4]
V  [jvm.dll+0x502098]
V  [jvm.dll+0x1f8a85]
V  [jvm.dll+0x1f685f]
V  [jvm.dll+0x17f32c]
V  [jvm.dll+0x205047]
V  [jvm.dll+0x203891]
V  [jvm.dll+0x6dad3f]
V  [jvm.dll+0x6d3895]
V  [jvm.dll+0x5dd4a6]
C  [ucrtbase.dll+0x21bb2]
C  [KERNEL32.DLL+0x17034]
C  [ntdll.dll+0x52651]


---------------  P R O C E S S  ---------------

Threads class SMR info:
_java_thread_list=0x0000011ff3f24050, length=29, elements={
0x0000011fd9389800, 0x0000011fefc41000, 0x0000011fefc41800, 0x0000011ff05c4800,
0x0000011fefc61000, 0x0000011fefc63800, 0x0000011fefc72000, 0x0000011fefc7b800,
0x0000011ff0723000, 0x0000011ff0731000, 0x0000011ff2eac800, 0x0000011ff1dd5800,
0x0000011ff3847800, 0x0000011ff36ff000, 0x0000011ff2743800, 0x0000011ff16c8800,
0x0000011ff1550000, 0x0000011ff1541000, 0x0000011ff1615800, 0x0000011ff13f4000,
0x0000011ff13f6800, 0x0000011ff13f1800, 0x0000011ff13f2800, 0x0000011ff13f1000,
0x0000011ff13f3000, 0x0000011ff13f5000, 0x0000011ff13f5800, 0x0000011ff13f7800,
0x0000011ff3ace000
}

Java Threads: ( => current thread )
  0x0000011fd9389800 JavaThread "main" [_thread_blocked, id=13636, stack(0x0000001d71300000,0x0000001d71400000)]
  0x0000011fefc41000 JavaThread "Reference Handler" daemon [_thread_blocked, id=11400, stack(0x0000001d71a00000,0x0000001d71b00000)]
  0x0000011fefc41800 JavaThread "Finalizer" daemon [_thread_blocked, id=2964, stack(0x0000001d71b00000,0x0000001d71c00000)]
  0x0000011ff05c4800 JavaThread "Signal Dispatcher" daemon [_thread_blocked, id=12332, stack(0x0000001d71c00000,0x0000001d71d00000)]
  0x0000011fefc61000 JavaThread "Attach Listener" daemon [_thread_blocked, id=1212, stack(0x0000001d71d00000,0x0000001d71e00000)]
=>0x0000011fefc63800 JavaThread "C2 CompilerThread0" daemon [_thread_in_native, id=10316, stack(0x0000001d71e00000,0x0000001d71f00000)]
  0x0000011fefc72000 JavaThread "C1 CompilerThread0" daemon [_thread_blocked, id=11312, stack(0x0000001d71f00000,0x0000001d72000000)]
  0x0000011fefc7b800 JavaThread "Sweeper thread" daemon [_thread_blocked, id=14584, stack(0x0000001d72000000,0x0000001d72100000)]
  0x0000011ff0723000 JavaThread "Common-Cleaner" daemon [_thread_blocked, id=15340, stack(0x0000001d72100000,0x0000001d72200000)]
  0x0000011ff0731000 JavaThread "Service Thread" daemon [_thread_blocked, id=5912, stack(0x0000001d72200000,0x0000001d72300000)]
  0x0000011ff2eac800 JavaThread "Daemon health stats" [_thread_blocked, id=15228, stack(0x0000001d72800000,0x0000001d72900000)]
  0x0000011ff1dd5800 JavaThread "Incoming local TCP Connector on port 2768" [_thread_in_native, id=5136, stack(0x0000001d72400000,0x0000001d72500000)]
  0x0000011ff3847800 JavaThread "Daemon periodic checks" [_thread_blocked, id=9388, stack(0x0000001d72900000,0x0000001d72a00000)]
  0x0000011ff36ff000 JavaThread "Daemon" [_thread_blocked, id=10448, stack(0x0000001d72a00000,0x0000001d72b00000)]
  0x0000011ff2743800 JavaThread "Handler for socket connection from /127.0.0.1:2768 to /127.0.0.1:2769" [_thread_in_native, id=13172, stack(0x0000001d72b00000,0x0000001d72c00000)]
  0x0000011ff16c8800 JavaThread "Cancel handler" [_thread_blocked, id=12476, stack(0x0000001d72c00000,0x0000001d72d00000)]
  0x0000011ff1550000 JavaThread "Daemon worker" [_thread_blocked, id=13680, stack(0x0000001d72d00000,0x0000001d72e00000)]
  0x0000011ff1541000 JavaThread "Asynchronous log dispatcher for DefaultDaemonConnection: socket connection from /127.0.0.1:2768 to /127.0.0.1:2769" [_thread_blocked, id=6952, stack(0x0000001d72e00000,0x0000001d72f00000)]
  0x0000011ff1615800 JavaThread "Stdin handler" [_thread_blocked, id=12044, stack(0x0000001d72f00000,0x0000001d73000000)]
  0x0000011ff13f4000 JavaThread "Daemon client event forwarder" [_thread_blocked, id=8700, stack(0x0000001d73000000,0x0000001d73100000)]
  0x0000011ff13f6800 JavaThread "Cache worker for file hash cache (C:\Users\Malikzain\.gradle\caches\6.9\fileHashes)" [_thread_blocked, id=8904, stack(0x0000001d73100000,0x0000001d73200000)]
  0x0000011ff13f1800 JavaThread "File lock request listener" [_thread_in_native, id=10228, stack(0x0000001d73200000,0x0000001d73300000)]
  0x0000011ff13f2800 JavaThread "Cache worker for journal cache (C:\Users\Malikzain\.gradle\caches\journal-1)" [_thread_blocked, id=10304, stack(0x0000001d73300000,0x0000001d73400000)]
  0x0000011ff13f1000 JavaThread "Cache worker for file hash cache (F:\My all University Documents\6th Semester\Mobile Application Development\Lecture code\LoginApp\android\.gradle\6.9\fileHashes)" [_thread_blocked, id=13096, stack(0x0000001d73500000,0x0000001d73600000)]
  0x0000011ff13f3000 JavaThread "Cache worker for checksums cache (F:\My all University Documents\6th Semester\Mobile Application Development\Lecture code\LoginApp\android\.gradle\checksums)" [_thread_blocked, id=5652, stack(0x0000001d73400000,0x0000001d73500000)]
  0x0000011ff13f5000 JavaThread "Cache worker for cache directory md-supplier (C:\Users\Malikzain\.gradle\caches\6.9\md-supplier)" [_thread_blocked, id=11692, stack(0x0000001d73600000,0x0000001d73700000)]
  0x0000011ff13f5800 JavaThread "Cache worker for cache directory md-rule (C:\Users\Malikzain\.gradle\caches\6.9\md-rule)" [_thread_blocked, id=15040, stack(0x0000001d73700000,0x0000001d73800000)]
  0x0000011ff13f7800 JavaThread "Cache worker for execution history cache (C:\Users\Malikzain\.gradle\caches\6.9\executionHistory)" [_thread_blocked, id=15096, stack(0x0000001d73900000,0x0000001d73a00000)]
  0x0000011ff3ace000 JavaThread "C2 CompilerThread1" daemon [_thread_in_native, id=9028, stack(0x0000001d73800000,0x0000001d73900000)]

Other Threads:
  0x0000011fefc1b000 VMThread "VM Thread" [stack: 0x0000001d71900000,0x0000001d71a00000] [id=11808]
  0x0000011ff0732000 WatcherThread [stack: 0x0000001d72300000,0x0000001d72400000] [id=2744]
  0x0000011fd93a1000 GCTaskThread "GC Thread#0" [stack: 0x0000001d71400000,0x0000001d71500000] [id=8728]
  0x0000011ff0b17000 GCTaskThread "GC Thread#1" [stack: 0x0000001d72500000,0x0000001d72600000] [id=7048]
  0x0000011ff09f9000 GCTaskThread "GC Thread#2" [stack: 0x0000001d72600000,0x0000001d72700000] [id=6104]
  0x0000011ff0feb000 GCTaskThread "GC Thread#3" [stack: 0x0000001d72700000,0x0000001d72800000] [id=3016]
  0x0000011fd93b2800 ConcurrentGCThread "G1 Main Marker" [stack: 0x0000001d71500000,0x0000001d71600000] [id=13128]
  0x0000011fd93b9000 ConcurrentGCThread "G1 Conc#0" [stack: 0x0000001d71600000,0x0000001d71700000] [id=6600]
  0x0000011fd946e000 ConcurrentGCThread "G1 Refine#0" [stack: 0x0000001d71700000,0x0000001d71800000] [id=8224]
  0x0000011fefaba800 ConcurrentGCThread "G1 Young RemSet Sampling" [stack: 0x0000001d71800000,0x0000001d71900000] [id=14716]

Threads with active compile tasks:
C2 CompilerThread0  14724 2557       4       jdk.internal.loader.URLClassPath::getResource (74 bytes)
C2 CompilerThread1  14724 2551  s!   4       jdk.internal.loader.URLClassPath::getLoader (194 bytes)

VM state:at safepoint (normal execution)

VM Mutex/Monitor currently owned by a thread:  ([mutex/lock_event])
[0x0000011fd9384c30] Threads_lock - owner thread: 0x0000011fefc1b000
[0x0000011fd9384720] Heap_lock - owner thread: 0x0000011ff1550000

Heap address: 0x00000000e0000000, size: 512 MB, Compressed Oops mode: 32-bit
Narrow klass base: 0x0000000000000000, Narrow klass shift: 3
Compressed class space size: 260046848 Address: 0x0000000100000000

Heap:
 garbage-first heap   total 262144K, used 21181K [0x00000000e0000000, 0x0000000100000000)
  region size 1024K, 8 young (8192K), 8 survivors (8192K)
 Metaspace       used 33835K, capacity 34475K, committed 34608K, reserved 305152K
  class space    used 4398K, capacity 4666K, committed 4736K, reserved 253952K
Heap Regions: E=young(eden), S=young(survivor), O=old, HS=humongous(starts), HC=humongous(continues), CS=collection set, F=free, A=archive, TAMS=top-at-mark-start (previous, next)
|   0|0x00000000e0000000, 0x00000000e0100000, 0x00000000e0100000|100%| O|  |TAMS 0x00000000e0100000, 0x00000000e0100000| Untracked 
|   1|0x00000000e0100000, 0x00000000e0200000, 0x00000000e0200000|100%| O|  |TAMS 0x00000000e0200000, 0x00000000e0200000| Untracked 
|   2|0x00000000e0200000, 0x00000000e0300000, 0x00000000e0300000|100%| O|  |TAMS 0x00000000e0300000, 0x00000000e0300000| Untracked 
|   3|0x00000000e0300000, 0x00000000e0400000, 0x00000000e0400000|100%|HS|  |TAMS 0x00000000e0400000, 0x00000000e0400000| Complete 
|   4|0x00000000e0400000, 0x00000000e0500000, 0x00000000e0500000|100%|HC|  |TAMS 0x00000000e0500000, 0x00000000e0500000| Complete 
|   5|0x00000000e0500000, 0x00000000e0600000, 0x00000000e0600000|100%|HC|  |TAMS 0x00000000e0600000, 0x00000000e0600000| Complete 
|   6|0x00000000e0600000, 0x00000000e0700000, 0x00000000e0700000|100%| O|  |TAMS 0x00000000e0700000, 0x00000000e0700000| Untracked 
|   7|0x00000000e0700000, 0x00000000e0800000, 0x00000000e0800000|100%| O|  |TAMS 0x00000000e0800000, 0x00000000e0800000| Untracked 
|   8|0x00000000e0800000, 0x00000000e0900000, 0x00000000e0900000|100%| O|  |TAMS 0x00000000e0900000, 0x00000000e0900000| Untracked 
|   9|0x00000000e0900000, 0x00000000e0a00000, 0x00000000e0a00000|100%| O|  |TAMS 0x00000000e0a00000, 0x00000000e0a00000| Untracked 
|  10|0x00000000e0a00000, 0x00000000e0b00000, 0x00000000e0b00000|100%| O|  |TAMS 0x00000000e0b00000, 0x00000000e0b00000| Untracked 
|  11|0x00000000e0b00000, 0x00000000e0c00000, 0x00000000e0c00000|100%| O|  |TAMS 0x00000000e0c00000, 0x00000000e0c00000| Untracked 
|  12|0x00000000e0c00000, 0x00000000e0caf600, 0x00000000e0d00000| 68%| O|  |TAMS 0x00000000e0caf600, 0x00000000e0caf600| Untracked 
|  13|0x00000000e0d00000, 0x00000000e0d00000, 0x00000000e0e00000|  0%| F|  |TAMS 0x00000000e0d00000, 0x00000000e0d00000| Untracked 
|  14|0x00000000e0e00000, 0x00000000e0e00000, 0x00000000e0f00000|  0%| F|  |TAMS 0x00000000e0e00000, 0x00000000e0e00000| Untracked 
|  15|0x00000000e0f00000, 0x00000000e0f00000, 0x00000000e1000000|  0%| F|  |TAMS 0x00000000e0f00000, 0x00000000e0f00000| Untracked 
|  16|0x00000000e1000000, 0x00000000e1000000, 0x00000000e1100000|  0%| F|  |TAMS 0x00000000e1000000, 0x00000000e1000000| Untracked 
|  17|0x00000000e1100000, 0x00000000e1100000, 0x00000000e1200000|  0%| F|  |TAMS 0x00000000e1100000, 0x00000000e1100000| Untracked 
|  18|0x00000000e1200000, 0x00000000e1200000, 0x00000000e1300000|  0%| F|  |TAMS 0x00000000e1200000, 0x00000000e1200000| Untracked 
|  19|0x00000000e1300000, 0x00000000e1300000, 0x00000000e1400000|  0%| F|  |TAMS 0x00000000e1300000, 0x00000000e1300000| Untracked 
|  20|0x00000000e1400000, 0x00000000e1400000, 0x00000000e1500000|  0%| F|  |TAMS 0x00000000e1400000, 0x00000000e1400000| Untracked 
|  21|0x00000000e1500000, 0x00000000e1500000, 0x00000000e1600000|  0%| F|  |TAMS 0x00000000e1500000, 0x00000000e1500000| Untracked 
|  22|0x00000000e1600000, 0x00000000e1600000, 0x00000000e1700000|  0%| F|  |TAMS 0x00000000e1600000, 0x00000000e1600000| Untracked 
|  23|0x00000000e1700000, 0x00000000e1700000, 0x00000000e1800000|  0%| F|  |TAMS 0x00000000e1700000, 0x00000000e1700000| Untracked 
|  24|0x00000000e1800000, 0x00000000e1800000, 0x00000000e1900000|  0%| F|  |TAMS 0x00000000e1800000, 0x00000000e1800000| Untracked 
|  25|0x00000000e1900000, 0x00000000e1900000, 0x00000000e1a00000|  0%| F|  |TAMS 0x00000000e1900000, 0x00000000e1900000| Untracked 
|  26|0x00000000e1a00000, 0x00000000e1a00000, 0x00000000e1b00000|  0%| F|  |TAMS 0x00000000e1a00000, 0x00000000e1a00000| Untracked 
|  27|0x00000000e1b00000, 0x00000000e1b00000, 0x00000000e1c00000|  0%| F|  |TAMS 0x00000000e1b00000, 0x00000000e1b00000| Untracked 
|  28|0x00000000e1c00000, 0x00000000e1c00000, 0x00000000e1d00000|  0%| F|  |TAMS 0x00000000e1c00000, 0x00000000e1c00000| Untracked 
|  29|0x00000000e1d00000, 0x00000000e1d00000, 0x00000000e1e00000|  0%| F|  |TAMS 0x00000000e1d00000, 0x00000000e1d00000| Untracked 
|  30|0x00000000e1e00000, 0x00000000e1e00000, 0x00000000e1f00000|  0%| F|  |TAMS 0x00000000e1e00000, 0x00000000e1e00000| Untracked 
|  31|0x00000000e1f00000, 0x00000000e1f00000, 0x00000000e2000000|  0%| F|  |TAMS 0x00000000e1f00000, 0x00000000e1f00000| Untracked 
|  32|0x00000000e2000000, 0x00000000e2000000, 0x00000000e2100000|  0%| F|  |TAMS 0x00000000e2000000, 0x00000000e2000000| Untracked 
|  33|0x00000000e2100000, 0x00000000e2100000, 0x00000000e2200000|  0%| F|  |TAMS 0x00000000e2100000, 0x00000000e2100000| Untracked 
|  34|0x00000000e2200000, 0x00000000e2200000, 0x00000000e2300000|  0%| F|  |TAMS 0x00000000e2200000, 0x00000000e2200000| Untracked 
|  35|0x00000000e2300000, 0x00000000e2300000, 0x00000000e2400000|  0%| F|  |TAMS 0x00000000e2300000, 0x00000000e2300000| Untracked 
|  36|0x00000000e2400000, 0x00000000e2400000, 0x00000000e2500000|  0%| F|  |TAMS 0x00000000e2400000, 0x00000000e2400000| Untracked 
|  37|0x00000000e2500000, 0x00000000e2500000, 0x00000000e2600000|  0%| F|  |TAMS 0x00000000e2500000, 0x00000000e2500000| Untracked 
|  38|0x00000000e2600000, 0x00000000e2600000, 0x00000000e2700000|  0%| F|  |TAMS 0x00000000e2600000, 0x00000000e2600000| Untracked 
|  39|0x00000000e2700000, 0x00000000e2700000, 0x00000000e2800000|  0%| F|  |TAMS 0x00000000e2700000, 0x00000000e2700000| Untracked 
|  40|0x00000000e2800000, 0x00000000e2800000, 0x00000000e2900000|  0%| F|  |TAMS 0x00000000e2800000, 0x00000000e2800000| Untracked 
|  41|0x00000000e2900000, 0x00000000e2900000, 0x00000000e2a00000|  0%| F|  |TAMS 0x00000000e2900000, 0x00000000e2900000| Untracked 
|  42|0x00000000e2a00000, 0x00000000e2a00000, 0x00000000e2b00000|  0%| F|  |TAMS 0x00000000e2a00000, 0x00000000e2a00000| Untracked 
|  43|0x00000000e2b00000, 0x00000000e2b00000, 0x00000000e2c00000|  0%| F|  |TAMS 0x00000000e2b00000, 0x00000000e2b00000| Untracked 
|  44|0x00000000e2c00000, 0x00000000e2c00000, 0x00000000e2d00000|  0%| F|  |TAMS 0x00000000e2c00000, 0x00000000e2c00000| Untracked 
|  45|0x00000000e2d00000, 0x00000000e2d00000, 0x00000000e2e00000|  0%| F|  |TAMS 0x00000000e2d00000, 0x00000000e2d00000| Untracked 
|  46|0x00000000e2e00000, 0x00000000e2e00000, 0x00000000e2f00000|  0%| F|  |TAMS 0x00000000e2e00000, 0x00000000e2e00000| Untracked 
|  47|0x00000000e2f00000, 0x00000000e2f00000, 0x00000000e3000000|  0%| F|  |TAMS 0x00000000e2f00000, 0x00000000e2f00000| Untracked 
|  48|0x00000000e3000000, 0x00000000e3000000, 0x00000000e3100000|  0%| F|  |TAMS 0x00000000e3000000, 0x00000000e3000000| Untracked 
|  49|0x00000000e3100000, 0x00000000e3100000, 0x00000000e3200000|  0%| F|  |TAMS 0x00000000e3100000, 0x00000000e3100000| Untracked 
|  50|0x00000000e3200000, 0x00000000e3200000, 0x00000000e3300000|  0%| F|  |TAMS 0x00000000e3200000, 0x00000000e3200000| Untracked 
|  51|0x00000000e3300000, 0x00000000e3300000, 0x00000000e3400000|  0%| F|  |TAMS 0x00000000e3300000, 0x00000000e3300000| Untracked 
|  52|0x00000000e3400000, 0x00000000e3400000, 0x00000000e3500000|  0%| F|  |TAMS 0x00000000e3400000, 0x00000000e3400000| Untracked 
|  53|0x00000000e3500000, 0x00000000e3500000, 0x00000000e3600000|  0%| F|  |TAMS 0x00000000e3500000, 0x00000000e3500000| Untracked 
|  54|0x00000000e3600000, 0x00000000e3600000, 0x00000000e3700000|  0%| F|  |TAMS 0x00000000e3600000, 0x00000000e3600000| Untracked 
|  55|0x00000000e3700000, 0x00000000e3700000, 0x00000000e3800000|  0%| F|  |TAMS 0x00000000e3700000, 0x00000000e3700000| Untracked 
|  56|0x00000000e3800000, 0x00000000e3800000, 0x00000000e3900000|  0%| F|  |TAMS 0x00000000e3800000, 0x00000000e3800000| Untracked 
|  57|0x00000000e3900000, 0x00000000e3900000, 0x00000000e3a00000|  0%| F|  |TAMS 0x00000000e3900000, 0x00000000e3900000| Untracked 
|  58|0x00000000e3a00000, 0x00000000e3a00000, 0x00000000e3b00000|  0%| F|  |TAMS 0x00000000e3a00000, 0x00000000e3a00000| Untracked 
|  59|0x00000000e3b00000, 0x00000000e3b00000, 0x00000000e3c00000|  0%| F|  |TAMS 0x00000000e3b00000, 0x00000000e3b00000| Untracked 
|  60|0x00000000e3c00000, 0x00000000e3c00000, 0x00000000e3d00000|  0%| F|  |TAMS 0x00000000e3c00000, 0x00000000e3c00000| Untracked 
|  61|0x00000000e3d00000, 0x00000000e3d00000, 0x00000000e3e00000|  0%| F|  |TAMS 0x00000000e3d00000, 0x00000000e3d00000| Untracked 
|  62|0x00000000e3e00000, 0x00000000e3e00000, 0x00000000e3f00000|  0%| F|  |TAMS 0x00000000e3e00000, 0x00000000e3e00000| Untracked 
|  63|0x00000000e3f00000, 0x00000000e3f00000, 0x00000000e4000000|  0%| F|  |TAMS 0x00000000e3f00000, 0x00000000e3f00000| Untracked 
|  64|0x00000000e4000000, 0x00000000e4000000, 0x00000000e4100000|  0%| F|  |TAMS 0x00000000e4000000, 0x00000000e4000000| Untracked 
|  65|0x00000000e4100000, 0x00000000e4100000, 0x00000000e4200000|  0%| F|  |TAMS 0x00000000e4100000, 0x00000000e4100000| Untracked 
|  66|0x00000000e4200000, 0x00000000e4200000, 0x00000000e4300000|  0%| F|  |TAMS 0x00000000e4200000, 0x00000000e4200000| Untracked 
|  67|0x00000000e4300000, 0x00000000e4300000, 0x00000000e4400000|  0%| F|  |TAMS 0x00000000e4300000, 0x00000000e4300000| Untracked 
|  68|0x00000000e4400000, 0x00000000e4400000, 0x00000000e4500000|  0%| F|  |TAMS 0x00000000e4400000, 0x00000000e4400000| Untracked 
|  69|0x00000000e4500000, 0x00000000e4500000, 0x00000000e4600000|  0%| F|  |TAMS 0x00000000e4500000, 0x00000000e4500000| Untracked 
|  70|0x00000000e4600000, 0x00000000e4600000, 0x00000000e4700000|  0%| F|  |TAMS 0x00000000e4600000, 0x00000000e4600000| Untracked 
|  71|0x00000000e4700000, 0x00000000e4700000, 0x00000000e4800000|  0%| F|  |TAMS 0x00000000e4700000, 0x00000000e4700000| Untracked 
|  72|0x00000000e4800000, 0x00000000e4800000, 0x00000000e4900000|  0%| F|  |TAMS 0x00000000e4800000, 0x00000000e4800000| Untracked 
|  73|0x00000000e4900000, 0x00000000e4900000, 0x00000000e4a00000|  0%| F|  |TAMS 0x00000000e4900000, 0x00000000e4900000| Untracked 
|  74|0x00000000e4a00000, 0x00000000e4a00000, 0x00000000e4b00000|  0%| F|  |TAMS 0x00000000e4a00000, 0x00000000e4a00000| Untracked 
|  75|0x00000000e4b00000, 0x00000000e4b00000, 0x00000000e4c00000|  0%| F|  |TAMS 0x00000000e4b00000, 0x00000000e4b00000| Untracked 
|  76|0x00000000e4c00000, 0x00000000e4c00000, 0x00000000e4d00000|  0%| F|  |TAMS 0x00000000e4c00000, 0x00000000e4c00000| Untracked 
|  77|0x00000000e4d00000, 0x00000000e4d00000, 0x00000000e4e00000|  0%| F|  |TAMS 0x00000000e4d00000, 0x00000000e4d00000| Untracked 
|  78|0x00000000e4e00000, 0x00000000e4e00000, 0x00000000e4f00000|  0%| F|  |TAMS 0x00000000e4e00000, 0x00000000e4e00000| Untracked 
|  79|0x00000000e4f00000, 0x00000000e4f00000, 0x00000000e5000000|  0%| F|  |TAMS 0x00000000e4f00000, 0x00000000e4f00000| Untracked 
|  80|0x00000000e5000000, 0x00000000e5000000, 0x00000000e5100000|  0%| F|  |TAMS 0x00000000e5000000, 0x00000000e5000000| Untracked 
|  81|0x00000000e5100000, 0x00000000e5100000, 0x00000000e5200000|  0%| F|  |TAMS 0x00000000e5100000, 0x00000000e5100000| Untracked 
|  82|0x00000000e5200000, 0x00000000e5200000, 0x00000000e5300000|  0%| F|  |TAMS 0x00000000e5200000, 0x00000000e5200000| Untracked 
|  83|0x00000000e5300000, 0x00000000e5300000, 0x00000000e5400000|  0%| F|  |TAMS 0x00000000e5300000, 0x00000000e5300000| Untracked 
|  84|0x00000000e5400000, 0x00000000e5400000, 0x00000000e5500000|  0%| F|  |TAMS 0x00000000e5400000, 0x00000000e5400000| Untracked 
|  85|0x00000000e5500000, 0x00000000e5500000, 0x00000000e5600000|  0%| F|  |TAMS 0x00000000e5500000, 0x00000000e5500000| Untracked 
|  86|0x00000000e5600000, 0x00000000e5600000, 0x00000000e5700000|  0%| F|  |TAMS 0x00000000e5600000, 0x00000000e5600000| Untracked 
|  87|0x00000000e5700000, 0x00000000e5700000, 0x00000000e5800000|  0%| F|  |TAMS 0x00000000e5700000, 0x00000000e5700000| Untracked 
|  88|0x00000000e5800000, 0x00000000e5800000, 0x00000000e5900000|  0%| F|  |TAMS 0x00000000e5800000, 0x00000000e5800000| Untracked 
|  89|0x00000000e5900000, 0x00000000e5900000, 0x00000000e5a00000|  0%| F|  |TAMS 0x00000000e5900000, 0x00000000e5900000| Untracked 
|  90|0x00000000e5a00000, 0x00000000e5a00000, 0x00000000e5b00000|  0%| F|  |TAMS 0x00000000e5a00000, 0x00000000e5a00000| Untracked 
|  91|0x00000000e5b00000, 0x00000000e5b00000, 0x00000000e5c00000|  0%| F|  |TAMS 0x00000000e5b00000, 0x00000000e5b00000| Untracked 
|  92|0x00000000e5c00000, 0x00000000e5c00000, 0x00000000e5d00000|  0%| F|  |TAMS 0x00000000e5c00000, 0x00000000e5c00000| Untracked 
|  93|0x00000000e5d00000, 0x00000000e5d00000, 0x00000000e5e00000|  0%| F|  |TAMS 0x00000000e5d00000, 0x00000000e5d00000| Untracked 
|  94|0x00000000e5e00000, 0x00000000e5e00000, 0x00000000e5f00000|  0%| F|  |TAMS 0x00000000e5e00000, 0x00000000e5e00000| Untracked 
|  95|0x00000000e5f00000, 0x00000000e5f00000, 0x00000000e6000000|  0%| F|  |TAMS 0x00000000e5f00000, 0x00000000e5f00000| Untracked 
|  96|0x00000000e6000000, 0x00000000e6000000, 0x00000000e6100000|  0%| F|  |TAMS 0x00000000e6000000, 0x00000000e6000000| Untracked 
|  97|0x00000000e6100000, 0x00000000e6100000, 0x00000000e6200000|  0%| F|  |TAMS 0x00000000e6100000, 0x00000000e6100000| Untracked 
|  98|0x00000000e6200000, 0x00000000e6200000, 0x00000000e6300000|  0%| F|  |TAMS 0x00000000e6200000, 0x00000000e6200000| Untracked 
|  99|0x00000000e6300000, 0x00000000e6300000, 0x00000000e6400000|  0%| F|  |TAMS 0x00000000e6300000, 0x00000000e6300000| Untracked 
| 100|0x00000000e6400000, 0x00000000e6400000, 0x00000000e6500000|  0%| F|  |TAMS 0x00000000e6400000, 0x00000000e6400000| Untracked 
| 101|0x00000000e6500000, 0x00000000e6500000, 0x00000000e6600000|  0%| F|  |TAMS 0x00000000e6500000, 0x00000000e6500000| Untracked 
| 102|0x00000000e6600000, 0x00000000e6600000, 0x00000000e6700000|  0%| F|  |TAMS 0x00000000e6600000, 0x00000000e6600000| Untracked 
| 103|0x00000000e6700000, 0x00000000e6700000, 0x00000000e6800000|  0%| F|  |TAMS 0x00000000e6700000, 0x00000000e6700000| Untracked 
| 104|0x00000000e6800000, 0x00000000e6800000, 0x00000000e6900000|  0%| F|  |TAMS 0x00000000e6800000, 0x00000000e6800000| Untracked 
| 105|0x00000000e6900000, 0x00000000e6900000, 0x00000000e6a00000|  0%| F|  |TAMS 0x00000000e6900000, 0x00000000e6900000| Untracked 
| 106|0x00000000e6a00000, 0x00000000e6a00000, 0x00000000e6b00000|  0%| F|  |TAMS 0x00000000e6a00000, 0x00000000e6a00000| Untracked 
| 107|0x00000000e6b00000, 0x00000000e6b00000, 0x00000000e6c00000|  0%| F|  |TAMS 0x00000000e6b00000, 0x00000000e6b00000| Untracked 
| 108|0x00000000e6c00000, 0x00000000e6c00000, 0x00000000e6d00000|  0%| F|  |TAMS 0x00000000e6c00000, 0x00000000e6c00000| Untracked 
| 109|0x00000000e6d00000, 0x00000000e6d00000, 0x00000000e6e00000|  0%| F|  |TAMS 0x00000000e6d00000, 0x00000000e6d00000| Untracked 
| 110|0x00000000e6e00000, 0x00000000e6e00000, 0x00000000e6f00000|  0%| F|  |TAMS 0x00000000e6e00000, 0x00000000e6e00000| Untracked 
| 111|0x00000000e6f00000, 0x00000000e6f00000, 0x00000000e7000000|  0%| F|  |TAMS 0x00000000e6f00000, 0x00000000e6f00000| Untracked 
| 112|0x00000000e7000000, 0x00000000e7000000, 0x00000000e7100000|  0%| F|  |TAMS 0x00000000e7000000, 0x00000000e7000000| Untracked 
| 113|0x00000000e7100000, 0x00000000e7100000, 0x00000000e7200000|  0%| F|  |TAMS 0x00000000e7100000, 0x00000000e7100000| Untracked 
| 114|0x00000000e7200000, 0x00000000e7200000, 0x00000000e7300000|  0%| F|  |TAMS 0x00000000e7200000, 0x00000000e7200000| Untracked 
| 115|0x00000000e7300000, 0x00000000e7300000, 0x00000000e7400000|  0%| F|  |TAMS 0x00000000e7300000, 0x00000000e7300000| Untracked 
| 116|0x00000000e7400000, 0x00000000e7400000, 0x00000000e7500000|  0%| F|  |TAMS 0x00000000e7400000, 0x00000000e7400000| Untracked 
| 117|0x00000000e7500000, 0x00000000e7500000, 0x00000000e7600000|  0%| F|  |TAMS 0x00000000e7500000, 0x00000000e7500000| Untracked 
| 118|0x00000000e7600000, 0x00000000e7600000, 0x00000000e7700000|  0%| F|  |TAMS 0x00000000e7600000, 0x00000000e7600000| Untracked 
| 119|0x00000000e7700000, 0x00000000e7700000, 0x00000000e7800000|  0%| F|  |TAMS 0x00000000e7700000, 0x00000000e7700000| Untracked 
| 120|0x00000000e7800000, 0x00000000e7800000, 0x00000000e7900000|  0%| F|  |TAMS 0x00000000e7800000, 0x00000000e7800000| Untracked 
| 121|0x00000000e7900000, 0x00000000e7900000, 0x00000000e7a00000|  0%| F|  |TAMS 0x00000000e7900000, 0x00000000e7900000| Untracked 
| 122|0x00000000e7a00000, 0x00000000e7a00000, 0x00000000e7b00000|  0%| F|  |TAMS 0x00000000e7a00000, 0x00000000e7a00000| Untracked 
| 123|0x00000000e7b00000, 0x00000000e7b00000, 0x00000000e7c00000|  0%| F|  |TAMS 0x00000000e7b00000, 0x00000000e7b00000| Untracked 
| 124|0x00000000e7c00000, 0x00000000e7c00000, 0x00000000e7d00000|  0%| F|  |TAMS 0x00000000e7c00000, 0x00000000e7c00000| Untracked 
| 125|0x00000000e7d00000, 0x00000000e7d00000, 0x00000000e7e00000|  0%| F|  |TAMS 0x00000000e7d00000, 0x00000000e7d00000| Untracked 
| 126|0x00000000e7e00000, 0x00000000e7e00000, 0x00000000e7f00000|  0%| F|  |TAMS 0x00000000e7e00000, 0x00000000e7e00000| Untracked 
| 127|0x00000000e7f00000, 0x00000000e7f00000, 0x00000000e8000000|  0%| F|  |TAMS 0x00000000e7f00000, 0x00000000e7f00000| Untracked 
| 128|0x00000000e8000000, 0x00000000e8000000, 0x00000000e8100000|  0%| F|  |TAMS 0x00000000e8000000, 0x00000000e8000000| Untracked 
| 129|0x00000000e8100000, 0x00000000e8100000, 0x00000000e8200000|  0%| F|  |TAMS 0x00000000e8100000, 0x00000000e8100000| Untracked 
| 130|0x00000000e8200000, 0x00000000e8200000, 0x00000000e8300000|  0%| F|  |TAMS 0x00000000e8200000, 0x00000000e8200000| Untracked 
| 131|0x00000000e8300000, 0x00000000e8300000, 0x00000000e8400000|  0%| F|  |TAMS 0x00000000e8300000, 0x00000000e8300000| Untracked 
| 132|0x00000000e8400000, 0x00000000e8400000, 0x00000000e8500000|  0%| F|  |TAMS 0x00000000e8400000, 0x00000000e8400000| Untracked 
| 133|0x00000000e8500000, 0x00000000e8500000, 0x00000000e8600000|  0%| F|  |TAMS 0x00000000e8500000, 0x00000000e8500000| Untracked 
| 134|0x00000000e8600000, 0x00000000e8600000, 0x00000000e8700000|  0%| F|  |TAMS 0x00000000e8600000, 0x00000000e8600000| Untracked 
| 135|0x00000000e8700000, 0x00000000e8700000, 0x00000000e8800000|  0%| F|  |TAMS 0x00000000e8700000, 0x00000000e8700000| Untracked 
| 136|0x00000000e8800000, 0x00000000e8800000, 0x00000000e8900000|  0%| F|  |TAMS 0x00000000e8800000, 0x00000000e8800000| Untracked 
| 137|0x00000000e8900000, 0x00000000e8900000, 0x00000000e8a00000|  0%| F|  |TAMS 0x00000000e8900000, 0x00000000e8900000| Untracked 
| 138|0x00000000e8a00000, 0x00000000e8a00000, 0x00000000e8b00000|  0%| F|  |TAMS 0x00000000e8a00000, 0x00000000e8a00000| Untracked 
| 139|0x00000000e8b00000, 0x00000000e8b00000, 0x00000000e8c00000|  0%| F|  |TAMS 0x00000000e8b00000, 0x00000000e8b00000| Untracked 
| 140|0x00000000e8c00000, 0x00000000e8c00000, 0x00000000e8d00000|  0%| F|  |TAMS 0x00000000e8c00000, 0x00000000e8c00000| Untracked 
| 141|0x00000000e8d00000, 0x00000000e8d00000, 0x00000000e8e00000|  0%| F|  |TAMS 0x00000000e8d00000, 0x00000000e8d00000| Untracked 
| 142|0x00000000e8e00000, 0x00000000e8e00000, 0x00000000e8f00000|  0%| F|  |TAMS 0x00000000e8e00000, 0x00000000e8e00000| Untracked 
| 143|0x00000000e8f00000, 0x00000000e8f00000, 0x00000000e9000000|  0%| F|  |TAMS 0x00000000e8f00000, 0x00000000e8f00000| Untracked 
| 144|0x00000000e9000000, 0x00000000e9000000, 0x00000000e9100000|  0%| F|  |TAMS 0x00000000e9000000, 0x00000000e9000000| Untracked 
| 145|0x00000000e9100000, 0x00000000e9100000, 0x00000000e9200000|  0%| F|  |TAMS 0x00000000e9100000, 0x00000000e9100000| Untracked 
| 146|0x00000000e9200000, 0x00000000e9200000, 0x00000000e9300000|  0%| F|  |TAMS 0x00000000e9200000, 0x00000000e9200000| Untracked 
| 147|0x00000000e9300000, 0x00000000e9300000, 0x00000000e9400000|  0%| F|  |TAMS 0x00000000e9300000, 0x00000000e9300000| Untracked 
| 148|0x00000000e9400000, 0x00000000e9400000, 0x00000000e9500000|  0%| F|  |TAMS 0x00000000e9400000, 0x00000000e9400000| Untracked 
| 149|0x00000000e9500000, 0x00000000e9500000, 0x00000000e9600000|  0%| F|  |TAMS 0x00000000e9500000, 0x00000000e9500000| Untracked 
| 150|0x00000000e9600000, 0x00000000e9600000, 0x00000000e9700000|  0%| F|  |TAMS 0x00000000e9600000, 0x00000000e9600000| Untracked 
| 151|0x00000000e9700000, 0x00000000e9700000, 0x00000000e9800000|  0%| F|  |TAMS 0x00000000e9700000, 0x00000000e9700000| Untracked 
| 152|0x00000000e9800000, 0x00000000e9800000, 0x00000000e9900000|  0%| F|  |TAMS 0x00000000e9800000, 0x00000000e9800000| Untracked 
| 153|0x00000000e9900000, 0x00000000e9900000, 0x00000000e9a00000|  0%| F|  |TAMS 0x00000000e9900000, 0x00000000e9900000| Untracked 
| 154|0x00000000e9a00000, 0x00000000e9a00000, 0x00000000e9b00000|  0%| F|  |TAMS 0x00000000e9a00000, 0x00000000e9a00000| Untracked 
| 155|0x00000000e9b00000, 0x00000000e9b00000, 0x00000000e9c00000|  0%| F|  |TAMS 0x00000000e9b00000, 0x00000000e9b00000| Untracked 
| 156|0x00000000e9c00000, 0x00000000e9c00000, 0x00000000e9d00000|  0%| F|  |TAMS 0x00000000e9c00000, 0x00000000e9c00000| Untracked 
| 157|0x00000000e9d00000, 0x00000000e9d00000, 0x00000000e9e00000|  0%| F|  |TAMS 0x00000000e9d00000, 0x00000000e9d00000| Untracked 
| 158|0x00000000e9e00000, 0x00000000e9e00000, 0x00000000e9f00000|  0%| F|  |TAMS 0x00000000e9e00000, 0x00000000e9e00000| Untracked 
| 159|0x00000000e9f00000, 0x00000000e9f00000, 0x00000000ea000000|  0%| F|  |TAMS 0x00000000e9f00000, 0x00000000e9f00000| Untracked 
| 160|0x00000000ea000000, 0x00000000ea000000, 0x00000000ea100000|  0%| F|  |TAMS 0x00000000ea000000, 0x00000000ea000000| Untracked 
| 161|0x00000000ea100000, 0x00000000ea100000, 0x00000000ea200000|  0%| F|  |TAMS 0x00000000ea100000, 0x00000000ea100000| Untracked 
| 162|0x00000000ea200000, 0x00000000ea200000, 0x00000000ea300000|  0%| F|  |TAMS 0x00000000ea200000, 0x00000000ea200000| Untracked 
| 163|0x00000000ea300000, 0x00000000ea300000, 0x00000000ea400000|  0%| F|  |TAMS 0x00000000ea300000, 0x00000000ea300000| Untracked 
| 164|0x00000000ea400000, 0x00000000ea400000, 0x00000000ea500000|  0%| F|  |TAMS 0x00000000ea400000, 0x00000000ea400000| Untracked 
| 165|0x00000000ea500000, 0x00000000ea500000, 0x00000000ea600000|  0%| F|  |TAMS 0x00000000ea500000, 0x00000000ea500000| Untracked 
| 166|0x00000000ea600000, 0x00000000ea600000, 0x00000000ea700000|  0%| F|  |TAMS 0x00000000ea600000, 0x00000000ea600000| Untracked 
| 167|0x00000000ea700000, 0x00000000ea700000, 0x00000000ea800000|  0%| F|  |TAMS 0x00000000ea700000, 0x00000000ea700000| Untracked 
| 168|0x00000000ea800000, 0x00000000ea800000, 0x00000000ea900000|  0%| F|  |TAMS 0x00000000ea800000, 0x00000000ea800000| Untracked 
| 169|0x00000000ea900000, 0x00000000ea900000, 0x00000000eaa00000|  0%| F|  |TAMS 0x00000000ea900000, 0x00000000ea900000| Untracked 
| 170|0x00000000eaa00000, 0x00000000eaa00000, 0x00000000eab00000|  0%| F|  |TAMS 0x00000000eaa00000, 0x00000000eaa00000| Untracked 
| 171|0x00000000eab00000, 0x00000000eab00000, 0x00000000eac00000|  0%| F|  |TAMS 0x00000000eab00000, 0x00000000eab00000| Untracked 
| 172|0x00000000eac00000, 0x00000000eac00000, 0x00000000ead00000|  0%| F|  |TAMS 0x00000000eac00000, 0x00000000eac00000| Untracked 
| 173|0x00000000ead00000, 0x00000000ead00000, 0x00000000eae00000|  0%| F|  |TAMS 0x00000000ead00000, 0x00000000ead00000| Untracked 
| 174|0x00000000eae00000, 0x00000000eae00000, 0x00000000eaf00000|  0%| F|  |TAMS 0x00000000eae00000, 0x00000000eae00000| Untracked 
| 175|0x00000000eaf00000, 0x00000000eaf00000, 0x00000000eb000000|  0%| F|  |TAMS 0x00000000eaf00000, 0x00000000eaf00000| Untracked 
| 176|0x00000000eb000000, 0x00000000eb000000, 0x00000000eb100000|  0%| F|  |TAMS 0x00000000eb000000, 0x00000000eb000000| Untracked 
| 177|0x00000000eb100000, 0x00000000eb100000, 0x00000000eb200000|  0%| F|  |TAMS 0x00000000eb100000, 0x00000000eb100000| Untracked 
| 178|0x00000000eb200000, 0x00000000eb200000, 0x00000000eb300000|  0%| F|  |TAMS 0x00000000eb200000, 0x00000000eb200000| Untracked 
| 179|0x00000000eb300000, 0x00000000eb300000, 0x00000000eb400000|  0%| F|  |TAMS 0x00000000eb300000, 0x00000000eb300000| Untracked 
| 180|0x00000000eb400000, 0x00000000eb400000, 0x00000000eb500000|  0%| F|  |TAMS 0x00000000eb400000, 0x00000000eb400000| Untracked 
| 181|0x00000000eb500000, 0x00000000eb500000, 0x00000000eb600000|  0%| F|  |TAMS 0x00000000eb500000, 0x00000000eb500000| Untracked 
| 182|0x00000000eb600000, 0x00000000eb600000, 0x00000000eb700000|  0%| F|  |TAMS 0x00000000eb600000, 0x00000000eb600000| Untracked 
| 183|0x00000000eb700000, 0x00000000eb700000, 0x00000000eb800000|  0%| F|  |TAMS 0x00000000eb700000, 0x00000000eb700000| Untracked 
| 184|0x00000000eb800000, 0x00000000eb800000, 0x00000000eb900000|  0%| F|  |TAMS 0x00000000eb800000, 0x00000000eb800000| Untracked 
| 185|0x00000000eb900000, 0x00000000eb900000, 0x00000000eba00000|  0%| F|  |TAMS 0x00000000eb900000, 0x00000000eb900000| Untracked 
| 186|0x00000000eba00000, 0x00000000eba00000, 0x00000000ebb00000|  0%| F|  |TAMS 0x00000000eba00000, 0x00000000eba00000| Untracked 
| 187|0x00000000ebb00000, 0x00000000ebb00000, 0x00000000ebc00000|  0%| F|  |TAMS 0x00000000ebb00000, 0x00000000ebb00000| Untracked 
| 188|0x00000000ebc00000, 0x00000000ebc00000, 0x00000000ebd00000|  0%| F|  |TAMS 0x00000000ebc00000, 0x00000000ebc00000| Untracked 
| 189|0x00000000ebd00000, 0x00000000ebd00000, 0x00000000ebe00000|  0%| F|  |TAMS 0x00000000ebd00000, 0x00000000ebd00000| Untracked 
| 190|0x00000000ebe00000, 0x00000000ebe00000, 0x00000000ebf00000|  0%| F|  |TAMS 0x00000000ebe00000, 0x00000000ebe00000| Untracked 
| 191|0x00000000ebf00000, 0x00000000ebf00000, 0x00000000ec000000|  0%| F|  |TAMS 0x00000000ebf00000, 0x00000000ebf00000| Untracked 
| 192|0x00000000ec000000, 0x00000000ec000000, 0x00000000ec100000|  0%| F|  |TAMS 0x00000000ec000000, 0x00000000ec000000| Untracked 
| 193|0x00000000ec100000, 0x00000000ec100000, 0x00000000ec200000|  0%| F|  |TAMS 0x00000000ec100000, 0x00000000ec100000| Untracked 
| 194|0x00000000ec200000, 0x00000000ec200000, 0x00000000ec300000|  0%| F|  |TAMS 0x00000000ec200000, 0x00000000ec200000| Untracked 
| 195|0x00000000ec300000, 0x00000000ec300000, 0x00000000ec400000|  0%| F|  |TAMS 0x00000000ec300000, 0x00000000ec300000| Untracked 
| 196|0x00000000ec400000, 0x00000000ec400000, 0x00000000ec500000|  0%| F|  |TAMS 0x00000000ec400000, 0x00000000ec400000| Untracked 
| 197|0x00000000ec500000, 0x00000000ec500000, 0x00000000ec600000|  0%| F|  |TAMS 0x00000000ec500000, 0x00000000ec500000| Untracked 
| 198|0x00000000ec600000, 0x00000000ec600000, 0x00000000ec700000|  0%| F|  |TAMS 0x00000000ec600000, 0x00000000ec600000| Untracked 
| 199|0x00000000ec700000, 0x00000000ec700000, 0x00000000ec800000|  0%| F|  |TAMS 0x00000000ec700000, 0x00000000ec700000| Untracked 
| 200|0x00000000ec800000, 0x00000000ec800000, 0x00000000ec900000|  0%| F|  |TAMS 0x00000000ec800000, 0x00000000ec800000| Untracked 
| 201|0x00000000ec900000, 0x00000000ec900000, 0x00000000eca00000|  0%| F|  |TAMS 0x00000000ec900000, 0x00000000ec900000| Untracked 
| 202|0x00000000eca00000, 0x00000000eca00000, 0x00000000ecb00000|  0%| F|  |TAMS 0x00000000eca00000, 0x00000000eca00000| Untracked 
| 203|0x00000000ecb00000, 0x00000000ecb00000, 0x00000000ecc00000|  0%| F|  |TAMS 0x00000000ecb00000, 0x00000000ecb00000| Untracked 
| 204|0x00000000ecc00000, 0x00000000ecd00000, 0x00000000ecd00000|100%| S|CS|TAMS 0x00000000ecc00000, 0x00000000ecc00000| Complete 
| 205|0x00000000ecd00000, 0x00000000ece00000, 0x00000000ece00000|100%| S|CS|TAMS 0x00000000ecd00000, 0x00000000ecd00000| Complete 
| 206|0x00000000ece00000, 0x00000000ecf00000, 0x00000000ecf00000|100%| S|CS|TAMS 0x00000000ece00000, 0x00000000ece00000| Complete 
| 207|0x00000000ecf00000, 0x00000000ed000000, 0x00000000ed000000|100%| S|CS|TAMS 0x00000000ecf00000, 0x00000000ecf00000| Complete 
| 208|0x00000000ed000000, 0x00000000ed100000, 0x00000000ed100000|100%| S|CS|TAMS 0x00000000ed000000, 0x00000000ed000000| Complete 
| 209|0x00000000ed100000, 0x00000000ed200000, 0x00000000ed200000|100%| S|CS|TAMS 0x00000000ed100000, 0x00000000ed100000| Complete 
| 210|0x00000000ed200000, 0x00000000ed300000, 0x00000000ed300000|100%| S|CS|TAMS 0x00000000ed200000, 0x00000000ed200000| Complete 
| 211|0x00000000ed300000, 0x00000000ed400000, 0x00000000ed400000|100%| S|CS|TAMS 0x00000000ed300000, 0x00000000ed300000| Complete 
| 212|0x00000000ed400000, 0x00000000ed400000, 0x00000000ed500000|  0%| F|  |TAMS 0x00000000ed400000, 0x00000000ed400000| Untracked 
| 213|0x00000000ed500000, 0x00000000ed500000, 0x00000000ed600000|  0%| F|  |TAMS 0x00000000ed500000, 0x00000000ed500000| Untracked 
| 214|0x00000000ed600000, 0x00000000ed600000, 0x00000000ed700000|  0%| F|  |TAMS 0x00000000ed600000, 0x00000000ed600000| Untracked 
| 215|0x00000000ed700000, 0x00000000ed700000, 0x00000000ed800000|  0%| F|  |TAMS 0x00000000ed700000, 0x00000000ed700000| Untracked 
| 216|0x00000000ed800000, 0x00000000ed800000, 0x00000000ed900000|  0%| F|  |TAMS 0x00000000ed800000, 0x00000000ed800000| Untracked 
| 217|0x00000000ed900000, 0x00000000ed900000, 0x00000000eda00000|  0%| F|  |TAMS 0x00000000ed900000, 0x00000000ed900000| Untracked 
| 218|0x00000000eda00000, 0x00000000eda00000, 0x00000000edb00000|  0%| F|  |TAMS 0x00000000eda00000, 0x00000000eda00000| Untracked 
| 219|0x00000000edb00000, 0x00000000edb00000, 0x00000000edc00000|  0%| F|  |TAMS 0x00000000edb00000, 0x00000000edb00000| Untracked 
| 220|0x00000000edc00000, 0x00000000edc00000, 0x00000000edd00000|  0%| F|  |TAMS 0x00000000edc00000, 0x00000000edc00000| Untracked 
| 221|0x00000000edd00000, 0x00000000edd00000, 0x00000000ede00000|  0%| F|  |TAMS 0x00000000edd00000, 0x00000000edd00000| Untracked 
| 222|0x00000000ede00000, 0x00000000ede00000, 0x00000000edf00000|  0%| F|  |TAMS 0x00000000ede00000, 0x00000000ede00000| Untracked 
| 223|0x00000000edf00000, 0x00000000edf00000, 0x00000000ee000000|  0%| F|  |TAMS 0x00000000edf00000, 0x00000000edf00000| Untracked 
| 224|0x00000000ee000000, 0x00000000ee000000, 0x00000000ee100000|  0%| F|  |TAMS 0x00000000ee000000, 0x00000000ee000000| Untracked 
| 225|0x00000000ee100000, 0x00000000ee100000, 0x00000000ee200000|  0%| F|  |TAMS 0x00000000ee100000, 0x00000000ee100000| Untracked 
| 226|0x00000000ee200000, 0x00000000ee200000, 0x00000000ee300000|  0%| F|  |TAMS 0x00000000ee200000, 0x00000000ee200000| Untracked 
| 227|0x00000000ee300000, 0x00000000ee300000, 0x00000000ee400000|  0%| F|  |TAMS 0x00000000ee300000, 0x00000000ee300000| Untracked 
| 228|0x00000000ee400000, 0x00000000ee400000, 0x00000000ee500000|  0%| F|  |TAMS 0x00000000ee400000, 0x00000000ee400000| Untracked 
| 229|0x00000000ee500000, 0x00000000ee500000, 0x00000000ee600000|  0%| F|  |TAMS 0x00000000ee500000, 0x00000000ee500000| Untracked 
| 230|0x00000000ee600000, 0x00000000ee600000, 0x00000000ee700000|  0%| F|  |TAMS 0x00000000ee600000, 0x00000000ee600000| Untracked 
| 231|0x00000000ee700000, 0x00000000ee700000, 0x00000000ee800000|  0%| F|  |TAMS 0x00000000ee700000, 0x00000000ee700000| Untracked 
| 232|0x00000000ee800000, 0x00000000ee800000, 0x00000000ee900000|  0%| F|  |TAMS 0x00000000ee800000, 0x00000000ee800000| Untracked 
| 233|0x00000000ee900000, 0x00000000ee900000, 0x00000000eea00000|  0%| F|  |TAMS 0x00000000ee900000, 0x00000000ee900000| Untracked 
| 234|0x00000000eea00000, 0x00000000eea00000, 0x00000000eeb00000|  0%| F|  |TAMS 0x00000000eea00000, 0x00000000eea00000| Untracked 
| 235|0x00000000eeb00000, 0x00000000eeb00000, 0x00000000eec00000|  0%| F|  |TAMS 0x00000000eeb00000, 0x00000000eeb00000| Untracked 
| 236|0x00000000eec00000, 0x00000000eec00000, 0x00000000eed00000|  0%| F|  |TAMS 0x00000000eec00000, 0x00000000eec00000| Untracked 
| 237|0x00000000eed00000, 0x00000000eed00000, 0x00000000eee00000|  0%| F|  |TAMS 0x00000000eed00000, 0x00000000eed00000| Untracked 
| 238|0x00000000eee00000, 0x00000000eee00000, 0x00000000eef00000|  0%| F|  |TAMS 0x00000000eee00000, 0x00000000eee00000| Untracked 
| 239|0x00000000eef00000, 0x00000000eef00000, 0x00000000ef000000|  0%| F|  |TAMS 0x00000000eef00000, 0x00000000eef00000| Untracked 
| 240|0x00000000ef000000, 0x00000000ef000000, 0x00000000ef100000|  0%| F|  |TAMS 0x00000000ef000000, 0x00000000ef000000| Untracked 
| 241|0x00000000ef100000, 0x00000000ef100000, 0x00000000ef200000|  0%| F|  |TAMS 0x00000000ef100000, 0x00000000ef100000| Untracked 
| 242|0x00000000ef200000, 0x00000000ef200000, 0x00000000ef300000|  0%| F|  |TAMS 0x00000000ef200000, 0x00000000ef200000| Untracked 
| 243|0x00000000ef300000, 0x00000000ef300000, 0x00000000ef400000|  0%| F|  |TAMS 0x00000000ef300000, 0x00000000ef300000| Untracked 
| 244|0x00000000ef400000, 0x00000000ef400000, 0x00000000ef500000|  0%| F|  |TAMS 0x00000000ef400000, 0x00000000ef400000| Untracked 
| 245|0x00000000ef500000, 0x00000000ef500000, 0x00000000ef600000|  0%| F|  |TAMS 0x00000000ef500000, 0x00000000ef500000| Untracked 
| 246|0x00000000ef600000, 0x00000000ef600000, 0x00000000ef700000|  0%| F|  |TAMS 0x00000000ef600000, 0x00000000ef600000| Untracked 
| 247|0x00000000ef700000, 0x00000000ef700000, 0x00000000ef800000|  0%| F|  |TAMS 0x00000000ef700000, 0x00000000ef700000| Untracked 
| 248|0x00000000ef800000, 0x00000000ef800000, 0x00000000ef900000|  0%| F|  |TAMS 0x00000000ef800000, 0x00000000ef800000| Untracked 
| 249|0x00000000ef900000, 0x00000000ef900000, 0x00000000efa00000|  0%| F|  |TAMS 0x00000000ef900000, 0x00000000ef900000| Untracked 
| 250|0x00000000efa00000, 0x00000000efa00000, 0x00000000efb00000|  0%| F|  |TAMS 0x00000000efa00000, 0x00000000efa00000| Untracked 
| 251|0x00000000efb00000, 0x00000000efb00000, 0x00000000efc00000|  0%| F|  |TAMS 0x00000000efb00000, 0x00000000efb00000| Untracked 
| 252|0x00000000efc00000, 0x00000000efc00000, 0x00000000efd00000|  0%| F|  |TAMS 0x00000000efc00000, 0x00000000efc00000| Untracked 
| 253|0x00000000efd00000, 0x00000000efd00000, 0x00000000efe00000|  0%| F|  |TAMS 0x00000000efd00000, 0x00000000efd00000| Untracked 
| 254|0x00000000efe00000, 0x00000000efe00000, 0x00000000eff00000|  0%| F|  |TAMS 0x00000000efe00000, 0x00000000efe00000| Untracked 
| 255|0x00000000eff00000, 0x00000000eff00000, 0x00000000f0000000|  0%| F|  |TAMS 0x00000000eff00000, 0x00000000eff00000| Untracked 

Card table byte_map: [0x0000011fec440000,0x0000011fec540000] _byte_map_base: 0x0000011febd40000

Marking Bits (Prev, Next): (CMBitMap*) 0x0000011fd93afe20, (CMBitMap*) 0x0000011fd93afde8
 Prev Bits: [0x0000011fece40000, 0x0000011fed640000)
 Next Bits: [0x0000011fec640000, 0x0000011fece40000)

Polling page: 0x0000011fd7b20000

Metaspace:

Usage:
  Non-class:     29.11 MB capacity,    28.75 MB ( 99%) used,   307.35 KB (  1%) free+waste,    64.38 KB ( <1%) overhead. 
      Class:      4.56 MB capacity,     4.30 MB ( 94%) used,   235.76 KB (  5%) free+waste,    31.75 KB ( <1%) overhead. 
       Both:     33.67 MB capacity,    33.04 MB ( 98%) used,   543.11 KB (  2%) free+waste,    96.13 KB ( <1%) overhead. 

Virtual space:
  Non-class space:       50.00 MB reserved,      29.17 MB ( 58%) committed 
      Class space:      248.00 MB reserved,       4.63 MB (  2%) committed 
             Both:      298.00 MB reserved,      33.80 MB ( 11%) committed 

Chunk freelists:
   Non-Class:  63.00 KB
       Class:  6.00 KB
        Both:  69.00 KB

MaxMetaspaceSize: 256.00 MB
CompressedClassSpaceSize: 248.00 MB

CodeHeap 'non-profiled nmethods': size=120064Kb used=1196Kb max_used=1196Kb free=118867Kb
 bounds [0x0000011fe47d0000, 0x0000011fe4a40000, 0x0000011febd10000]
CodeHeap 'profiled nmethods': size=120000Kb used=5252Kb max_used=5252Kb free=114747Kb
 bounds [0x0000011fdd2a0000, 0x0000011fdd7d0000, 0x0000011fe47d0000]
CodeHeap 'non-nmethods': size=5696Kb used=1169Kb max_used=1194Kb free=4526Kb
 bounds [0x0000011fdcd10000, 0x0000011fdcf80000, 0x0000011fdd2a0000]
 total_blobs=2983 nmethods=2465 adapters=429
 compilation: enabled
              stopped_count=0, restarted_count=0
 full_count=0

Compilation events (20 events):
Event: 13.824 Thread 0x0000011fefc72000 2589       3       org.codehaus.groovy.util.ReferenceType$SoftRef::<init> (12 bytes)
Event: 13.824 Thread 0x0000011fefc72000 nmethod 2589 0x0000011fdd790f90 code [0x0000011fdd791160, 0x0000011fdd7914f8]
Event: 13.824 Thread 0x0000011fefc72000 2591       3       java.util.WeakHashMap::get (77 bytes)
Event: 13.824 Thread 0x0000011fefc72000 nmethod 2591 0x0000011fdd791610 code [0x0000011fdd791840, 0x0000011fdd792048]
Event: 13.824 Thread 0x0000011fefc72000 2590       3       java.util.concurrent.atomic.AtomicInteger::<init> (5 bytes)
Event: 13.825 Thread 0x0000011fefc72000 nmethod 2590 0x0000011fdd792390 code [0x0000011fdd792540, 0x0000011fdd7926f8]
Event: 13.827 Thread 0x0000011fefc72000 2593       3       org.codehaus.groovy.reflection.CachedMethod::compareToCachedMethod (160 bytes)
Event: 13.829 Thread 0x0000011fefc72000 nmethod 2593 0x0000011fdd792810 code [0x0000011fdd792b60, 0x0000011fdd793e68]
Event: 13.829 Thread 0x0000011fefc72000 2592       3       org.codehaus.groovy.reflection.CachedMethod::compareTo (25 bytes)
Event: 13.830 Thread 0x0000011fefc72000 nmethod 2592 0x0000011fdd794690 code [0x0000011fdd794880, 0x0000011fdd794cd8]
Event: 13.834 Thread 0x0000011fefc72000 2594       3       org.codehaus.groovy.reflection.CachedClass::getCachedSuperClass (11 bytes)
Event: 13.835 Thread 0x0000011fefc72000 nmethod 2594 0x0000011fdd794e10 code [0x0000011fdd794fe0, 0x0000011fdd795288]
Event: 13.840 Thread 0x0000011fefc72000 2595       3       java.util.regex.Pattern$$Lambda$12/0x0000000100063440::is (9 bytes)
Event: 13.840 Thread 0x0000011fefc72000 nmethod 2595 0x0000011fdd795390 code [0x0000011fdd795560, 0x0000011fdd795798]
Event: 13.840 Thread 0x0000011fefc72000 2596       3       java.util.regex.Pattern::lambda$clazz$1 (22 bytes)
Event: 13.840 Thread 0x0000011fefc72000 nmethod 2596 0x0000011fdd795910 code [0x0000011fdd795ac0, 0x0000011fdd795c78]
Event: 13.851 Thread 0x0000011fefc72000 2597       3       java.nio.HeapByteBuffer::byteOffset (7 bytes)
Event: 13.851 Thread 0x0000011fefc72000 nmethod 2597 0x0000011fdd795d90 code [0x0000011fdd795f40, 0x0000011fdd796038]
Event: 13.853 Thread 0x0000011fefc72000 2599       3       org.codehaus.groovy.reflection.ParameterTypes::getParameterTypes (16 bytes)
Event: 13.853 Thread 0x0000011fefc72000 nmethod 2599 0x0000011fdd796110 code [0x0000011fdd7962c0, 0x0000011fdd796448]

GC Heap History (12 events):
Event: 1.345 GC heap before
{Heap before GC invocations=0 (full 0):
 garbage-first heap   total 262144K, used 19456K [0x00000000e0000000, 0x0000000100000000)
  region size 1024K, 14 young (14336K), 0 survivors (0K)
 Metaspace       used 7397K, capacity 7567K, committed 7680K, reserved 262144K
  class space    used 667K, capacity 716K, committed 768K, reserved 253952K
}
Event: 1.373 GC heap after
{Heap after GC invocations=1 (full 0):
 garbage-first heap   total 262144K, used 7959K [0x00000000e0000000, 0x0000000100000000)
  region size 1024K, 2 young (2048K), 2 survivors (2048K)
 Metaspace       used 7397K, capacity 7567K, committed 7680K, reserved 262144K
  class space    used 667K, capacity 716K, committed 768K, reserved 253952K
}
Event: 2.394 GC heap before
{Heap before GC invocations=1 (full 0):
 garbage-first heap   total 262144K, used 19223K [0x00000000e0000000, 0x0000000100000000)
  region size 1024K, 13 young (13312K), 2 survivors (2048K)
 Metaspace       used 10468K, capacity 10625K, committed 10752K, reserved 264192K
  class space    used 1099K, capacity 1163K, committed 1280K, reserved 253952K
}
Event: 2.397 GC heap after
{Heap after GC invocations=2 (full 0):
 garbage-first heap   total 262144K, used 8785K [0x00000000e0000000, 0x0000000100000000)
  region size 1024K, 1 young (1024K), 1 survivors (1024K)
 Metaspace       used 10468K, capacity 10625K, committed 10752K, reserved 264192K
  class space    used 1099K, capacity 1163K, committed 1280K, reserved 253952K
}
Event: 3.417 GC heap before
{Heap before GC invocations=2 (full 0):
 garbage-first heap   total 262144K, used 37457K [0x00000000e0000000, 0x0000000100000000)
  region size 1024K, 30 young (30720K), 1 survivors (1024K)
 Metaspace       used 10707K, capacity 10885K, committed 11008K, reserved 264192K
  class space    used 1104K, capacity 1164K, committed 1280K, reserved 253952K
}
Event: 3.421 GC heap after
{Heap after GC invocations=3 (full 0):
 garbage-first heap   total 262144K, used 13365K [0x00000000e0000000, 0x0000000100000000)
  region size 1024K, 4 young (4096K), 4 survivors (4096K)
 Metaspace       used 10707K, capacity 10885K, committed 11008K, reserved 264192K
  class space    used 1104K, capacity 1164K, committed 1280K, reserved 253952K
}
Event: 6.801 GC heap before
{Heap before GC invocations=3 (full 0):
 garbage-first heap   total 262144K, used 55349K [0x00000000e0000000, 0x0000000100000000)
  region size 1024K, 45 young (46080K), 4 survivors (4096K)
 Metaspace       used 18845K, capacity 19208K, committed 19328K, reserved 272384K
  class space    used 2250K, capacity 2396K, committed 2432K, reserved 253952K
}
Event: 6.811 GC heap after
{Heap after GC invocations=4 (full 0):
 garbage-first heap   total 262144K, used 15925K [0x00000000e0000000, 0x0000000100000000)
  region size 1024K, 3 young (3072K), 3 survivors (3072K)
 Metaspace       used 18845K, capacity 19208K, committed 19328K, reserved 272384K
  class space    used 2250K, capacity 2396K, committed 2432K, reserved 253952K
}
Event: 9.773 GC heap before
{Heap before GC invocations=4 (full 0):
 garbage-first heap   total 262144K, used 32309K [0x00000000e0000000, 0x0000000100000000)
  region size 1024K, 20 young (20480K), 3 survivors (3072K)
 Metaspace       used 20686K, capacity 21152K, committed 21296K, reserved 274432K
  class space    used 2521K, capacity 2688K, committed 2688K, reserved 253952K
}
Event: 9.782 GC heap after
{Heap after GC invocations=5 (full 0):
 garbage-first heap   total 262144K, used 16529K [0x00000000e0000000, 0x0000000100000000)
  region size 1024K, 4 young (4096K), 4 survivors (4096K)
 Metaspace       used 20686K, capacity 21152K, committed 21296K, reserved 274432K
  class space    used 2521K, capacity 2688K, committed 2688K, reserved 253952K
}
Event: 12.274 GC heap before
{Heap before GC invocations=6 (full 0):
 garbage-first heap   total 262144K, used 71825K [0x00000000e0000000, 0x0000000100000000)
  region size 1024K, 58 young (59392K), 4 survivors (4096K)
 Metaspace       used 26378K, capacity 26972K, committed 27184K, reserved 278528K
  class space    used 3454K, capacity 3654K, committed 3712K, reserved 253952K
}
Event: 12.282 GC heap after
{Heap after GC invocations=7 (full 0):
 garbage-first heap   total 262144K, used 18258K [0x00000000e0000000, 0x0000000100000000)
  region size 1024K, 6 young (6144K), 6 survivors (6144K)
 Metaspace       used 26378K, capacity 26972K, committed 27184K, reserved 278528K
  class space    used 3454K, capacity 3654K, committed 3712K, reserved 253952K
}

Deoptimization events (20 events):
Event: 11.891 Thread 0x0000011ff1550000 Uncommon trap: trap_request=0xffffff4d fr.pc=0x0000011fe481bde4 relative=0x00000000000001a4
Event: 11.891 Thread 0x0000011ff1550000 Uncommon trap: reason=unstable_if action=reinterpret pc=0x0000011fe481bde4 method=java.net.URI.match(CJJ)Z @ 19 c2
Event: 11.891 Thread 0x0000011ff1550000 DEOPT PACKING pc=0x0000011fe481bde4 sp=0x0000001d72dfac40
Event: 11.891 Thread 0x0000011ff1550000 DEOPT UNPACKING pc=0x0000011fdcd374af sp=0x0000001d72dfab40 mode 2
Event: 12.073 Thread 0x0000011ff1550000 Uncommon trap: trap_request=0xffffff4d fr.pc=0x0000011fe48bdf4c relative=0x000000000000020c
Event: 12.073 Thread 0x0000011ff1550000 Uncommon trap: reason=unstable_if action=reinterpret pc=0x0000011fe48bdf4c method=java.util.HashMap.hash(Ljava/lang/Object;)I @ 1 c2
Event: 12.073 Thread 0x0000011ff1550000 DEOPT PACKING pc=0x0000011fe48bdf4c sp=0x0000001d72df8180
Event: 12.073 Thread 0x0000011ff1550000 DEOPT UNPACKING pc=0x0000011fdcd374af sp=0x0000001d72df80b8 mode 2
Event: 12.100 Thread 0x0000011ff1550000 Uncommon trap: trap_request=0xffffff4d fr.pc=0x0000011fe485912c relative=0x000000000000008c
Event: 12.100 Thread 0x0000011ff1550000 Uncommon trap: reason=unstable_if action=reinterpret pc=0x0000011fe485912c method=java.util.HashMap.hash(Ljava/lang/Object;)I @ 1 c2
Event: 12.100 Thread 0x0000011ff1550000 DEOPT PACKING pc=0x0000011fe485912c sp=0x0000001d72df7ab0
Event: 12.100 Thread 0x0000011ff1550000 DEOPT UNPACKING pc=0x0000011fdcd374af sp=0x0000001d72df7a48 mode 2
Event: 12.474 Thread 0x0000011ff1550000 Uncommon trap: trap_request=0xffffff4d fr.pc=0x0000011fe482c588 relative=0x0000000000000a48
Event: 12.474 Thread 0x0000011ff1550000 Uncommon trap: reason=unstable_if action=reinterpret pc=0x0000011fe482c588 method=java.io.WinNTFileSystem.resolve(Ljava/lang/String;Ljava/lang/String;)Ljava/lang/String; @ 83 c2
Event: 12.474 Thread 0x0000011ff1550000 DEOPT PACKING pc=0x0000011fe482c588 sp=0x0000001d72df9850
Event: 12.474 Thread 0x0000011ff1550000 DEOPT UNPACKING pc=0x0000011fdcd374af sp=0x0000001d72df97f8 mode 2
Event: 13.850 Thread 0x0000011ff1550000 Uncommon trap: trap_request=0xffffff4d fr.pc=0x0000011fe48a5f5c relative=0x000000000000525c
Event: 13.851 Thread 0x0000011ff1550000 Uncommon trap: reason=unstable_if action=reinterpret pc=0x0000011fe48a5f5c method=jdk.internal.loader.BuiltinClassLoader.loadClassOrNull(Ljava/lang/String;Z)Ljava/lang/Class; @ 42 c2
Event: 13.851 Thread 0x0000011ff1550000 DEOPT PACKING pc=0x0000011fe48a5f5c sp=0x0000001d72df56c0
Event: 13.851 Thread 0x0000011ff1550000 DEOPT UNPACKING pc=0x0000011fdcd374af sp=0x0000001d72df5550 mode 2

Classes redefined (0 events):
No events

Internal exceptions (20 events):
Event: 10.214 Thread 0x0000011ff1550000 Exception <a 'java/lang/NoSuchMethodError'{0x00000000efa98fb0}: 'void java.lang.invoke.DirectMethodHandle$Holder.invokeSpecial(java.lang.Object, java.lang.Object)'> (0x00000000efa98fb0) thrown at [./src/hotspot/share/interpreter/linkResolver.cpp, line 773]
Event: 10.726 Thread 0x0000011ff1550000 Exception <a 'java/lang/NoSuchMethodError'{0x00000000eea107d8}: 'java.lang.Object java.lang.invoke.DirectMethodHandle$Holder.invokeVirtual(java.lang.Object, java.lang.Object, java.lang.Object, java.lang.Object)'> (0x00000000eea107d8) thrown at [./src/hotspot/share/interpreter/linkResolver.cpp, line 773]
Event: 10.745 Thread 0x0000011ff1550000 Exception <a 'java/lang/NoSuchMethodError'{0x00000000ee8a2418}: 'java.lang.Object java.lang.invoke.Invokers$Holder.invoker(java.lang.Object, java.lang.Object, java.lang.Object, java.lang.Object, java.lang.Object)'> (0x00000000ee8a2418) thrown at [./src/hotspot/share/interpreter/linkResolver.cpp, line 773]
Event: 10.822 Thread 0x0000011ff1550000 Exception <a 'java/lang/NoSuchMethodError'{0x00000000ee49dbc8}: 'void java.lang.invoke.DirectMethodHandle$Holder.invokeSpecial(java.lang.Object, java.lang.Object, java.lang.Object, java.lang.Object, java.lang.Object, java.lang.Object)'> (0x00000000ee49dbc8) thrown at [./src/hotspot/share/interpreter/linkResolver.cpp, line 773]
Event: 10.833 Thread 0x0000011ff1550000 Exception <a 'java/lang/NoSuchMethodError'{0x00000000ee301e60}: 'void java.lang.invoke.DirectMethodHandle$Holder.invokeSpecial(java.lang.Object, java.lang.Object, java.lang.Object, java.lang.Object, java.lang.Object, java.lang.Object, java.lang.Object)'> (0x00000000ee301e60) thrown at [./src/hotspot/share/interpreter/linkResolver.cpp, line 773]
Event: 10.834 Thread 0x0000011ff1550000 Exception <a 'java/lang/NoSuchMethodError'{0x00000000ee30a0a8}: 'java.lang.Object java.lang.invoke.Invokers$Holder.linkToTargetMethod(java.lang.Object, java.lang.Object, java.lang.Object, java.lang.Object, java.lang.Object, java.lang.Object)'> (0x00000000ee30a0a8) thrown at [./src/hotspot/share/interpreter/linkResolver.cpp, line 773]
Event: 10.946 Thread 0x0000011ff1550000 Exception <a 'java/lang/NoSuchMethodError'{0x00000000edf70eb8}: 'java.lang.Object java.lang.invoke.Invokers$Holder.invoker(java.lang.Object, java.lang.Object, java.lang.Object)'> (0x00000000edf70eb8) thrown at [./src/hotspot/share/interpreter/linkResolver.cpp, line 773]
Event: 11.449 Thread 0x0000011ff1550000 Exception <a 'java/lang/NoSuchMethodError'{0x00000000ed746550}: 'void java.lang.invoke.DirectMethodHandle$Holder.invokeStaticInit(java.lang.Object, java.lang.Object)'> (0x00000000ed746550) thrown at [./src/hotspot/share/interpreter/linkResolver.cpp, line 773]
Event: 11.834 Thread 0x0000011ff1550000 Exception <a 'java/lang/NoSuchMethodError'{0x00000000ed252798}: 'java.lang.Object java.lang.invoke.DirectMethodHandle$Holder.invokeStatic(java.lang.Object, java.lang.Object, java.lang.Object, int, java.lang.Object, java.lang.Object)'> (0x00000000ed252798) thrown at [./src/hotspot/share/interpreter/linkResolver.cpp, line 773]
Event: 11.835 Thread 0x0000011ff1550000 Exception <a 'java/lang/NoSuchMethodError'{0x00000000ed259b00}: 'java.lang.Object java.lang.invoke.Invokers$Holder.linkToTargetMethod(java.lang.Object, java.lang.Object, int, java.lang.Object, java.lang.Object, java.lang.Object)'> (0x00000000ed259b00) thrown at [./src/hotspot/share/interpreter/linkResolver.cpp, line 773]
Event: 11.859 Thread 0x0000011ff1550000 Exception <a 'java/lang/NoSuchMethodError'{0x00000000ed1b6218}: 'void java.lang.invoke.DirectMethodHandle$Holder.invokeSpecial(java.lang.Object, java.lang.Object, java.lang.Object, java.lang.Object)'> (0x00000000ed1b6218) thrown at [./src/hotspot/share/interpreter/linkResolver.cpp, line 773]
Event: 12.073 Thread 0x0000011ff1550000 Implicit null exception at 0x0000011fe48bdd75 to 0x0000011fe48bdf3c
Event: 12.100 Thread 0x0000011ff1550000 Implicit null exception at 0x0000011fe48590af to 0x0000011fe485911d
Event: 12.287 Thread 0x0000011ff1550000 Exception <a 'java/lang/NoSuchMethodError'{0x00000000eff45668}: 'java.lang.Object java.lang.invoke.DirectMethodHandle$Holder.invokeSpecialIFC(java.lang.Object, java.lang.Object, java.lang.Object, java.lang.Object)'> (0x00000000eff45668) thrown at [./src/hotspot/share/interpreter/linkResolver.cpp, line 773]
Event: 12.308 Thread 0x0000011ff1550000 Exception <a 'java/lang/NoSuchMethodError'{0x00000000efe5bf88}: 'java.lang.Object java.lang.invoke.DirectMethodHandle$Holder.invokeSpecial(java.lang.Object, java.lang.Object, java.lang.Object, java.lang.Object, java.lang.Object, java.lang.Object, java.lang.Object, java.lang.Object, java.lang.Object, java.lang.Object, java.lang.Object, java.lang.Object, java.lang.Object)'> (0x00000000efe5bf88) thrown at [./src/hotspot/share/interpreter/linkResolver.cpp, line 773]
Event: 12.313 Thread 0x0000011ff1550000 Exception <a 'java/lang/NoSuchMethodError'{0x00000000efe6d210}: 'java.lang.Object java.lang.invoke.DirectMethodHandle$Holder.invokeSpecial(java.lang.Object, java.lang.Object, java.lang.Object, java.lang.Object, java.lang.Object, java.lang.Object, java.lang.Object, java.lang.Object, java.lang.Object, java.lang.Object, java.lang.Object, java.lang.Object)'> (0x00000000efe6d210) thrown at [./src/hotspot/share/interpreter/linkResolver.cpp, line 773]
Event: 12.314 Thread 0x0000011ff1550000 Exception <a 'java/lang/NoSuchMethodError'{0x00000000efe72338}: 'java.lang.Object java.lang.invoke.Invokers$Holder.linkToTargetMethod(java.lang.Object, java.lang.Object, java.lang.Object, java.lang.Object, java.lang.Object, java.lang.Object, java.lang.Object, java.lang.Object, java.lang.Object, java.lang.Object, java.lang.Object)'> (0x00000000efe72338) thrown at [./src/hotspot/share/interpreter/linkResolver.cpp, line 773]
Event: 12.357 Thread 0x0000011ff1550000 Exception <a 'java/lang/NoSuchMethodError'{0x00000000efc799b0}: 'java.lang.Object java.lang.invoke.DirectMethodHandle$Holder.invokeSpecial(java.lang.Object, java.lang.Object, java.lang.Object, java.lang.Object, java.lang.Object, java.lang.Object, java.lang.Object, java.lang.Object, java.lang.Object, java.lang.Object, java.lang.Object, java.lang.Object, java.lang.Object, java.lang.Object)'> (0x00000000efc799b0) thrown at [./src/hotspot/share/interpreter/linkResolver.cpp, line 773]
Event: 12.359 Thread 0x0000011ff1550000 Exception <a 'java/lang/NoSuchMethodError'{0x00000000efc8b1f0}: 'java.lang.Object java.lang.invoke.Invokers$Holder.linkToTargetMethod(java.lang.Object, java.lang.Object, java.lang.Object, java.lang.Object, java.lang.Object, java.lang.Object, java.lang.Object, java.lang.Object, java.lang.Object, java.lang.Object, java.lang.Object, java.lang.Object)'> (0x00000000efc8b1f0) thrown at [./src/hotspot/share/interpreter/linkResolver.cpp, line 773]
Event: 12.368 Thread 0x0000011ff1550000 Exception <a 'java/lang/NoSuchMethodError'{0x00000000efb0fb58}: 'java.lang.Object java.lang.invoke.DirectMethodHandle$Holder.invokeStaticInit(java.lang.Object, java.lang.Object, java.lang.Object, java.lang.Object)'> (0x00000000efb0fb58) thrown at [./src/hotspot/share/interpreter/linkResolver.cpp, line 773]

Events (20 events):
Event: 13.850 loading class org/codehaus/groovy/jsr223/ScriptStaticExtensions done
Event: 13.850 Executing VM operation: RevokeBias
Event: 13.851 Executing VM operation: RevokeBias done
Event: 13.851 Executing VM operation: RevokeBias
Event: 13.851 Executing VM operation: RevokeBias done
Event: 13.852 loading class java/time/Instant
Event: 13.852 loading class java/time/temporal/Temporal
Event: 13.852 loading class java/time/temporal/TemporalAccessor
Event: 13.852 loading class java/time/temporal/TemporalAccessor done
Event: 13.852 loading class java/time/temporal/Temporal done
Event: 13.852 loading class java/time/temporal/TemporalAdjuster
Event: 13.852 loading class java/time/temporal/TemporalAdjuster done
Event: 13.852 loading class java/time/Instant done
Event: 13.852 loading class org/codehaus/groovy/runtime/metaclass/MethodHelper
Event: 13.852 loading class org/codehaus/groovy/runtime/metaclass/MethodHelper done
Event: 13.853 loading class java/time/temporal/TemporalField
Event: 13.853 loading class java/time/temporal/TemporalField done
Event: 13.853 loading class java/time/chrono/ChronoPeriod
Event: 13.854 loading class java/time/chrono/ChronoPeriod done
Event: 13.854 loading class java/time/ZonedDateTime


Dynamic libraries:
0x00007ff633d00000 - 0x00007ff633d0a000 	C:\Program Files\Android\Android Studio\jre\bin\java.exe
0x00007ff9a8dd0000 - 0x00007ff9a8fc5000 	C:\Windows\SYSTEM32\ntdll.dll
0x00007ff9a86c0000 - 0x00007ff9a877d000 	C:\Windows\System32\KERNEL32.DLL
0x00007ff9a69a0000 - 0x00007ff9a6c69000 	C:\Windows\System32\KERNELBASE.dll
0x00007ff992b50000 - 0x00007ff992b69000 	C:\Program Files\Android\Android Studio\jre\bin\jli.dll
0x00007ff9a6800000 - 0x00007ff9a6900000 	C:\Windows\System32\ucrtbase.dll
0x00007ff9a8780000 - 0x00007ff9a8920000 	C:\Windows\System32\USER32.dll
0x00007ff985800000 - 0x00007ff985817000 	C:\Program Files\Android\Android Studio\jre\bin\VCRUNTIME140.dll
0x00007ff995ee0000 - 0x00007ff99617a000 	C:\Windows\WinSxS\amd64_microsoft.windows.common-controls_6595b64144ccf1df_6.0.19041.1110_none_60b5254171f9507e\COMCTL32.dll
0x00007ff9a65b0000 - 0x00007ff9a65d2000 	C:\Windows\System32\win32u.dll
0x00007ff9a7cf0000 - 0x00007ff9a7d8e000 	C:\Windows\System32\msvcrt.dll
0x00007ff9a6e30000 - 0x00007ff9a6e5a000 	C:\Windows\System32\GDI32.dll
0x00007ff9a6630000 - 0x00007ff9a673b000 	C:\Windows\System32\gdi32full.dll
0x00007ff9a6900000 - 0x00007ff9a699d000 	C:\Windows\System32\msvcp_win.dll
0x00007ff9a8690000 - 0x00007ff9a86c0000 	C:\Windows\System32\IMM32.DLL
0x00007ff971470000 - 0x00007ff97150d000 	C:\Program Files\Android\Android Studio\jre\bin\msvcp140.dll
0x00007ff94e810000 - 0x00007ff94f2cc000 	C:\Program Files\Android\Android Studio\jre\bin\server\jvm.dll
0x00007ff9a7270000 - 0x00007ff9a731c000 	C:\Windows\System32\ADVAPI32.dll
0x00007ff9a71d0000 - 0x00007ff9a726b000 	C:\Windows\System32\sechost.dll
0x00007ff9a70a0000 - 0x00007ff9a71ca000 	C:\Windows\System32\RPCRT4.dll
0x00007ff9a76b0000 - 0x00007ff9a76b8000 	C:\Windows\System32\PSAPI.DLL
0x00007ff98da60000 - 0x00007ff98da87000 	C:\Windows\SYSTEM32\WINMM.dll
0x00007ff9a0890000 - 0x00007ff9a0899000 	C:\Windows\SYSTEM32\WSOCK32.dll
0x00007ff9a7640000 - 0x00007ff9a76ab000 	C:\Windows\System32\WS2_32.dll
0x00007ff996950000 - 0x00007ff99695a000 	C:\Windows\SYSTEM32\VERSION.dll
0x00007ff9a4410000 - 0x00007ff9a4422000 	C:\Windows\SYSTEM32\kernel.appcore.dll
0x00007ff99b070000 - 0x00007ff99b081000 	C:\Program Files\Android\Android Studio\jre\bin\verify.dll
0x00007ff9a3dc0000 - 0x00007ff9a3fa4000 	C:\Windows\SYSTEM32\DBGHELP.DLL
0x00007ff990e80000 - 0x00007ff990eac000 	C:\Windows\SYSTEM32\dbgcore.DLL
0x00007ff9a6770000 - 0x00007ff9a67f3000 	C:\Windows\System32\bcryptPrimitives.dll
0x00007ff99b000000 - 0x00007ff99b029000 	C:\Program Files\Android\Android Studio\jre\bin\java.dll
0x00007ff9a20f0000 - 0x00007ff9a20fb000 	C:\Program Files\Android\Android Studio\jre\bin\jimage.dll
0x00007ff99af60000 - 0x00007ff99af78000 	C:\Program Files\Android\Android Studio\jre\bin\zip.dll
0x00007ff9a7e20000 - 0x00007ff9a855f000 	C:\Windows\System32\SHELL32.dll
0x00007ff9a4610000 - 0x00007ff9a4da0000 	C:\Windows\SYSTEM32\windows.storage.dll
0x00007ff9a8920000 - 0x00007ff9a8c75000 	C:\Windows\System32\combase.dll
0x00007ff9a5f60000 - 0x00007ff9a5f8c000 	C:\Windows\SYSTEM32\Wldp.dll
0x00007ff9a8ce0000 - 0x00007ff9a8d8e000 	C:\Windows\System32\SHCORE.dll
0x00007ff9a6e60000 - 0x00007ff9a6eb5000 	C:\Windows\System32\shlwapi.dll
0x00007ff9a6440000 - 0x00007ff9a645f000 	C:\Windows\SYSTEM32\profapi.dll
0x00007ff999f50000 - 0x00007ff999f6a000 	C:\Program Files\Android\Android Studio\jre\bin\net.dll
0x00007ff99b570000 - 0x00007ff99b678000 	C:\Windows\SYSTEM32\WINHTTP.dll
0x00007ff9a5cc0000 - 0x00007ff9a5d2a000 	C:\Windows\system32\mswsock.dll
0x00007ff999f30000 - 0x00007ff999f44000 	C:\Program Files\Android\Android Studio\jre\bin\nio.dll
0x00007ff991f50000 - 0x00007ff991f77000 	C:\Users\Malikzain\.gradle\native\49d0259a56938c7f99b2704e745ce422c4f750a7a20b539a32ccef96729676b1\windows-amd64\native-platform.dll
0x00007ff9744f0000 - 0x00007ff974686000 	C:\Users\Malikzain\.gradle\native\12488b8bf47d2d4c9fbf2f6322a914ad602e24e48041cd04a747c6da556b65c4\windows-amd64\native-platform-file-events.dll
0x00007ff99b180000 - 0x00007ff99b18a000 	C:\Program Files\Android\Android Studio\jre\bin\management.dll
0x00007ff99af00000 - 0x00007ff99af0c000 	C:\Program Files\Android\Android Studio\jre\bin\management_ext.dll
0x00007ff9a5eb0000 - 0x00007ff9a5ec8000 	C:\Windows\SYSTEM32\CRYPTSP.dll
0x00007ff9a55d0000 - 0x00007ff9a5604000 	C:\Windows\system32\rsaenh.dll
0x00007ff9a6740000 - 0x00007ff9a6767000 	C:\Windows\System32\bcrypt.dll
0x00007ff9a63c0000 - 0x00007ff9a63ee000 	C:\Windows\SYSTEM32\USERENV.dll
0x00007ff9a5ed0000 - 0x00007ff9a5edc000 	C:\Windows\SYSTEM32\CRYPTBASE.dll
0x00007ff9a5960000 - 0x00007ff9a599b000 	C:\Windows\SYSTEM32\IPHLPAPI.DLL
0x00007ff9a6fe0000 - 0x00007ff9a6fe8000 	C:\Windows\System32\NSI.dll
0x00007ff99ceb0000 - 0x00007ff99cec7000 	C:\Windows\SYSTEM32\dhcpcsvc6.DLL
0x00007ff99cf80000 - 0x00007ff99cf9d000 	C:\Windows\SYSTEM32\dhcpcsvc.DLL
0x00007ff9a59b0000 - 0x00007ff9a5a7c000 	C:\Windows\SYSTEM32\DNSAPI.dll

dbghelp: loaded successfully - version: 4.0.5 - missing functions: none
symbol engine: initialized successfully - sym options: 0x614 - pdb path: .;C:\Program Files\Android\Android Studio\jre\bin;C:\Windows\SYSTEM32;C:\Windows\WinSxS\amd64_microsoft.windows.common-controls_6595b64144ccf1df_6.0.19041.1110_none_60b5254171f9507e;C:\Program Files\Android\Android Studio\jre\bin\server;C:\Users\Malikzain\.gradle\native\49d0259a56938c7f99b2704e745ce422c4f750a7a20b539a32ccef96729676b1\windows-amd64;C:\Users\Malikzain\.gradle\native\12488b8bf47d2d4c9fbf2f6322a914ad602e24e48041cd04a747c6da556b65c4\windows-amd64

VM Arguments:
jvm_args: --add-opens=java.base/java.util=ALL-UNNAMED --add-opens=java.base/java.lang=ALL-UNNAMED --add-opens=java.base/java.lang.invoke=ALL-UNNAMED --add-opens=java.prefs/java.util.prefs=ALL-UNNAMED -XX:MaxMetaspaceSize=256m -XX:+HeapDumpOnOutOfMemoryError -Xms256m -Xmx512m -Dfile.encoding=windows-1252 -Duser.country=US -Duser.language=en -Duser.variant 
java_command: org.gradle.launcher.daemon.bootstrap.GradleDaemon 6.9
java_class_path (initial): C:\Users\Malikzain\.gradle\wrapper\dists\gradle-6.9-all\dooywd8nv05k16orzxge2b1bs\gradle-6.9\lib\gradle-launcher-6.9.jar
Launcher Type: SUN_STANDARD

[Global flags]
     intx CICompilerCount                          = 3                                         {product} {ergonomic}
   size_t CompressedClassSpaceSize                 = 260046848                                 {product} {ergonomic}
     uint ConcGCThreads                            = 1                                         {product} {ergonomic}
     uint G1ConcRefinementThreads                  = 4                                         {product} {ergonomic}
   size_t G1HeapRegionSize                         = 1048576                                   {product} {ergonomic}
    uintx GCDrainStackTargetSize                   = 64                                        {product} {ergonomic}
     bool HeapDumpOnOutOfMemoryError               = true                                   {manageable} {command line}
   size_t InitialHeapSize                          = 268435456                                 {product} {command line}
   size_t MarkStackSize                            = 4194304                                   {product} {ergonomic}
   size_t MaxHeapSize                              = 536870912                                 {product} {command line}
   size_t MaxMetaspaceSize                         = 268435456                                 {product} {command line}
   size_t MaxNewSize                               = 321912832                                 {product} {ergonomic}
   size_t MinHeapDeltaBytes                        = 1048576                                   {product} {ergonomic}
    uintx NonNMethodCodeHeapSize                   = 5830732                                {pd product} {ergonomic}
    uintx NonProfiledCodeHeapSize                  = 122913754                              {pd product} {ergonomic}
    uintx ProfiledCodeHeapSize                     = 122913754                              {pd product} {ergonomic}
    uintx ReservedCodeCacheSize                    = 251658240                              {pd product} {ergonomic}
     bool SegmentedCodeCache                       = true                                      {product} {ergonomic}
     bool UseCompressedClassPointers               = true                                 {lp64_product} {ergonomic}
     bool UseCompressedOops                        = true                                 {lp64_product} {ergonomic}
     bool UseG1GC                                  = true                                      {product} {ergonomic}
     bool UseLargePagesIndividualAllocation        = false                                  {pd product} {ergonomic}

Logging:
Log output configuration:
 #0: stdout all=warning uptime,level,tags
 #1: stderr all=off uptime,level,tags

Environment Variables:
PATH=C:\Program Files (x86)\Common Files\Oracle\Java\javapath;C:\Windows\system32;C:\Windows;C:\Windows\System32\Wbem;C:\Windows\System32\WindowsPowerShell\v1.0\;C:\Windows\System32\OpenSSH\;C:\Program Files\Git\cmd;E:\Android\Sdk;E:\Android\Sdk\platform-tools;E:\Android\Sdk\emulator;C:\Program Files\nodejs\;C:\Users\Malikzain\AppData\Roaming\npm;C:\Program Files\Java\jdk-12.0.2\bin;C:\Program Files\dotnet\;C:\Users\Malikzain\AppData\Local\Programs\Python\Python38\Scripts\;C:\Users\Malikzain\AppData\Local\Programs\Python\Python38\;C:\Users\Malikzain\AppData\Local\Microsoft\WindowsApps;;C:\Users\Malikzain\AppData\Local\Programs\Microsoft VS Code\bin;C:\Users\Malikzain\AppData\Roaming\npm
USERNAME=Malikzain
OS=Windows_NT
PROCESSOR_IDENTIFIER=Intel64 Family 6 Model 60 Stepping 3, GenuineIntel



---------------  S Y S T E M  ---------------

OS: Windows 10 , 64 bit Build 19041 (10.0.19041.1151)
OS uptime: 0 days 16:36 hours

CPU:total 4 (initial active 4) (2 cores per cpu, 2 threads per core) family 6 model 60 stepping 3, cmov, cx8, fxsr, mmx, sse, sse2, sse3, ssse3, sse4.1, sse4.2, popcnt, avx, avx2, aes, clmul, erms, lzcnt, ht, tsc, tscinvbit, bmi1, bmi2, fma

Memory: 4k page, system-wide physical 8089M (540M free)
TotalPageFile size 10137M (AvailPageFile size 0M)
current process WorkingSet (physical memory assigned to process): 207M, peak: 207M
current process commit charge ("private bytes"): 415M, peak: 416M

vm_info: OpenJDK 64-Bit Server VM (11.0.8+10-b944.6842174) for windows-amd64 JRE (11.0.8+10-b944.6842174), built on Sep 19 2020 01:11:42 by "builder" with MS VC++ 14.0 (VS2015)

END.
